Started by user [8mha:////4INu23VjzAQGz/QwOsVfDUwAMGkwIpT4vuMoLfZN2Qh6AAAAlx+LCAAAAAAAAP9b85aBtbiIQTGjNKU4P08vOT+vOD8nVc83PyU1x6OyILUoJzMv2y+/JJUBAhiZGBgqihhk0NSjKDWzXb3RdlLBUSYGJk8GtpzUvPSSDB8G5tKinBIGIZ+sxLJE/ZzEvHT94JKizLx0a6BxUmjGOUNodHsLgAzWEgZu/dLi1CL9xJTczDwAj6GcLcAAAAA=[0madmin
Running as SYSTEM
Building in workspace C:\Program Files (x86)\Jenkins\workspace\FeedbackMgmtSystem
[WS-CLEANUP] Deleting project workspace...
[WS-CLEANUP] Deferred wipeout is used...
[WS-CLEANUP] Done
No credentials specified
Cloning the remote Git repository
Cloning repository https://github.com/NivethaSKumar/ProjectRepo.git
 > git.exe init C:\Program Files (x86)\Jenkins\workspace\FeedbackMgmtSystem # timeout=10
Fetching upstream changes from https://github.com/NivethaSKumar/ProjectRepo.git
 > git.exe --version # timeout=10
 > git.exe fetch --tags --force --progress -- https://github.com/NivethaSKumar/ProjectRepo.git +refs/heads/*:refs/remotes/origin/* # timeout=10
 > git.exe config remote.origin.url https://github.com/NivethaSKumar/ProjectRepo.git # timeout=10
 > git.exe config --add remote.origin.fetch +refs/heads/*:refs/remotes/origin/* # timeout=10
 > git.exe config remote.origin.url https://github.com/NivethaSKumar/ProjectRepo.git # timeout=10
Fetching upstream changes from https://github.com/NivethaSKumar/ProjectRepo.git
 > git.exe fetch --tags --force --progress -- https://github.com/NivethaSKumar/ProjectRepo.git +refs/heads/*:refs/remotes/origin/* # timeout=10
 > git.exe rev-parse "refs/remotes/origin/master^{commit}" # timeout=10
 > git.exe rev-parse "refs/remotes/origin/origin/master^{commit}" # timeout=10
Checking out Revision 3490176b6172104c90cd3a3c34d4a8db07e90199 (refs/remotes/origin/master)
 > git.exe config core.sparsecheckout # timeout=10
 > git.exe checkout -f 3490176b6172104c90cd3a3c34d4a8db07e90199 # timeout=10
Commit message: "Add files via upload"
 > git.exe rev-list --no-walk 3490176b6172104c90cd3a3c34d4a8db07e90199 # timeout=10
[FeedbackMgmtSystem] $ cmd.exe /C "mvn clean install && exit %%ERRORLEVEL%%"
[INFO] Scanning for projects...
[INFO] 
[INFO] ------------------------------------------------------------------------
[INFO] Building FeedbackSystem 0.0.1-SNAPSHOT
[INFO] ------------------------------------------------------------------------
[INFO] 
[8mha:////4FbkvcGRJ6QK1nw0Cf4isfuowtoQFnqKGjyQPyoJ98MyAAAAYB+LCAAAAAAAAP9b85aBtbiIQSmjNKU4P0+vJLE4u1gvPjexLDVPzxdEGvvmZ+X75ZekLlOVfvTjc8FPJgaGiiIGKaiG5Py84vycVD1nCA1SyAABjCCFBQCV27OjYAAAAA==[0m[INFO] --- maven-clean-plugin:3.1.0:clean (default-clean) @ FeedbackSystem ---
[INFO] 
[8mha:////4FbkvcGRJ6QK1nw0Cf4isfuowtoQFnqKGjyQPyoJ98MyAAAAYB+LCAAAAAAAAP9b85aBtbiIQSmjNKU4P0+vJLE4u1gvPjexLDVPzxdEGvvmZ+X75ZekLlOVfvTjc8FPJgaGiiIGKaiG5Py84vycVD1nCA1SyAABjCCFBQCV27OjYAAAAA==[0m[INFO] --- maven-resources-plugin:3.1.0:resources (default-resources) @ FeedbackSystem ---
[INFO] Using 'UTF-8' encoding to copy filtered resources.
[INFO] Copying 1 resource
[INFO] Copying 0 resource
[INFO] 
[8mha:////4FbkvcGRJ6QK1nw0Cf4isfuowtoQFnqKGjyQPyoJ98MyAAAAYB+LCAAAAAAAAP9b85aBtbiIQSmjNKU4P0+vJLE4u1gvPjexLDVPzxdEGvvmZ+X75ZekLlOVfvTjc8FPJgaGiiIGKaiG5Py84vycVD1nCA1SyAABjCCFBQCV27OjYAAAAA==[0m[INFO] --- maven-compiler-plugin:3.8.1:compile (default-compile) @ FeedbackSystem ---
[INFO] Changes detected - recompiling the module!
[INFO] Compiling 16 source files to C:\Program Files (x86)\Jenkins\workspace\FeedbackMgmtSystem\target\classes
[INFO] 
[8mha:////4FbkvcGRJ6QK1nw0Cf4isfuowtoQFnqKGjyQPyoJ98MyAAAAYB+LCAAAAAAAAP9b85aBtbiIQSmjNKU4P0+vJLE4u1gvPjexLDVPzxdEGvvmZ+X75ZekLlOVfvTjc8FPJgaGiiIGKaiG5Py84vycVD1nCA1SyAABjCCFBQCV27OjYAAAAA==[0m[INFO] --- maven-resources-plugin:3.1.0:testResources (default-testResources) @ FeedbackSystem ---
[INFO] Using 'UTF-8' encoding to copy filtered resources.
[INFO] skip non existing resourceDirectory C:\Program Files (x86)\Jenkins\workspace\FeedbackMgmtSystem\src\test\resources
[INFO] 
[8mha:////4FbkvcGRJ6QK1nw0Cf4isfuowtoQFnqKGjyQPyoJ98MyAAAAYB+LCAAAAAAAAP9b85aBtbiIQSmjNKU4P0+vJLE4u1gvPjexLDVPzxdEGvvmZ+X75ZekLlOVfvTjc8FPJgaGiiIGKaiG5Py84vycVD1nCA1SyAABjCCFBQCV27OjYAAAAA==[0m[INFO] --- maven-compiler-plugin:3.8.1:testCompile (default-testCompile) @ FeedbackSystem ---
[INFO] Changes detected - recompiling the module!
[INFO] Compiling 3 source files to C:\Program Files (x86)\Jenkins\workspace\FeedbackMgmtSystem\target\test-classes
[INFO] 
[8mha:////4FbkvcGRJ6QK1nw0Cf4isfuowtoQFnqKGjyQPyoJ98MyAAAAYB+LCAAAAAAAAP9b85aBtbiIQSmjNKU4P0+vJLE4u1gvPjexLDVPzxdEGvvmZ+X75ZekLlOVfvTjc8FPJgaGiiIGKaiG5Py84vycVD1nCA1SyAABjCCFBQCV27OjYAAAAA==[0m[INFO] --- maven-surefire-plugin:2.22.2:test (default-test) @ FeedbackSystem ---
[INFO] 
[INFO] -------------------------------------------------------
[INFO]  T E S T S
[INFO] -------------------------------------------------------
[INFO] Running com.example.demo.controller.test.FeedbackMgmtSystemControllerTest
Data is saved in excel file.
Data is saved in excel file.
[INFO] Tests run: 10, Failures: 0, Errors: 0, Skipped: 0, Time elapsed: 2.117 s - in com.example.demo.controller.test.FeedbackMgmtSystemControllerTest
[INFO] Running com.example.demo.FeedbackSystemApplicationTest
[INFO] Tests run: 1, Failures: 0, Errors: 0, Skipped: 0, Time elapsed: 0 s - in com.example.demo.FeedbackSystemApplicationTest
[INFO] Running com.example.demo.service.test.FeedbackMgmtSystemServiceTest
[INFO] Tests run: 8, Failures: 0, Errors: 0, Skipped: 0, Time elapsed: 0.001 s - in com.example.demo.service.test.FeedbackMgmtSystemServiceTest
[INFO] 
[INFO] Results:
[INFO] 
[INFO] Tests run: 19, Failures: 0, Errors: 0, Skipped: 0
[INFO] 
[INFO] 
[8mha:////4FbkvcGRJ6QK1nw0Cf4isfuowtoQFnqKGjyQPyoJ98MyAAAAYB+LCAAAAAAAAP9b85aBtbiIQSmjNKU4P0+vJLE4u1gvPjexLDVPzxdEGvvmZ+X75ZekLlOVfvTjc8FPJgaGiiIGKaiG5Py84vycVD1nCA1SyAABjCCFBQCV27OjYAAAAA==[0m[INFO] --- maven-jar-plugin:3.1.2:jar (default-jar) @ FeedbackSystem ---
[INFO] Building jar: C:\Program Files (x86)\Jenkins\workspace\FeedbackMgmtSystem\target\FeedbackSystem-0.0.1-SNAPSHOT.jar
[INFO] 
[8mha:////4FbkvcGRJ6QK1nw0Cf4isfuowtoQFnqKGjyQPyoJ98MyAAAAYB+LCAAAAAAAAP9b85aBtbiIQSmjNKU4P0+vJLE4u1gvPjexLDVPzxdEGvvmZ+X75ZekLlOVfvTjc8FPJgaGiiIGKaiG5Py84vycVD1nCA1SyAABjCCFBQCV27OjYAAAAA==[0m[INFO] --- spring-boot-maven-plugin:2.2.4.RELEASE:repackage (repackage) @ FeedbackSystem ---
[INFO] Replacing main artifact with repackaged archive
[INFO] 
[8mha:////4FbkvcGRJ6QK1nw0Cf4isfuowtoQFnqKGjyQPyoJ98MyAAAAYB+LCAAAAAAAAP9b85aBtbiIQSmjNKU4P0+vJLE4u1gvPjexLDVPzxdEGvvmZ+X75ZekLlOVfvTjc8FPJgaGiiIGKaiG5Py84vycVD1nCA1SyAABjCCFBQCV27OjYAAAAA==[0m[INFO] --- maven-install-plugin:2.5.2:install (default-install) @ FeedbackSystem ---
[INFO] Installing C:\Program Files (x86)\Jenkins\workspace\FeedbackMgmtSystem\target\FeedbackSystem-0.0.1-SNAPSHOT.jar to C:\Windows\system32\config\systemprofile\.m2\repository\com\example\FeedbackSystem\0.0.1-SNAPSHOT\FeedbackSystem-0.0.1-SNAPSHOT.jar
[INFO] Installing C:\Program Files (x86)\Jenkins\workspace\FeedbackMgmtSystem\pom.xml to C:\Windows\system32\config\systemprofile\.m2\repository\com\example\FeedbackSystem\0.0.1-SNAPSHOT\FeedbackSystem-0.0.1-SNAPSHOT.pom
[INFO] ------------------------------------------------------------------------
[INFO] BUILD SUCCESS
[INFO] ------------------------------------------------------------------------
[INFO] Total time: 01:27 min
[INFO] Finished at: 2020-06-19T18:16:07+05:30
[INFO] Final Memory: 38M/118M
[INFO] ------------------------------------------------------------------------
[FeedbackMgmtSystem] $ cmd /c call C:\Windows\TEMP\jenkins2026511689122536215.bat

C:\Program Files (x86)\Jenkins\workspace\FeedbackMgmtSystem>docker build -t feedbackmgtsys:latest .  
time="2020-06-19T18:16:16+05:30" level=error msg="Can't add file \\\\?\\C:\\Program Files (x86)\\Jenkins\\workspace\\FeedbackMgmtSystem\\.git\\hooks\\update.sample to tar: io: read/write on closed pipe"
time="2020-06-19T18:16:16+05:30" level=error msg="Can't close tar writer: io: read/write on closed pipe"
error during connect: Post http://%2F%2F.%2Fpipe%2Fdocker_engine/v1.40/build?buildargs=%7B%7D&cachefrom=%5B%5D&cgroupparent=&cpuperiod=0&cpuquota=0&cpusetcpus=&cpusetmems=&cpushares=0&dockerfile=Dockerfile&labels=%7B%7D&memory=0&memswap=0&networkmode=default&rm=1&session=z4zgvgcxgb6lhhj1g6ug0qgws&shmsize=0&t=feedbackmgtsys%3Alatest&target=&ulimits=null&version=1: open //./pipe/docker_engine: The system cannot find the file specified. In the default daemon configuration on Windows, the docker client must be run elevated to connect. This error may also indicate that the docker daemon is not running.

C:\Program Files (x86)\Jenkins\workspace\FeedbackMgmtSystem>docker tag feedbackmgtsys:latest  nivethasiva/feedback-mgmt-sys-repo:0.1 
error during connect: Post http://%2F%2F.%2Fpipe%2Fdocker_engine/v1.40/images/feedbackmgtsys:latest/tag?repo=nivethasiva%2Ffeedback-mgmt-sys-repo&tag=0.1: open //./pipe/docker_engine: The system cannot find the file specified. In the default daemon configuration on Windows, the docker client must be run elevated to connect. This error may also indicate that the docker daemon is not running.

C:\Program Files (x86)\Jenkins\workspace\FeedbackMgmtSystem>exit 1 
Build step 'Execute Windows batch command' marked build as failure
Finished: FAILURE
