Started by user [8mha:////4INu23VjzAQGz/QwOsVfDUwAMGkwIpT4vuMoLfZN2Qh6AAAAlx+LCAAAAAAAAP9b85aBtbiIQTGjNKU4P08vOT+vOD8nVc83PyU1x6OyILUoJzMv2y+/JJUBAhiZGBgqihhk0NSjKDWzXb3RdlLBUSYGJk8GtpzUvPSSDB8G5tKinBIGIZ+sxLJE/ZzEvHT94JKizLx0a6BxUmjGOUNodHsLgAzWEgZu/dLi1CL9xJTczDwAj6GcLcAAAAA=[0madmin
Running as SYSTEM
Building in workspace C:\Program Files (x86)\Jenkins\workspace\FeedbackMgmtSystem
[WS-CLEANUP] Deleting project workspace...
[WS-CLEANUP] Deferred wipeout is used...
[WS-CLEANUP] Done
No credentials specified
Cloning the remote Git repository
Cloning repository https://github.com/NivethaSKumar/ProjectRepo.git
 > git.exe init C:\Program Files (x86)\Jenkins\workspace\FeedbackMgmtSystem # timeout=10
Fetching upstream changes from https://github.com/NivethaSKumar/ProjectRepo.git
 > git.exe --version # timeout=10
 > git.exe fetch --tags --force --progress -- https://github.com/NivethaSKumar/ProjectRepo.git +refs/heads/*:refs/remotes/origin/* # timeout=10
 > git.exe config remote.origin.url https://github.com/NivethaSKumar/ProjectRepo.git # timeout=10
 > git.exe config --add remote.origin.fetch +refs/heads/*:refs/remotes/origin/* # timeout=10
 > git.exe config remote.origin.url https://github.com/NivethaSKumar/ProjectRepo.git # timeout=10
Fetching upstream changes from https://github.com/NivethaSKumar/ProjectRepo.git
 > git.exe fetch --tags --force --progress -- https://github.com/NivethaSKumar/ProjectRepo.git +refs/heads/*:refs/remotes/origin/* # timeout=10
 > git.exe rev-parse "refs/remotes/origin/master^{commit}" # timeout=10
 > git.exe rev-parse "refs/remotes/origin/origin/master^{commit}" # timeout=10
Checking out Revision 3490176b6172104c90cd3a3c34d4a8db07e90199 (refs/remotes/origin/master)
 > git.exe config core.sparsecheckout # timeout=10
 > git.exe checkout -f 3490176b6172104c90cd3a3c34d4a8db07e90199 # timeout=10
Commit message: "Add files via upload"
 > git.exe rev-list --no-walk 3490176b6172104c90cd3a3c34d4a8db07e90199 # timeout=10
[FeedbackMgmtSystem] $ cmd.exe /C "mvn clean install && exit %%ERRORLEVEL%%"
[INFO] Scanning for projects...
[INFO] 
[INFO] ------------------------------------------------------------------------
[INFO] Building FeedbackSystem 0.0.1-SNAPSHOT
[INFO] ------------------------------------------------------------------------
[INFO] 
[8mha:////4FbkvcGRJ6QK1nw0Cf4isfuowtoQFnqKGjyQPyoJ98MyAAAAYB+LCAAAAAAAAP9b85aBtbiIQSmjNKU4P0+vJLE4u1gvPjexLDVPzxdEGvvmZ+X75ZekLlOVfvTjc8FPJgaGiiIGKaiG5Py84vycVD1nCA1SyAABjCCFBQCV27OjYAAAAA==[0m[INFO] --- maven-clean-plugin:3.1.0:clean (default-clean) @ FeedbackSystem ---
[INFO] 
[8mha:////4FbkvcGRJ6QK1nw0Cf4isfuowtoQFnqKGjyQPyoJ98MyAAAAYB+LCAAAAAAAAP9b85aBtbiIQSmjNKU4P0+vJLE4u1gvPjexLDVPzxdEGvvmZ+X75ZekLlOVfvTjc8FPJgaGiiIGKaiG5Py84vycVD1nCA1SyAABjCCFBQCV27OjYAAAAA==[0m[INFO] --- maven-resources-plugin:3.1.0:resources (default-resources) @ FeedbackSystem ---
[INFO] Using 'UTF-8' encoding to copy filtered resources.
[INFO] Copying 1 resource
[INFO] Copying 0 resource
[INFO] 
[8mha:////4FbkvcGRJ6QK1nw0Cf4isfuowtoQFnqKGjyQPyoJ98MyAAAAYB+LCAAAAAAAAP9b85aBtbiIQSmjNKU4P0+vJLE4u1gvPjexLDVPzxdEGvvmZ+X75ZekLlOVfvTjc8FPJgaGiiIGKaiG5Py84vycVD1nCA1SyAABjCCFBQCV27OjYAAAAA==[0m[INFO] --- maven-compiler-plugin:3.8.1:compile (default-compile) @ FeedbackSystem ---
[INFO] Changes detected - recompiling the module!
[INFO] Compiling 16 source files to C:\Program Files (x86)\Jenkins\workspace\FeedbackMgmtSystem\target\classes
[INFO] 
[8mha:////4FbkvcGRJ6QK1nw0Cf4isfuowtoQFnqKGjyQPyoJ98MyAAAAYB+LCAAAAAAAAP9b85aBtbiIQSmjNKU4P0+vJLE4u1gvPjexLDVPzxdEGvvmZ+X75ZekLlOVfvTjc8FPJgaGiiIGKaiG5Py84vycVD1nCA1SyAABjCCFBQCV27OjYAAAAA==[0m[INFO] --- maven-resources-plugin:3.1.0:testResources (default-testResources) @ FeedbackSystem ---
[INFO] Using 'UTF-8' encoding to copy filtered resources.
[INFO] skip non existing resourceDirectory C:\Program Files (x86)\Jenkins\workspace\FeedbackMgmtSystem\src\test\resources
[INFO] 
[8mha:////4FbkvcGRJ6QK1nw0Cf4isfuowtoQFnqKGjyQPyoJ98MyAAAAYB+LCAAAAAAAAP9b85aBtbiIQSmjNKU4P0+vJLE4u1gvPjexLDVPzxdEGvvmZ+X75ZekLlOVfvTjc8FPJgaGiiIGKaiG5Py84vycVD1nCA1SyAABjCCFBQCV27OjYAAAAA==[0m[INFO] --- maven-compiler-plugin:3.8.1:testCompile (default-testCompile) @ FeedbackSystem ---
[INFO] Changes detected - recompiling the module!
[INFO] Compiling 3 source files to C:\Program Files (x86)\Jenkins\workspace\FeedbackMgmtSystem\target\test-classes
[INFO] 
[8mha:////4FbkvcGRJ6QK1nw0Cf4isfuowtoQFnqKGjyQPyoJ98MyAAAAYB+LCAAAAAAAAP9b85aBtbiIQSmjNKU4P0+vJLE4u1gvPjexLDVPzxdEGvvmZ+X75ZekLlOVfvTjc8FPJgaGiiIGKaiG5Py84vycVD1nCA1SyAABjCCFBQCV27OjYAAAAA==[0m[INFO] --- maven-surefire-plugin:2.22.2:test (default-test) @ FeedbackSystem ---
[INFO] 
[INFO] -------------------------------------------------------
[INFO]  T E S T S
[INFO] -------------------------------------------------------
[INFO] Running com.example.demo.controller.test.FeedbackMgmtSystemControllerTest
Data is saved in excel file.
Data is saved in excel file.
[INFO] Tests run: 10, Failures: 0, Errors: 0, Skipped: 0, Time elapsed: 1.763 s - in com.example.demo.controller.test.FeedbackMgmtSystemControllerTest
[INFO] Running com.example.demo.FeedbackSystemApplicationTest
[INFO] Tests run: 1, Failures: 0, Errors: 0, Skipped: 0, Time elapsed: 0 s - in com.example.demo.FeedbackSystemApplicationTest
[INFO] Running com.example.demo.service.test.FeedbackMgmtSystemServiceTest
[INFO] Tests run: 8, Failures: 0, Errors: 0, Skipped: 0, Time elapsed: 0.005 s - in com.example.demo.service.test.FeedbackMgmtSystemServiceTest
[INFO] 
[INFO] Results:
[INFO] 
[INFO] Tests run: 19, Failures: 0, Errors: 0, Skipped: 0
[INFO] 
[INFO] 
[8mha:////4FbkvcGRJ6QK1nw0Cf4isfuowtoQFnqKGjyQPyoJ98MyAAAAYB+LCAAAAAAAAP9b85aBtbiIQSmjNKU4P0+vJLE4u1gvPjexLDVPzxdEGvvmZ+X75ZekLlOVfvTjc8FPJgaGiiIGKaiG5Py84vycVD1nCA1SyAABjCCFBQCV27OjYAAAAA==[0m[INFO] --- maven-jar-plugin:3.1.2:jar (default-jar) @ FeedbackSystem ---
[INFO] Building jar: C:\Program Files (x86)\Jenkins\workspace\FeedbackMgmtSystem\target\FeedbackSystem-0.0.1-SNAPSHOT.jar
[INFO] 
[8mha:////4FbkvcGRJ6QK1nw0Cf4isfuowtoQFnqKGjyQPyoJ98MyAAAAYB+LCAAAAAAAAP9b85aBtbiIQSmjNKU4P0+vJLE4u1gvPjexLDVPzxdEGvvmZ+X75ZekLlOVfvTjc8FPJgaGiiIGKaiG5Py84vycVD1nCA1SyAABjCCFBQCV27OjYAAAAA==[0m[INFO] --- spring-boot-maven-plugin:2.2.4.RELEASE:repackage (repackage) @ FeedbackSystem ---
[INFO] Replacing main artifact with repackaged archive
[INFO] 
[8mha:////4FbkvcGRJ6QK1nw0Cf4isfuowtoQFnqKGjyQPyoJ98MyAAAAYB+LCAAAAAAAAP9b85aBtbiIQSmjNKU4P0+vJLE4u1gvPjexLDVPzxdEGvvmZ+X75ZekLlOVfvTjc8FPJgaGiiIGKaiG5Py84vycVD1nCA1SyAABjCCFBQCV27OjYAAAAA==[0m[INFO] --- maven-install-plugin:2.5.2:install (default-install) @ FeedbackSystem ---
[INFO] Installing C:\Program Files (x86)\Jenkins\workspace\FeedbackMgmtSystem\target\FeedbackSystem-0.0.1-SNAPSHOT.jar to C:\Windows\system32\config\systemprofile\.m2\repository\com\example\FeedbackSystem\0.0.1-SNAPSHOT\FeedbackSystem-0.0.1-SNAPSHOT.jar
[INFO] Installing C:\Program Files (x86)\Jenkins\workspace\FeedbackMgmtSystem\pom.xml to C:\Windows\system32\config\systemprofile\.m2\repository\com\example\FeedbackSystem\0.0.1-SNAPSHOT\FeedbackSystem-0.0.1-SNAPSHOT.pom
[INFO] ------------------------------------------------------------------------
[INFO] BUILD SUCCESS
[INFO] ------------------------------------------------------------------------
[INFO] Total time: 11.532 s
[INFO] Finished at: 2020-06-19T18:49:02+05:30
[INFO] Final Memory: 42M/322M
[INFO] ------------------------------------------------------------------------
[FeedbackMgmtSystem] $ cmd /c call C:\Windows\TEMP\jenkins1211075636584985642.bat

C:\Program Files (x86)\Jenkins\workspace\FeedbackMgmtSystem>docker build -t feedbackmgtsys:latest .  
Sending build context to Docker daemon  27.52MB
Step 1/7 : FROM openjdk:8-jdk
 ---> b190ad78b520
Step 2/7 : ENV JAVA_HOME              /usr/lib/jvm/java-8-openjdk-amd64
 ---> Using cache
 ---> 123498438666
Step 3/7 : ENV JAVA_OPTS              ""
 ---> Using cache
 ---> 2865267da577
Step 4/7 : ENV PATH                   $PATH:$JAVA_HOME/bin
 ---> Using cache
 ---> 7ee13f8fe4c8
Step 5/7 : WORKDIR /app
 ---> Using cache
 ---> e605670ef083
Step 6/7 : ADD target/*.jar /app/FeedbackSystem-0.0.1-SNAPSHOT.jar
 ---> 6b0d3c0ef0d6
Step 7/7 : CMD ["/bin/sh", "-c", "java $JAVA_OPTS -Dlog.path=/var/log -jar /app/FeedbackSystem-0.0.1-SNAPSHOT.jar"]
 ---> Running in e7a790520e88
Removing intermediate container e7a790520e88
 ---> ee8626b430e1
Successfully built ee8626b430e1
Successfully tagged feedbackmgtsys:latest
SECURITY WARNING: You are building a Docker image from Windows against a non-Windows Docker host. All files and directories added to build context will have '-rwxr-xr-x' permissions. It is recommended to double check and reset permissions for sensitive files and directories.

C:\Program Files (x86)\Jenkins\workspace\FeedbackMgmtSystem>docker tag feedbackmgtsys:latest  nivethasiva/feedback-mgmt-sys-repo:0.1 

C:\Program Files (x86)\Jenkins\workspace\FeedbackMgmtSystem>exit 0 
[FeedbackMgmtSystem] $ docker build -t nivethasiva/feedback-mgmt-sys-repo:0.1 --pull=true "C:\Program Files (x86)\Jenkins\workspace\FeedbackMgmtSystem"
Sending build context to Docker daemon  27.52MB
Step 1/7 : FROM openjdk:8-jdk
8-jdk: Pulling from library/openjdk
Digest: sha256:fdf33366ef746f8a1cd64d15c3c9f446ab8a227a20dd612410d4efea5213a209
Status: Image is up to date for openjdk:8-jdk
 ---> b190ad78b520
Step 2/7 : ENV JAVA_HOME              /usr/lib/jvm/java-8-openjdk-amd64
 ---> Using cache
 ---> 123498438666
Step 3/7 : ENV JAVA_OPTS              ""
 ---> Using cache
 ---> 2865267da577
Step 4/7 : ENV PATH                   $PATH:$JAVA_HOME/bin
 ---> Using cache
 ---> 7ee13f8fe4c8
Step 5/7 : WORKDIR /app
 ---> Using cache
 ---> e605670ef083
Step 6/7 : ADD target/*.jar /app/FeedbackSystem-0.0.1-SNAPSHOT.jar
 ---> Using cache
 ---> 6b0d3c0ef0d6
Step 7/7 : CMD ["/bin/sh", "-c", "java $JAVA_OPTS -Dlog.path=/var/log -jar /app/FeedbackSystem-0.0.1-SNAPSHOT.jar"]
 ---> Using cache
 ---> ee8626b430e1
Successfully built ee8626b430e1
Successfully tagged nivethasiva/feedback-mgmt-sys-repo:0.1
SECURITY WARNING: You are building a Docker image from Windows against a non-Windows Docker host. All files and directories added to build context will have '-rwxr-xr-x' permissions. It is recommended to double check and reset permissions for sensitive files and directories.
[FeedbackMgmtSystem] $ docker tag ee8626b430e1 nivethasiva/feedback-mgmt-sys-repo:latest
[FeedbackMgmtSystem] $ docker inspect ee8626b430e1
[FeedbackMgmtSystem] $ docker push nivethasiva/feedback-mgmt-sys-repo:0.1
The push refers to repository [docker.io/nivethasiva/feedback-mgmt-sys-repo]
04720da9e523: Preparing
af9b4b67d65a: Preparing
cb8e2372b23c: Preparing
68bb2d422178: Preparing
f5181c7ef902: Preparing
2e5b4ca91984: Preparing
527ade4639e0: Preparing
c2c789d2d3c5: Preparing
8803ef42039d: Preparing
2e5b4ca91984: Waiting
527ade4639e0: Waiting
c2c789d2d3c5: Waiting
8803ef42039d: Waiting
denied: requested access to the resource is denied
Build step 'Docker Build and Publish' marked build as failure
Finished: FAILURE
