Started by user [8mha:////4INu23VjzAQGz/QwOsVfDUwAMGkwIpT4vuMoLfZN2Qh6AAAAlx+LCAAAAAAAAP9b85aBtbiIQTGjNKU4P08vOT+vOD8nVc83PyU1x6OyILUoJzMv2y+/JJUBAhiZGBgqihhk0NSjKDWzXb3RdlLBUSYGJk8GtpzUvPSSDB8G5tKinBIGIZ+sxLJE/ZzEvHT94JKizLx0a6BxUmjGOUNodHsLgAzWEgZu/dLi1CL9xJTczDwAj6GcLcAAAAA=[0madmin
Running as SYSTEM
Building in workspace C:\Program Files (x86)\Jenkins\workspace\FeedbackMgmtSystem
No credentials specified
 > git.exe rev-parse --is-inside-work-tree # timeout=10
Fetching changes from the remote Git repository
 > git.exe config remote.origin.url https://github.com/NivethaSKumar/ProjectRepo.git # timeout=10
Fetching upstream changes from https://github.com/NivethaSKumar/ProjectRepo.git
 > git.exe --version # timeout=10
 > git.exe fetch --tags --force --progress -- https://github.com/NivethaSKumar/ProjectRepo.git +refs/heads/*:refs/remotes/origin/* # timeout=10
 > git.exe rev-parse "refs/remotes/origin/master^{commit}" # timeout=10
 > git.exe rev-parse "refs/remotes/origin/origin/master^{commit}" # timeout=10
Checking out Revision b4ab6a24e1dde68c0af1c6a9c5f35ae05f9024ae (refs/remotes/origin/master)
 > git.exe config core.sparsecheckout # timeout=10
 > git.exe checkout -f b4ab6a24e1dde68c0af1c6a9c5f35ae05f9024ae # timeout=10
Commit message: "First Commit"
 > git.exe rev-list --no-walk b4ab6a24e1dde68c0af1c6a9c5f35ae05f9024ae # timeout=10
[FeedbackMgmtSystem] $ cmd.exe /C "mvn clean test && exit %%ERRORLEVEL%%"
[INFO] Scanning for projects...
[INFO] 
[INFO] ------------------------------------------------------------------------
[INFO] Building FeedbackSystem 0.0.1-SNAPSHOT
[INFO] ------------------------------------------------------------------------
[INFO] 
[8mha:////4FbkvcGRJ6QK1nw0Cf4isfuowtoQFnqKGjyQPyoJ98MyAAAAYB+LCAAAAAAAAP9b85aBtbiIQSmjNKU4P0+vJLE4u1gvPjexLDVPzxdEGvvmZ+X75ZekLlOVfvTjc8FPJgaGiiIGKaiG5Py84vycVD1nCA1SyAABjCCFBQCV27OjYAAAAA==[0m[INFO] --- maven-clean-plugin:3.1.0:clean (default-clean) @ FeedbackSystem ---
[INFO] Deleting C:\Program Files (x86)\Jenkins\workspace\FeedbackMgmtSystem\target
[INFO] 
[8mha:////4FbkvcGRJ6QK1nw0Cf4isfuowtoQFnqKGjyQPyoJ98MyAAAAYB+LCAAAAAAAAP9b85aBtbiIQSmjNKU4P0+vJLE4u1gvPjexLDVPzxdEGvvmZ+X75ZekLlOVfvTjc8FPJgaGiiIGKaiG5Py84vycVD1nCA1SyAABjCCFBQCV27OjYAAAAA==[0m[INFO] --- maven-resources-plugin:3.1.0:resources (default-resources) @ FeedbackSystem ---
[INFO] Using 'UTF-8' encoding to copy filtered resources.
[INFO] Copying 1 resource
[INFO] Copying 0 resource
[INFO] 
[8mha:////4FbkvcGRJ6QK1nw0Cf4isfuowtoQFnqKGjyQPyoJ98MyAAAAYB+LCAAAAAAAAP9b85aBtbiIQSmjNKU4P0+vJLE4u1gvPjexLDVPzxdEGvvmZ+X75ZekLlOVfvTjc8FPJgaGiiIGKaiG5Py84vycVD1nCA1SyAABjCCFBQCV27OjYAAAAA==[0m[INFO] --- maven-compiler-plugin:3.8.1:compile (default-compile) @ FeedbackSystem ---
[INFO] Changes detected - recompiling the module!
[INFO] Compiling 16 source files to C:\Program Files (x86)\Jenkins\workspace\FeedbackMgmtSystem\target\classes
[INFO] 
[8mha:////4FbkvcGRJ6QK1nw0Cf4isfuowtoQFnqKGjyQPyoJ98MyAAAAYB+LCAAAAAAAAP9b85aBtbiIQSmjNKU4P0+vJLE4u1gvPjexLDVPzxdEGvvmZ+X75ZekLlOVfvTjc8FPJgaGiiIGKaiG5Py84vycVD1nCA1SyAABjCCFBQCV27OjYAAAAA==[0m[INFO] --- maven-resources-plugin:3.1.0:testResources (default-testResources) @ FeedbackSystem ---
[INFO] Using 'UTF-8' encoding to copy filtered resources.
[INFO] skip non existing resourceDirectory C:\Program Files (x86)\Jenkins\workspace\FeedbackMgmtSystem\src\test\resources
[INFO] 
[8mha:////4FbkvcGRJ6QK1nw0Cf4isfuowtoQFnqKGjyQPyoJ98MyAAAAYB+LCAAAAAAAAP9b85aBtbiIQSmjNKU4P0+vJLE4u1gvPjexLDVPzxdEGvvmZ+X75ZekLlOVfvTjc8FPJgaGiiIGKaiG5Py84vycVD1nCA1SyAABjCCFBQCV27OjYAAAAA==[0m[INFO] --- maven-compiler-plugin:3.8.1:testCompile (default-testCompile) @ FeedbackSystem ---
[INFO] Changes detected - recompiling the module!
[INFO] Compiling 3 source files to C:\Program Files (x86)\Jenkins\workspace\FeedbackMgmtSystem\target\test-classes
[INFO] 
[8mha:////4FbkvcGRJ6QK1nw0Cf4isfuowtoQFnqKGjyQPyoJ98MyAAAAYB+LCAAAAAAAAP9b85aBtbiIQSmjNKU4P0+vJLE4u1gvPjexLDVPzxdEGvvmZ+X75ZekLlOVfvTjc8FPJgaGiiIGKaiG5Py84vycVD1nCA1SyAABjCCFBQCV27OjYAAAAA==[0m[INFO] --- maven-surefire-plugin:2.22.2:test (default-test) @ FeedbackSystem ---
Downloading: https://repo.maven.apache.org/maven2/org/apache/maven/surefire/maven-surefire-common/2.22.2/maven-surefire-common-2.22.2.pom
Progress (1): 1.4/11 kBProgress (1): 2.7/11 kBProgress (1): 4.1/11 kBProgress (1): 5.5/11 kBProgress (1): 6.9/11 kBProgress (1): 8.2/11 kBProgress (1): 9.6/11 kBProgress (1): 11/11 kB Progress (1): 11 kB                      Downloaded: https://repo.maven.apache.org/maven2/org/apache/maven/surefire/maven-surefire-common/2.22.2/maven-surefire-common-2.22.2.pom (11 kB at 4.5 kB/s)
Downloading: https://repo.maven.apache.org/maven2/org/apache/maven/plugin-tools/maven-plugin-annotations/3.5.2/maven-plugin-annotations-3.5.2.pom
Progress (1): 1.4/1.6 kBProgress (1): 1.6 kB                        Downloaded: https://repo.maven.apache.org/maven2/org/apache/maven/plugin-tools/maven-plugin-annotations/3.5.2/maven-plugin-annotations-3.5.2.pom (1.6 kB at 2.9 kB/s)
Downloading: https://repo.maven.apache.org/maven2/org/apache/maven/plugin-tools/maven-plugin-tools/3.5.2/maven-plugin-tools-3.5.2.pom
Progress (1): 1.4/15 kBProgress (1): 2.7/15 kBProgress (1): 4.1/15 kBProgress (1): 5.5/15 kBProgress (1): 6.9/15 kBProgress (1): 8.2/15 kBProgress (1): 9.6/15 kBProgress (1): 11/15 kB Progress (1): 12/15 kBProgress (1): 14/15 kBProgress (1): 15/15 kBProgress (1): 15 kB                      Downloaded: https://repo.maven.apache.org/maven2/org/apache/maven/plugin-tools/maven-plugin-tools/3.5.2/maven-plugin-tools-3.5.2.pom (15 kB at 26 kB/s)
Downloading: https://repo.maven.apache.org/maven2/org/apache/maven/surefire/surefire-api/2.22.2/surefire-api-2.22.2.pom
Progress (1): 1.4/3.5 kBProgress (1): 2.7/3.5 kBProgress (1): 3.5 kB                        Downloaded: https://repo.maven.apache.org/maven2/org/apache/maven/surefire/surefire-api/2.22.2/surefire-api-2.22.2.pom (3.5 kB at 4.2 kB/s)
Downloading: https://repo.maven.apache.org/maven2/org/apache/maven/surefire/surefire-logger-api/2.22.2/surefire-logger-api-2.22.2.pom
Progress (1): 1.4/2.0 kBProgress (1): 2.0 kB                        Downloaded: https://repo.maven.apache.org/maven2/org/apache/maven/surefire/surefire-logger-api/2.22.2/surefire-logger-api-2.22.2.pom (2.0 kB at 2.0 kB/s)
Downloading: https://repo.maven.apache.org/maven2/org/apache/maven/surefire/surefire-booter/2.22.2/surefire-booter-2.22.2.pom
Progress (1): 1.4/7.5 kBProgress (1): 2.7/7.5 kBProgress (1): 4.1/7.5 kBProgress (1): 5.5/7.5 kBProgress (1): 6.9/7.5 kBProgress (1): 7.5 kB                        Downloaded: https://repo.maven.apache.org/maven2/org/apache/maven/surefire/surefire-booter/2.22.2/surefire-booter-2.22.2.pom (7.5 kB at 13 kB/s)
Downloading: https://repo.maven.apache.org/maven2/org/codehaus/plexus/plexus-container-default/1.0-alpha-9-stable-1/plexus-container-default-1.0-alpha-9-stable-1.pom
Progress (1): 1.4/3.9 kBProgress (1): 2.7/3.9 kBProgress (1): 3.9 kB                        Downloaded: https://repo.maven.apache.org/maven2/org/codehaus/plexus/plexus-container-default/1.0-alpha-9-stable-1/plexus-container-default-1.0-alpha-9-stable-1.pom (3.9 kB at 6.6 kB/s)
Downloading: https://repo.maven.apache.org/maven2/org/codehaus/plexus/plexus-containers/1.0.3/plexus-containers-1.0.3.pom
Progress (1): 492 B                   Downloaded: https://repo.maven.apache.org/maven2/org/codehaus/plexus/plexus-containers/1.0.3/plexus-containers-1.0.3.pom (492 B at 835 B/s)
Downloading: https://repo.maven.apache.org/maven2/org/codehaus/plexus/plexus/1.0.4/plexus-1.0.4.pom
Progress (1): 1.4/5.7 kBProgress (1): 2.7/5.7 kBProgress (1): 4.1/5.7 kBProgress (1): 5.5/5.7 kBProgress (1): 5.7 kB                        Downloaded: https://repo.maven.apache.org/maven2/org/codehaus/plexus/plexus/1.0.4/plexus-1.0.4.pom (5.7 kB at 9.9 kB/s)
Downloading: https://repo.maven.apache.org/maven2/org/hamcrest/hamcrest-core/1.3/hamcrest-core-1.3.pom
Progress (1): 766 B                   Downloaded: https://repo.maven.apache.org/maven2/org/hamcrest/hamcrest-core/1.3/hamcrest-core-1.3.pom (766 B at 1.4 kB/s)
Downloading: https://repo.maven.apache.org/maven2/org/hamcrest/hamcrest-parent/1.3/hamcrest-parent-1.3.pom
Progress (1): 1.4/2.0 kBProgress (1): 2.0 kB                        Downloaded: https://repo.maven.apache.org/maven2/org/hamcrest/hamcrest-parent/1.3/hamcrest-parent-1.3.pom (2.0 kB at 3.4 kB/s)
Downloading: https://repo.maven.apache.org/maven2/org/codehaus/plexus/plexus-utils/1.0.4/plexus-utils-1.0.4.pom
Progress (1): 1.4/6.9 kBProgress (1): 2.7/6.9 kBProgress (1): 4.1/6.9 kBProgress (1): 5.5/6.9 kBProgress (1): 6.9/6.9 kBProgress (1): 6.9 kB                        Downloaded: https://repo.maven.apache.org/maven2/org/codehaus/plexus/plexus-utils/1.0.4/plexus-utils-1.0.4.pom (6.9 kB at 12 kB/s)
Downloading: https://repo.maven.apache.org/maven2/classworlds/classworlds/1.1-alpha-2/classworlds-1.1-alpha-2.pom
Progress (1): 1.4/3.1 kBProgress (1): 2.7/3.1 kBProgress (1): 3.1 kB                        Downloaded: https://repo.maven.apache.org/maven2/classworlds/classworlds/1.1-alpha-2/classworlds-1.1-alpha-2.pom (3.1 kB at 5.4 kB/s)
Downloading: https://repo.maven.apache.org/maven2/org/apache/maven/reporting/maven-reporting-api/3.0/maven-reporting-api-3.0.pom
Progress (1): 1.4/2.4 kBProgress (1): 2.4 kB                        Downloaded: https://repo.maven.apache.org/maven2/org/apache/maven/reporting/maven-reporting-api/3.0/maven-reporting-api-3.0.pom (2.4 kB at 4.0 kB/s)
Downloading: https://repo.maven.apache.org/maven2/org/apache/maven/shared/maven-shared-components/15/maven-shared-components-15.pom
Progress (1): 1.4/9.3 kBProgress (1): 2.7/9.3 kBProgress (1): 4.1/9.3 kBProgress (1): 5.5/9.3 kBProgress (1): 6.9/9.3 kBProgress (1): 8.2/9.3 kBProgress (1): 9.3 kB                        Downloaded: https://repo.maven.apache.org/maven2/org/apache/maven/shared/maven-shared-components/15/maven-shared-components-15.pom (9.3 kB at 17 kB/s)
Downloading: https://repo.maven.apache.org/maven2/org/apache/maven/maven-parent/16/maven-parent-16.pom
Progress (1): 1.4/23 kBProgress (1): 2.7/23 kBProgress (1): 4.1/23 kBProgress (1): 5.5/23 kBProgress (1): 6.9/23 kBProgress (1): 8.2/23 kBProgress (1): 9.6/23 kBProgress (1): 11/23 kB Progress (1): 12/23 kBProgress (1): 14/23 kBProgress (1): 15/23 kBProgress (1): 16/23 kBProgress (1): 18/23 kBProgress (1): 19/23 kBProgress (1): 21/23 kBProgress (1): 22/23 kBProgress (1): 23 kB                      Downloaded: https://repo.maven.apache.org/maven2/org/apache/maven/maven-parent/16/maven-parent-16.pom (23 kB at 38 kB/s)
Downloading: https://repo.maven.apache.org/maven2/org/apache/apache/7/apache-7.pom
Progress (1): 1.4/14 kBProgress (1): 2.7/14 kBProgress (1): 4.1/14 kBProgress (1): 5.5/14 kBProgress (1): 6.9/14 kBProgress (1): 8.2/14 kBProgress (1): 9.6/14 kBProgress (1): 11/14 kB Progress (1): 12/14 kBProgress (1): 14/14 kBProgress (1): 14 kB                      Downloaded: https://repo.maven.apache.org/maven2/org/apache/apache/7/apache-7.pom (14 kB at 26 kB/s)
Downloading: https://repo.maven.apache.org/maven2/classworlds/classworlds/1.1/classworlds-1.1.pom
Progress (1): 1.4/3.3 kBProgress (1): 2.7/3.3 kBProgress (1): 3.3 kB                        Downloaded: https://repo.maven.apache.org/maven2/classworlds/classworlds/1.1/classworlds-1.1.pom (3.3 kB at 6.1 kB/s)
Downloading: https://repo.maven.apache.org/maven2/org/apache/maven/maven-toolchain/2.2.1/maven-toolchain-2.2.1.pom
Progress (1): 1.4/3.3 kBProgress (1): 2.7/3.3 kBProgress (1): 3.3 kB                        Downloaded: https://repo.maven.apache.org/maven2/org/apache/maven/maven-toolchain/2.2.1/maven-toolchain-2.2.1.pom (3.3 kB at 5.2 kB/s)
Downloading: https://repo.maven.apache.org/maven2/com/thoughtworks/qdox/qdox/2.0-M8/qdox-2.0-M8.pom
Progress (1): 1.4/16 kBProgress (1): 2.7/16 kBProgress (1): 4.1/16 kBProgress (1): 5.5/16 kBProgress (1): 6.9/16 kBProgress (1): 8.2/16 kBProgress (1): 9.6/16 kBProgress (1): 11/16 kB Progress (1): 12/16 kBProgress (1): 14/16 kBProgress (1): 15/16 kBProgress (1): 16 kB                      Downloaded: https://repo.maven.apache.org/maven2/com/thoughtworks/qdox/qdox/2.0-M8/qdox-2.0-M8.pom (16 kB at 25 kB/s)
Downloading: https://repo.maven.apache.org/maven2/org/apache/maven/surefire/maven-surefire-common/2.22.2/maven-surefire-common-2.22.2.jar
Downloading: https://repo.maven.apache.org/maven2/org/apache/maven/plugin-tools/maven-plugin-annotations/3.5.2/maven-plugin-annotations-3.5.2.jar
Downloading: https://repo.maven.apache.org/maven2/org/apache/maven/maven-plugin-api/2.2.1/maven-plugin-api-2.2.1.jar
Downloading: https://repo.maven.apache.org/maven2/org/apache/maven/surefire/surefire-api/2.22.2/surefire-api-2.22.2.jar
Downloading: https://repo.maven.apache.org/maven2/org/apache/maven/surefire/surefire-logger-api/2.22.2/surefire-logger-api-2.22.2.jar
Progress (1): 1.4/528 kBProgress (1): 2.7/528 kBProgress (1): 4.1/528 kBProgress (1): 5.5/528 kBProgress (1): 6.9/528 kBProgress (1): 8.2/528 kBProgress (1): 9.6/528 kBProgress (1): 11/528 kB Progress (1): 12/528 kBProgress (1): 14/528 kBProgress (1): 15/528 kBProgress (1): 16/528 kBProgress (1): 18/528 kBProgress (1): 19/528 kBProgress (1): 21/528 kBProgress (1): 22/528 kBProgress (1): 23/528 kBProgress (1): 25/528 kBProgress (1): 26/528 kBProgress (1): 27/528 kBProgress (1): 29/528 kBProgress (1): 30/528 kBProgress (1): 32/528 kBProgress (1): 33/528 kBProgress (1): 34/528 kBProgress (1): 36/528 kBProgress (1): 37/528 kBProgress (1): 38/528 kBProgress (1): 40/528 kBProgress (1): 41/528 kBProgress (1): 43/528 kBProgress (1): 44/528 kBProgress (1): 45/528 kBProgress (1): 47/528 kBProgress (1): 48/528 kBProgress (1): 49/528 kBProgress (1): 51/528 kBProgress (1): 52/528 kBProgress (1): 53/528 kBProgress (1): 55/528 kBProgress (1): 56/528 kBProgress (1): 58/528 kBProgress (1): 59/528 kBProgress (1): 60/528 kBProgress (1): 62/528 kBProgress (1): 63/528 kBProgress (1): 64/528 kBProgress (1): 66/528 kBProgress (1): 67/528 kBProgress (1): 69/528 kBProgress (1): 70/528 kBProgress (1): 71/528 kBProgress (1): 73/528 kBProgress (1): 74/528 kBProgress (1): 75/528 kBProgress (1): 77/528 kBProgress (2): 77/528 kB | 1.4/14 kBProgress (2): 77/528 kB | 2.7/14 kBProgress (2): 77/528 kB | 4.1/14 kBProgress (2): 77/528 kB | 5.5/14 kBProgress (2): 78/528 kB | 5.5/14 kBProgress (2): 78/528 kB | 6.9/14 kBProgress (2): 80/528 kB | 6.9/14 kBProgress (2): 80/528 kB | 8.2/14 kBProgress (2): 81/528 kB | 8.2/14 kBProgress (2): 81/528 kB | 9.6/14 kBProgress (2): 82/528 kB | 9.6/14 kBProgress (2): 82/528 kB | 11/14 kB Progress (2): 84/528 kB | 11/14 kBProgress (2): 84/528 kB | 12/14 kBProgress (2): 85/528 kB | 12/14 kBProgress (2): 85/528 kB | 14/14 kBProgress (2): 86/528 kB | 14/14 kBProgress (2): 88/528 kB | 14/14 kBProgress (2): 89/528 kB | 14/14 kBProgress (2): 90/528 kB | 14/14 kBProgress (2): 92/528 kB | 14/14 kBProgress (2): 93/528 kB | 14/14 kBProgress (3): 93/528 kB | 14/14 kB | 1.4/13 kBProgress (3): 93/528 kB | 14/14 kB | 2.7/13 kBProgress (3): 93/528 kB | 14/14 kB | 4.1/13 kBProgress (3): 93/528 kB | 14/14 kB | 5.5/13 kBProgress (3): 93/528 kB | 14/14 kB | 6.9/13 kBProgress (3): 93/528 kB | 14/14 kB | 8.2/13 kBProgress (3): 93/528 kB | 14/14 kB | 9.6/13 kBProgress (3): 93/528 kB | 14/14 kB | 11/13 kB Progress (3): 93/528 kB | 14/14 kB | 12/13 kBProgress (3): 93/528 kB | 14/14 kB | 13 kB   Progress (3): 95/528 kB | 14/14 kB | 13 kBProgress (3): 96/528 kB | 14/14 kB | 13 kBProgress (3): 97/528 kB | 14/14 kB | 13 kBProgress (3): 99/528 kB | 14/14 kB | 13 kBProgress (3): 100/528 kB | 14/14 kB | 13 kBProgress (3): 101/528 kB | 14/14 kB | 13 kBProgress (3): 103/528 kB | 14/14 kB | 13 kBProgress (3): 104/528 kB | 14/14 kB | 13 kBProgress (4): 104/528 kB | 14/14 kB | 13 kB | 1.4/12 kBProgress (4): 104/528 kB | 14/14 kB | 13 kB | 2.7/12 kBProgress (4): 104/528 kB | 14/14 kB | 13 kB | 4.1/12 kBProgress (4): 104/528 kB | 14/14 kB | 13 kB | 5.5/12 kBProgress (4): 104/528 kB | 14/14 kB | 13 kB | 6.9/12 kBProgress (4): 104/528 kB | 14/14 kB | 13 kB | 8.2/12 kBProgress (4): 104/528 kB | 14/14 kB | 13 kB | 9.6/12 kBProgress (4): 104/528 kB | 14/14 kB | 13 kB | 11/12 kB Progress (4): 104/528 kB | 14/14 kB | 13 kB | 12/12 kBProgress (4): 104/528 kB | 14/14 kB | 13 kB | 12 kB   Progress (4): 106/528 kB | 14/14 kB | 13 kB | 12 kBProgress (4): 107/528 kB | 14/14 kB | 13 kB | 12 kBProgress (4): 108/528 kB | 14/14 kB | 13 kB | 12 kBProgress (4): 110/528 kB | 14/14 kB | 13 kB | 12 kBProgress (4): 111/528 kB | 14/14 kB | 13 kB | 12 kBProgress (4): 112/528 kB | 14/14 kB | 13 kB | 12 kBProgress (4): 114/528 kB | 14/14 kB | 13 kB | 12 kBProgress (4): 115/528 kB | 14/14 kB | 13 kB | 12 kBProgress (4): 117/528 kB | 14/14 kB | 13 kB | 12 kBProgress (4): 118/528 kB | 14/14 kB | 13 kB | 12 kBProgress (4): 119/528 kB | 14/14 kB | 13 kB | 12 kBProgress (4): 121/528 kB | 14/14 kB | 13 kB | 12 kBProgress (4): 122/528 kB | 14/14 kB | 13 kB | 12 kBProgress (4): 123/528 kB | 14/14 kB | 13 kB | 12 kBProgress (4): 125/528 kB | 14/14 kB | 13 kB | 12 kBProgress (4): 126/528 kB | 14/14 kB | 13 kB | 12 kBProgress (4): 128/528 kB | 14/14 kB | 13 kB | 12 kBProgress (4): 128/528 kB | 14 kB | 13 kB | 12 kB   Progress (4): 129/528 kB | 14 kB | 13 kB | 12 kBProgress (4): 130/528 kB | 14 kB | 13 kB | 12 kBProgress (4): 132/528 kB | 14 kB | 13 kB | 12 kBProgress (4): 133/528 kB | 14 kB | 13 kB | 12 kBProgress (4): 134/528 kB | 14 kB | 13 kB | 12 kBProgress (4): 136/528 kB | 14 kB | 13 kB | 12 kB                                                Downloaded: https://repo.maven.apache.org/maven2/org/apache/maven/surefire/surefire-logger-api/2.22.2/surefire-logger-api-2.22.2.jar (13 kB at 12 kB/s)
Downloading: https://repo.maven.apache.org/maven2/org/apache/maven/surefire/surefire-booter/2.22.2/surefire-booter-2.22.2.jar
Progress (3): 137/528 kB | 14 kB | 12 kBProgress (3): 138/528 kB | 14 kB | 12 kBProgress (3): 140/528 kB | 14 kB | 12 kBProgress (3): 141/528 kB | 14 kB | 12 kBProgress (3): 143/528 kB | 14 kB | 12 kBProgress (3): 144/528 kB | 14 kB | 12 kBProgress (3): 145/528 kB | 14 kB | 12 kBProgress (3): 147/528 kB | 14 kB | 12 kBProgress (3): 148/528 kB | 14 kB | 12 kBProgress (4): 148/528 kB | 14 kB | 12 kB | 1.4/186 kBProgress (4): 148/528 kB | 14 kB | 12 kB | 2.7/186 kBProgress (4): 148/528 kB | 14 kB | 12 kB | 4.1/186 kBProgress (4): 148/528 kB | 14 kB | 12 kB | 5.5/186 kBProgress (4): 148/528 kB | 14 kB | 12 kB | 6.9/186 kBProgress (4): 148/528 kB | 14 kB | 12 kB | 8.2/186 kBProgress (4): 148/528 kB | 14 kB | 12 kB | 9.6/186 kBProgress (4): 148/528 kB | 14 kB | 12 kB | 11/186 kB Progress (4): 148/528 kB | 14 kB | 12 kB | 12/186 kBProgress (4): 149/528 kB | 14 kB | 12 kB | 12/186 kBProgress (4): 151/528 kB | 14 kB | 12 kB | 12/186 kBProgress (4): 151/528 kB | 14 kB | 12 kB | 14/186 kB                                                    Downloaded: https://repo.maven.apache.org/maven2/org/apache/maven/maven-plugin-api/2.2.1/maven-plugin-api-2.2.1.jar (12 kB at 11 kB/s)
Downloading: https://repo.maven.apache.org/maven2/org/apache/maven/maven-artifact/2.2.1/maven-artifact-2.2.1.jar
Progress (3): 152/528 kB | 14 kB | 14/186 kBProgress (3): 154/528 kB | 14 kB | 14/186 kBProgress (3): 155/528 kB | 14 kB | 14/186 kBProgress (3): 156/528 kB | 14 kB | 14/186 kBProgress (3): 158/528 kB | 14 kB | 14/186 kBProgress (3): 159/528 kB | 14 kB | 14/186 kBProgress (3): 160/528 kB | 14 kB | 14/186 kBProgress (3): 162/528 kB | 14 kB | 14/186 kBProgress (3): 163/528 kB | 14 kB | 14/186 kBProgress (3): 165/528 kB | 14 kB | 14/186 kBProgress (3): 166/528 kB | 14 kB | 14/186 kBProgress (3): 167/528 kB | 14 kB | 14/186 kBProgress (3): 169/528 kB | 14 kB | 14/186 kBProgress (3): 170/528 kB | 14 kB | 14/186 kBProgress (3): 171/528 kB | 14 kB | 14/186 kBProgress (3): 173/528 kB | 14 kB | 14/186 kBProgress (3): 174/528 kB | 14 kB | 14/186 kBProgress (3): 175/528 kB | 14 kB | 14/186 kB                                            Downloaded: https://repo.maven.apache.org/maven2/org/apache/maven/plugin-tools/maven-plugin-annotations/3.5.2/maven-plugin-annotations-3.5.2.jar (14 kB at 11 kB/s)
Downloading: https://repo.maven.apache.org/maven2/org/codehaus/plexus/plexus-utils/1.5.15/plexus-utils-1.5.15.jar
Progress (2): 177/528 kB | 14/186 kBProgress (2): 178/528 kB | 14/186 kBProgress (2): 180/528 kB | 14/186 kBProgress (2): 181/528 kB | 14/186 kBProgress (2): 182/528 kB | 14/186 kBProgress (2): 184/528 kB | 14/186 kBProgress (2): 185/528 kB | 14/186 kBProgress (3): 185/528 kB | 14/186 kB | 1.4/274 kBProgress (3): 185/528 kB | 14/186 kB | 2.7/274 kBProgress (3): 185/528 kB | 14/186 kB | 4.1/274 kBProgress (3): 185/528 kB | 14/186 kB | 5.5/274 kBProgress (3): 185/528 kB | 14/186 kB | 6.9/274 kBProgress (3): 185/528 kB | 14/186 kB | 8.2/274 kBProgress (3): 185/528 kB | 14/186 kB | 9.6/274 kBProgress (3): 185/528 kB | 14/186 kB | 11/274 kB Progress (3): 185/528 kB | 14/186 kB | 12/274 kBProgress (3): 185/528 kB | 14/186 kB | 14/274 kBProgress (3): 186/528 kB | 14/186 kB | 14/274 kBProgress (3): 186/528 kB | 14/186 kB | 15/274 kBProgress (3): 188/528 kB | 14/186 kB | 15/274 kBProgress (3): 188/528 kB | 14/186 kB | 16/274 kBProgress (3): 188/528 kB | 14/186 kB | 18/274 kBProgress (3): 189/528 kB | 14/186 kB | 18/274 kBProgress (3): 189/528 kB | 14/186 kB | 19/274 kBProgress (3): 191/528 kB | 14/186 kB | 19/274 kBProgress (3): 191/528 kB | 14/186 kB | 21/274 kBProgress (3): 191/528 kB | 14/186 kB | 22/274 kBProgress (3): 192/528 kB | 14/186 kB | 22/274 kBProgress (3): 193/528 kB | 14/186 kB | 22/274 kBProgress (3): 193/528 kB | 14/186 kB | 23/274 kBProgress (3): 195/528 kB | 14/186 kB | 23/274 kBProgress (3): 195/528 kB | 14/186 kB | 25/274 kBProgress (3): 196/528 kB | 14/186 kB | 25/274 kBProgress (3): 196/528 kB | 14/186 kB | 26/274 kBProgress (3): 196/528 kB | 14/186 kB | 27/274 kBProgress (3): 197/528 kB | 14/186 kB | 27/274 kBProgress (3): 199/528 kB | 14/186 kB | 27/274 kBProgress (3): 200/528 kB | 14/186 kB | 27/274 kBProgress (3): 202/528 kB | 14/186 kB | 27/274 kBProgress (3): 203/528 kB | 14/186 kB | 27/274 kBProgress (4): 203/528 kB | 14/186 kB | 27/274 kB | 1.4/80 kBProgress (4): 203/528 kB | 14/186 kB | 27/274 kB | 2.7/80 kBProgress (4): 203/528 kB | 14/186 kB | 27/274 kB | 4.1/80 kBProgress (4): 203/528 kB | 14/186 kB | 27/274 kB | 5.5/80 kBProgress (4): 203/528 kB | 14/186 kB | 27/274 kB | 6.9/80 kBProgress (4): 203/528 kB | 14/186 kB | 27/274 kB | 8.2/80 kBProgress (4): 203/528 kB | 14/186 kB | 27/274 kB | 9.6/80 kBProgress (4): 203/528 kB | 14/186 kB | 27/274 kB | 11/80 kB Progress (4): 203/528 kB | 14/186 kB | 27/274 kB | 12/80 kBProgress (4): 203/528 kB | 14/186 kB | 27/274 kB | 14/80 kBProgress (4): 203/528 kB | 15/186 kB | 27/274 kB | 14/80 kBProgress (4): 203/528 kB | 16/186 kB | 27/274 kB | 14/80 kBProgress (4): 203/528 kB | 18/186 kB | 27/274 kB | 14/80 kBProgress (4): 204/528 kB | 18/186 kB | 27/274 kB | 14/80 kBProgress (4): 204/528 kB | 19/186 kB | 27/274 kB | 14/80 kBProgress (4): 206/528 kB | 19/186 kB | 27/274 kB | 14/80 kBProgress (4): 206/528 kB | 21/186 kB | 27/274 kB | 14/80 kBProgress (4): 206/528 kB | 21/186 kB | 27/274 kB | 15/80 kBProgress (4): 206/528 kB | 21/186 kB | 27/274 kB | 16/80 kBProgress (4): 207/528 kB | 21/186 kB | 27/274 kB | 16/80 kBProgress (4): 207/528 kB | 21/186 kB | 27/274 kB | 18/80 kBProgress (4): 207/528 kB | 21/186 kB | 27/274 kB | 19/80 kBProgress (4): 208/528 kB | 21/186 kB | 27/274 kB | 19/80 kBProgress (4): 210/528 kB | 21/186 kB | 27/274 kB | 19/80 kBProgress (4): 210/528 kB | 21/186 kB | 27/274 kB | 21/80 kBProgress (4): 210/528 kB | 21/186 kB | 27/274 kB | 22/80 kBProgress (4): 211/528 kB | 21/186 kB | 27/274 kB | 22/80 kBProgress (4): 211/528 kB | 22/186 kB | 27/274 kB | 22/80 kBProgress (4): 213/528 kB | 22/186 kB | 27/274 kB | 22/80 kBProgress (4): 214/528 kB | 22/186 kB | 27/274 kB | 22/80 kBProgress (4): 214/528 kB | 22/186 kB | 27/274 kB | 23/80 kBProgress (4): 214/528 kB | 22/186 kB | 27/274 kB | 25/80 kBProgress (4): 215/528 kB | 22/186 kB | 27/274 kB | 25/80 kBProgress (4): 217/528 kB | 22/186 kB | 27/274 kB | 25/80 kBProgress (4): 217/528 kB | 22/186 kB | 27/274 kB | 26/80 kBProgress (4): 217/528 kB | 22/186 kB | 27/274 kB | 27/80 kBProgress (4): 218/528 kB | 22/186 kB | 27/274 kB | 27/80 kBProgress (4): 219/528 kB | 22/186 kB | 27/274 kB | 27/80 kBProgress (4): 221/528 kB | 22/186 kB | 27/274 kB | 27/80 kBProgress (4): 222/528 kB | 22/186 kB | 27/274 kB | 27/80 kBProgress (4): 223/528 kB | 22/186 kB | 27/274 kB | 27/80 kBProgress (4): 225/528 kB | 22/186 kB | 27/274 kB | 27/80 kBProgress (4): 226/528 kB | 22/186 kB | 27/274 kB | 27/80 kBProgress (4): 228/528 kB | 22/186 kB | 27/274 kB | 27/80 kBProgress (5): 228/528 kB | 22/186 kB | 27/274 kB | 27/80 kB | 1.4/228 kBProgress (5): 228/528 kB | 22/186 kB | 27/274 kB | 27/80 kB | 2.7/228 kBProgress (5): 228/528 kB | 22/186 kB | 27/274 kB | 27/80 kB | 4.1/228 kBProgress (5): 228/528 kB | 22/186 kB | 27/274 kB | 27/80 kB | 5.5/228 kBProgress (5): 228/528 kB | 22/186 kB | 27/274 kB | 27/80 kB | 6.9/228 kBProgress (5): 228/528 kB | 22/186 kB | 27/274 kB | 27/80 kB | 8.2/228 kBProgress (5): 228/528 kB | 22/186 kB | 27/274 kB | 27/80 kB | 9.6/228 kBProgress (5): 228/528 kB | 22/186 kB | 27/274 kB | 27/80 kB | 11/228 kB Progress (5): 228/528 kB | 22/186 kB | 27/274 kB | 27/80 kB | 12/228 kBProgress (5): 228/528 kB | 22/186 kB | 27/274 kB | 27/80 kB | 14/228 kBProgress (5): 228/528 kB | 22/186 kB | 27/274 kB | 27/80 kB | 15/228 kBProgress (5): 229/528 kB | 22/186 kB | 27/274 kB | 27/80 kB | 15/228 kBProgress (5): 229/528 kB | 22/186 kB | 27/274 kB | 27/80 kB | 16/228 kBProgress (5): 230/528 kB | 22/186 kB | 27/274 kB | 27/80 kB | 16/228 kBProgress (5): 232/528 kB | 22/186 kB | 27/274 kB | 27/80 kB | 16/228 kBProgress (5): 233/528 kB | 22/186 kB | 27/274 kB | 27/80 kB | 16/228 kBProgress (5): 233/528 kB | 22/186 kB | 27/274 kB | 27/80 kB | 18/228 kBProgress (5): 233/528 kB | 22/186 kB | 27/274 kB | 27/80 kB | 19/228 kBProgress (5): 233/528 kB | 22/186 kB | 29/274 kB | 27/80 kB | 19/228 kBProgress (5): 233/528 kB | 22/186 kB | 30/274 kB | 27/80 kB | 19/228 kBProgress (5): 234/528 kB | 22/186 kB | 30/274 kB | 27/80 kB | 19/228 kBProgress (5): 236/528 kB | 22/186 kB | 30/274 kB | 27/80 kB | 19/228 kBProgress (5): 236/528 kB | 22/186 kB | 30/274 kB | 27/80 kB | 21/228 kBProgress (5): 236/528 kB | 22/186 kB | 30/274 kB | 27/80 kB | 22/228 kBProgress (5): 236/528 kB | 22/186 kB | 32/274 kB | 27/80 kB | 22/228 kBProgress (5): 236/528 kB | 22/186 kB | 33/274 kB | 27/80 kB | 22/228 kBProgress (5): 236/528 kB | 22/186 kB | 33/274 kB | 27/80 kB | 23/228 kBProgress (5): 237/528 kB | 22/186 kB | 33/274 kB | 27/80 kB | 23/228 kBProgress (5): 237/528 kB | 22/186 kB | 33/274 kB | 27/80 kB | 25/228 kBProgress (5): 237/528 kB | 22/186 kB | 34/274 kB | 27/80 kB | 25/228 kBProgress (5): 239/528 kB | 22/186 kB | 34/274 kB | 27/80 kB | 25/228 kBProgress (5): 239/528 kB | 22/186 kB | 36/274 kB | 27/80 kB | 25/228 kBProgress (5): 240/528 kB | 22/186 kB | 36/274 kB | 27/80 kB | 25/228 kBProgress (5): 240/528 kB | 22/186 kB | 37/274 kB | 27/80 kB | 25/228 kBProgress (5): 240/528 kB | 22/186 kB | 38/274 kB | 27/80 kB | 25/228 kBProgress (5): 240/528 kB | 22/186 kB | 38/274 kB | 27/80 kB | 26/228 kBProgress (5): 240/528 kB | 22/186 kB | 40/274 kB | 27/80 kB | 26/228 kBProgress (5): 240/528 kB | 22/186 kB | 40/274 kB | 27/80 kB | 27/228 kBProgress (5): 240/528 kB | 22/186 kB | 41/274 kB | 27/80 kB | 27/228 kBProgress (5): 240/528 kB | 22/186 kB | 43/274 kB | 27/80 kB | 27/228 kBProgress (5): 240/528 kB | 22/186 kB | 44/274 kB | 27/80 kB | 27/228 kBProgress (5): 240/528 kB | 22/186 kB | 45/274 kB | 27/80 kB | 27/228 kBProgress (5): 241/528 kB | 22/186 kB | 45/274 kB | 27/80 kB | 27/228 kBProgress (5): 241/528 kB | 22/186 kB | 47/274 kB | 27/80 kB | 27/228 kBProgress (5): 243/528 kB | 22/186 kB | 47/274 kB | 27/80 kB | 27/228 kBProgress (5): 243/528 kB | 22/186 kB | 48/274 kB | 27/80 kB | 27/228 kBProgress (5): 243/528 kB | 22/186 kB | 49/274 kB | 27/80 kB | 27/228 kBProgress (5): 243/528 kB | 22/186 kB | 51/274 kB | 27/80 kB | 27/228 kBProgress (5): 244/528 kB | 22/186 kB | 51/274 kB | 27/80 kB | 27/228 kBProgress (5): 245/528 kB | 22/186 kB | 51/274 kB | 27/80 kB | 27/228 kBProgress (5): 247/528 kB | 22/186 kB | 51/274 kB | 27/80 kB | 27/228 kBProgress (5): 247/528 kB | 22/186 kB | 52/274 kB | 27/80 kB | 27/228 kBProgress (5): 247/528 kB | 22/186 kB | 53/274 kB | 27/80 kB | 27/228 kBProgress (5): 247/528 kB | 22/186 kB | 55/274 kB | 27/80 kB | 27/228 kBProgress (5): 248/528 kB | 22/186 kB | 55/274 kB | 27/80 kB | 27/228 kBProgress (5): 250/528 kB | 22/186 kB | 55/274 kB | 27/80 kB | 27/228 kBProgress (5): 250/528 kB | 22/186 kB | 56/274 kB | 27/80 kB | 27/228 kBProgress (5): 250/528 kB | 22/186 kB | 58/274 kB | 27/80 kB | 27/228 kBProgress (5): 250/528 kB | 22/186 kB | 59/274 kB | 27/80 kB | 27/228 kBProgress (5): 250/528 kB | 22/186 kB | 60/274 kB | 27/80 kB | 27/228 kBProgress (5): 250/528 kB | 22/186 kB | 62/274 kB | 27/80 kB | 27/228 kBProgress (5): 250/528 kB | 22/186 kB | 63/274 kB | 27/80 kB | 27/228 kBProgress (5): 250/528 kB | 22/186 kB | 64/274 kB | 27/80 kB | 27/228 kBProgress (5): 251/528 kB | 22/186 kB | 64/274 kB | 27/80 kB | 27/228 kBProgress (5): 252/528 kB | 22/186 kB | 64/274 kB | 27/80 kB | 27/228 kBProgress (5): 252/528 kB | 22/186 kB | 66/274 kB | 27/80 kB | 27/228 kBProgress (5): 252/528 kB | 22/186 kB | 67/274 kB | 27/80 kB | 27/228 kBProgress (5): 254/528 kB | 22/186 kB | 67/274 kB | 27/80 kB | 27/228 kBProgress (5): 255/528 kB | 22/186 kB | 67/274 kB | 27/80 kB | 27/228 kBProgress (5): 255/528 kB | 22/186 kB | 69/274 kB | 27/80 kB | 27/228 kBProgress (5): 255/528 kB | 22/186 kB | 69/274 kB | 29/80 kB | 27/228 kBProgress (5): 255/528 kB | 22/186 kB | 69/274 kB | 30/80 kB | 27/228 kBProgress (5): 255/528 kB | 22/186 kB | 69/274 kB | 32/80 kB | 27/228 kBProgress (5): 255/528 kB | 22/186 kB | 69/274 kB | 33/80 kB | 27/228 kBProgress (5): 255/528 kB | 22/186 kB | 69/274 kB | 34/80 kB | 27/228 kBProgress (5): 255/528 kB | 22/186 kB | 69/274 kB | 36/80 kB | 27/228 kBProgress (5): 255/528 kB | 22/186 kB | 69/274 kB | 37/80 kB | 27/228 kBProgress (5): 255/528 kB | 22/186 kB | 69/274 kB | 38/80 kB | 27/228 kBProgress (5): 255/528 kB | 22/186 kB | 69/274 kB | 40/80 kB | 27/228 kBProgress (5): 255/528 kB | 22/186 kB | 69/274 kB | 41/80 kB | 27/228 kBProgress (5): 255/528 kB | 22/186 kB | 70/274 kB | 41/80 kB | 27/228 kBProgress (5): 255/528 kB | 22/186 kB | 71/274 kB | 41/80 kB | 27/228 kBProgress (5): 256/528 kB | 22/186 kB | 71/274 kB | 41/80 kB | 27/228 kBProgress (5): 258/528 kB | 22/186 kB | 71/274 kB | 41/80 kB | 27/228 kBProgress (5): 258/528 kB | 22/186 kB | 71/274 kB | 43/80 kB | 27/228 kBProgress (5): 258/528 kB | 22/186 kB | 73/274 kB | 43/80 kB | 27/228 kBProgress (5): 258/528 kB | 22/186 kB | 73/274 kB | 44/80 kB | 27/228 kBProgress (5): 258/528 kB | 22/186 kB | 74/274 kB | 44/80 kB | 27/228 kBProgress (5): 258/528 kB | 22/186 kB | 74/274 kB | 45/80 kB | 27/228 kBProgress (5): 258/528 kB | 22/186 kB | 75/274 kB | 45/80 kB | 27/228 kBProgress (5): 258/528 kB | 22/186 kB | 75/274 kB | 47/80 kB | 27/228 kBProgress (5): 258/528 kB | 22/186 kB | 77/274 kB | 47/80 kB | 27/228 kBProgress (5): 259/528 kB | 22/186 kB | 77/274 kB | 47/80 kB | 27/228 kBProgress (5): 259/528 kB | 22/186 kB | 77/274 kB | 48/80 kB | 27/228 kBProgress (5): 260/528 kB | 22/186 kB | 77/274 kB | 48/80 kB | 27/228 kBProgress (5): 260/528 kB | 22/186 kB | 78/274 kB | 48/80 kB | 27/228 kBProgress (5): 260/528 kB | 22/186 kB | 80/274 kB | 48/80 kB | 27/228 kBProgress (5): 260/528 kB | 22/186 kB | 81/274 kB | 48/80 kB | 27/228 kBProgress (5): 260/528 kB | 22/186 kB | 81/274 kB | 49/80 kB | 27/228 kBProgress (5): 260/528 kB | 22/186 kB | 82/274 kB | 49/80 kB | 27/228 kBProgress (5): 260/528 kB | 22/186 kB | 82/274 kB | 51/80 kB | 27/228 kBProgress (5): 260/528 kB | 23/186 kB | 82/274 kB | 51/80 kB | 27/228 kBProgress (5): 260/528 kB | 23/186 kB | 84/274 kB | 51/80 kB | 27/228 kBProgress (5): 262/528 kB | 23/186 kB | 84/274 kB | 51/80 kB | 27/228 kBProgress (5): 263/528 kB | 23/186 kB | 84/274 kB | 51/80 kB | 27/228 kBProgress (5): 263/528 kB | 23/186 kB | 85/274 kB | 51/80 kB | 27/228 kBProgress (5): 263/528 kB | 23/186 kB | 85/274 kB | 52/80 kB | 27/228 kBProgress (5): 265/528 kB | 23/186 kB | 85/274 kB | 52/80 kB | 27/228 kBProgress (5): 265/528 kB | 23/186 kB | 85/274 kB | 53/80 kB | 27/228 kBProgress (5): 265/528 kB | 23/186 kB | 85/274 kB | 55/80 kB | 27/228 kBProgress (5): 265/528 kB | 25/186 kB | 85/274 kB | 55/80 kB | 27/228 kBProgress (5): 265/528 kB | 25/186 kB | 85/274 kB | 56/80 kB | 27/228 kBProgress (5): 265/528 kB | 26/186 kB | 85/274 kB | 56/80 kB | 27/228 kBProgress (5): 265/528 kB | 26/186 kB | 85/274 kB | 58/80 kB | 27/228 kBProgress (5): 265/528 kB | 26/186 kB | 85/274 kB | 59/80 kB | 27/228 kBProgress (5): 265/528 kB | 26/186 kB | 85/274 kB | 60/80 kB | 27/228 kBProgress (5): 265/528 kB | 26/186 kB | 85/274 kB | 62/80 kB | 27/228 kBProgress (5): 265/528 kB | 26/186 kB | 85/274 kB | 63/80 kB | 27/228 kBProgress (5): 265/528 kB | 26/186 kB | 85/274 kB | 64/80 kB | 27/228 kBProgress (5): 266/528 kB | 26/186 kB | 85/274 kB | 64/80 kB | 27/228 kBProgress (5): 267/528 kB | 26/186 kB | 85/274 kB | 64/80 kB | 27/228 kBProgress (5): 269/528 kB | 26/186 kB | 85/274 kB | 64/80 kB | 27/228 kBProgress (5): 270/528 kB | 26/186 kB | 85/274 kB | 64/80 kB | 27/228 kBProgress (5): 271/528 kB | 26/186 kB | 85/274 kB | 64/80 kB | 27/228 kBProgress (5): 271/528 kB | 26/186 kB | 85/274 kB | 66/80 kB | 27/228 kBProgress (5): 271/528 kB | 26/186 kB | 85/274 kB | 67/80 kB | 27/228 kBProgress (5): 271/528 kB | 27/186 kB | 85/274 kB | 67/80 kB | 27/228 kBProgress (5): 271/528 kB | 29/186 kB | 85/274 kB | 67/80 kB | 27/228 kBProgress (5): 271/528 kB | 29/186 kB | 85/274 kB | 69/80 kB | 27/228 kBProgress (5): 271/528 kB | 29/186 kB | 85/274 kB | 70/80 kB | 27/228 kBProgress (5): 273/528 kB | 29/186 kB | 85/274 kB | 70/80 kB | 27/228 kBProgress (5): 274/528 kB | 29/186 kB | 85/274 kB | 70/80 kB | 27/228 kBProgress (5): 274/528 kB | 29/186 kB | 85/274 kB | 71/80 kB | 27/228 kBProgress (5): 274/528 kB | 29/186 kB | 85/274 kB | 73/80 kB | 27/228 kBProgress (5): 274/528 kB | 29/186 kB | 85/274 kB | 74/80 kB | 27/228 kBProgress (5): 274/528 kB | 29/186 kB | 85/274 kB | 75/80 kB | 27/228 kBProgress (5): 274/528 kB | 30/186 kB | 85/274 kB | 75/80 kB | 27/228 kBProgress (5): 274/528 kB | 32/186 kB | 85/274 kB | 75/80 kB | 27/228 kBProgress (5): 274/528 kB | 32/186 kB | 85/274 kB | 77/80 kB | 27/228 kBProgress (5): 274/528 kB | 32/186 kB | 85/274 kB | 78/80 kB | 27/228 kBProgress (5): 274/528 kB | 32/186 kB | 85/274 kB | 78/80 kB | 29/228 kBProgress (5): 274/528 kB | 32/186 kB | 85/274 kB | 78/80 kB | 30/228 kBProgress (5): 274/528 kB | 32/186 kB | 85/274 kB | 78/80 kB | 32/228 kBProgress (5): 274/528 kB | 32/186 kB | 85/274 kB | 78/80 kB | 33/228 kBProgress (5): 274/528 kB | 32/186 kB | 85/274 kB | 80/80 kB | 33/228 kBProgress (5): 274/528 kB | 32/186 kB | 85/274 kB | 80/80 kB | 34/228 kBProgress (5): 274/528 kB | 32/186 kB | 85/274 kB | 80/80 kB | 36/228 kBProgress (5): 274/528 kB | 32/186 kB | 85/274 kB | 80/80 kB | 37/228 kBProgress (5): 274/528 kB | 32/186 kB | 85/274 kB | 80 kB | 37/228 kB   Progress (5): 274/528 kB | 32/186 kB | 85/274 kB | 80 kB | 38/228 kBProgress (5): 274/528 kB | 32/186 kB | 85/274 kB | 80 kB | 40/228 kBProgress (5): 274/528 kB | 32/186 kB | 85/274 kB | 80 kB | 41/228 kBProgress (5): 274/528 kB | 32/186 kB | 85/274 kB | 80 kB | 43/228 kBProgress (5): 274/528 kB | 32/186 kB | 85/274 kB | 80 kB | 44/228 kBProgress (5): 276/528 kB | 32/186 kB | 85/274 kB | 80 kB | 44/228 kBProgress (5): 276/528 kB | 33/186 kB | 85/274 kB | 80 kB | 44/228 kBProgress (5): 277/528 kB | 33/186 kB | 85/274 kB | 80 kB | 44/228 kBProgress (5): 278/528 kB | 33/186 kB | 85/274 kB | 80 kB | 44/228 kBProgress (5): 278/528 kB | 34/186 kB | 85/274 kB | 80 kB | 44/228 kBProgress (5): 280/528 kB | 34/186 kB | 85/274 kB | 80 kB | 44/228 kBProgress (5): 281/528 kB | 34/186 kB | 85/274 kB | 80 kB | 44/228 kBProgress (5): 281/528 kB | 34/186 kB | 85/274 kB | 80 kB | 45/228 kBProgress (5): 281/528 kB | 34/186 kB | 85/274 kB | 80 kB | 47/228 kBProgress (5): 281/528 kB | 34/186 kB | 85/274 kB | 80 kB | 48/228 kBProgress (5): 282/528 kB | 34/186 kB | 85/274 kB | 80 kB | 48/228 kBProgress (5): 284/528 kB | 34/186 kB | 85/274 kB | 80 kB | 48/228 kBProgress (5): 284/528 kB | 34/186 kB | 85/274 kB | 80 kB | 49/228 kBProgress (5): 284/528 kB | 34/186 kB | 85/274 kB | 80 kB | 51/228 kBProgress (5): 284/528 kB | 34/186 kB | 85/274 kB | 80 kB | 52/228 kBProgress (5): 284/528 kB | 34/186 kB | 85/274 kB | 80 kB | 53/228 kBProgress (5): 284/528 kB | 34/186 kB | 86/274 kB | 80 kB | 53/228 kBProgress (5): 284/528 kB | 34/186 kB | 88/274 kB | 80 kB | 53/228 kBProgress (5): 284/528 kB | 36/186 kB | 88/274 kB | 80 kB | 53/228 kBProgress (5): 285/528 kB | 36/186 kB | 88/274 kB | 80 kB | 53/228 kBProgress (5): 285/528 kB | 37/186 kB | 88/274 kB | 80 kB | 53/228 kBProgress (5): 287/528 kB | 37/186 kB | 88/274 kB | 80 kB | 53/228 kBProgress (5): 287/528 kB | 37/186 kB | 89/274 kB | 80 kB | 53/228 kBProgress (5): 287/528 kB | 37/186 kB | 90/274 kB | 80 kB | 53/228 kBProgress (5): 287/528 kB | 37/186 kB | 90/274 kB | 80 kB | 55/228 kBProgress (5): 287/528 kB | 37/186 kB | 90/274 kB | 80 kB | 56/228 kBProgress (5): 287/528 kB | 37/186 kB | 92/274 kB | 80 kB | 56/228 kBProgress (5): 287/528 kB | 37/186 kB | 92/274 kB | 80 kB | 58/228 kBProgress (5): 287/528 kB | 37/186 kB | 93/274 kB | 80 kB | 58/228 kBProgress (5): 287/528 kB | 37/186 kB | 93/274 kB | 80 kB | 59/228 kBProgress (5): 287/528 kB | 37/186 kB | 95/274 kB | 80 kB | 59/228 kBProgress (5): 287/528 kB | 37/186 kB | 96/274 kB | 80 kB | 59/228 kBProgress (5): 288/528 kB | 37/186 kB | 96/274 kB | 80 kB | 59/228 kBProgress (5): 288/528 kB | 37/186 kB | 96/274 kB | 80 kB | 60/228 kBProgress (5): 288/528 kB | 37/186 kB | 96/274 kB | 80 kB | 62/228 kBProgress (5): 288/528 kB | 37/186 kB | 97/274 kB | 80 kB | 62/228 kBProgress (5): 288/528 kB | 37/186 kB | 99/274 kB | 80 kB | 62/228 kBProgress (5): 288/528 kB | 38/186 kB | 99/274 kB | 80 kB | 62/228 kBProgress (5): 288/528 kB | 38/186 kB | 99/274 kB | 80 kB | 63/228 kBProgress (5): 288/528 kB | 40/186 kB | 99/274 kB | 80 kB | 63/228 kBProgress (5): 288/528 kB | 40/186 kB | 99/274 kB | 80 kB | 64/228 kBProgress (5): 288/528 kB | 40/186 kB | 100/274 kB | 80 kB | 64/228 kBProgress (5): 288/528 kB | 40/186 kB | 101/274 kB | 80 kB | 64/228 kBProgress (5): 288/528 kB | 40/186 kB | 101/274 kB | 80 kB | 66/228 kBProgress (5): 288/528 kB | 40/186 kB | 101/274 kB | 80 kB | 67/228 kBProgress (5): 288/528 kB | 40/186 kB | 103/274 kB | 80 kB | 67/228 kBProgress (5): 288/528 kB | 40/186 kB | 104/274 kB | 80 kB | 67/228 kBProgress (5): 288/528 kB | 40/186 kB | 104/274 kB | 80 kB | 69/228 kBProgress (5): 288/528 kB | 40/186 kB | 106/274 kB | 80 kB | 69/228 kBProgress (5): 288/528 kB | 40/186 kB | 106/274 kB | 80 kB | 70/228 kBProgress (5): 288/528 kB | 40/186 kB | 107/274 kB | 80 kB | 70/228 kBProgress (5): 288/528 kB | 40/186 kB | 108/274 kB | 80 kB | 70/228 kBProgress (5): 288/528 kB | 40/186 kB | 110/274 kB | 80 kB | 70/228 kBProgress (5): 288/528 kB | 40/186 kB | 110/274 kB | 80 kB | 71/228 kBProgress (5): 288/528 kB | 40/186 kB | 110/274 kB | 80 kB | 73/228 kBProgress (5): 288/528 kB | 40/186 kB | 111/274 kB | 80 kB | 73/228 kBProgress (5): 288/528 kB | 40/186 kB | 112/274 kB | 80 kB | 73/228 kBProgress (5): 288/528 kB | 40/186 kB | 114/274 kB | 80 kB | 73/228 kBProgress (5): 288/528 kB | 40/186 kB | 114/274 kB | 80 kB | 74/228 kBProgress (5): 288/528 kB | 40/186 kB | 114/274 kB | 80 kB | 75/228 kBProgress (5): 288/528 kB | 40/186 kB | 115/274 kB | 80 kB | 75/228 kBProgress (5): 288/528 kB | 40/186 kB | 117/274 kB | 80 kB | 75/228 kBProgress (5): 288/528 kB | 40/186 kB | 117/274 kB | 80 kB | 77/228 kBProgress (5): 288/528 kB | 40/186 kB | 117/274 kB | 80 kB | 78/228 kBProgress (5): 288/528 kB | 40/186 kB | 118/274 kB | 80 kB | 78/228 kBProgress (5): 288/528 kB | 40/186 kB | 119/274 kB | 80 kB | 78/228 kBProgress (5): 288/528 kB | 40/186 kB | 121/274 kB | 80 kB | 78/228 kBProgress (5): 288/528 kB | 40/186 kB | 122/274 kB | 80 kB | 78/228 kBProgress (5): 288/528 kB | 40/186 kB | 122/274 kB | 80 kB | 80/228 kBProgress (5): 288/528 kB | 40/186 kB | 122/274 kB | 80 kB | 81/228 kBProgress (5): 288/528 kB | 40/186 kB | 122/274 kB | 80 kB | 82/228 kBProgress (5): 288/528 kB | 40/186 kB | 123/274 kB | 80 kB | 82/228 kBProgress (5): 288/528 kB | 40/186 kB | 125/274 kB | 80 kB | 82/228 kBProgress (5): 288/528 kB | 40/186 kB | 125/274 kB | 80 kB | 84/228 kBProgress (5): 288/528 kB | 40/186 kB | 125/274 kB | 80 kB | 85/228 kBProgress (5): 288/528 kB | 40/186 kB | 126/274 kB | 80 kB | 85/228 kBProgress (5): 288/528 kB | 40/186 kB | 128/274 kB | 80 kB | 85/228 kBProgress (5): 288/528 kB | 40/186 kB | 129/274 kB | 80 kB | 85/228 kBProgress (5): 288/528 kB | 40/186 kB | 130/274 kB | 80 kB | 85/228 kBProgress (5): 288/528 kB | 40/186 kB | 132/274 kB | 80 kB | 85/228 kBProgress (5): 288/528 kB | 40/186 kB | 133/274 kB | 80 kB | 85/228 kBProgress (5): 288/528 kB | 40/186 kB | 134/274 kB | 80 kB | 85/228 kBProgress (5): 288/528 kB | 40/186 kB | 136/274 kB | 80 kB | 85/228 kBProgress (5): 288/528 kB | 40/186 kB | 137/274 kB | 80 kB | 85/228 kBProgress (5): 288/528 kB | 40/186 kB | 138/274 kB | 80 kB | 85/228 kBProgress (5): 288/528 kB | 40/186 kB | 140/274 kB | 80 kB | 85/228 kBProgress (5): 288/528 kB | 40/186 kB | 141/274 kB | 80 kB | 85/228 kBProgress (5): 288/528 kB | 40/186 kB | 143/274 kB | 80 kB | 85/228 kBProgress (5): 288/528 kB | 40/186 kB | 144/274 kB | 80 kB | 85/228 kBProgress (5): 288/528 kB | 40/186 kB | 145/274 kB | 80 kB | 85/228 kBProgress (5): 288/528 kB | 40/186 kB | 147/274 kB | 80 kB | 85/228 kBProgress (5): 288/528 kB | 40/186 kB | 148/274 kB | 80 kB | 85/228 kBProgress (5): 288/528 kB | 40/186 kB | 149/274 kB | 80 kB | 85/228 kBProgress (5): 288/528 kB | 40/186 kB | 151/274 kB | 80 kB | 85/228 kBProgress (5): 288/528 kB | 40/186 kB | 152/274 kB | 80 kB | 85/228 kBProgress (5): 288/528 kB | 40/186 kB | 154/274 kB | 80 kB | 85/228 kBProgress (5): 288/528 kB | 40/186 kB | 155/274 kB | 80 kB | 85/228 kBProgress (5): 288/528 kB | 40/186 kB | 156/274 kB | 80 kB | 85/228 kBProgress (5): 288/528 kB | 40/186 kB | 158/274 kB | 80 kB | 85/228 kBProgress (5): 288/528 kB | 40/186 kB | 159/274 kB | 80 kB | 85/228 kBProgress (5): 288/528 kB | 40/186 kB | 160/274 kB | 80 kB | 85/228 kBProgress (5): 288/528 kB | 40/186 kB | 162/274 kB | 80 kB | 85/228 kBProgress (5): 288/528 kB | 40/186 kB | 163/274 kB | 80 kB | 85/228 kBProgress (5): 288/528 kB | 40/186 kB | 165/274 kB | 80 kB | 85/228 kBProgress (5): 288/528 kB | 40/186 kB | 166/274 kB | 80 kB | 85/228 kBProgress (5): 288/528 kB | 40/186 kB | 167/274 kB | 80 kB | 85/228 kBProgress (5): 288/528 kB | 40/186 kB | 169/274 kB | 80 kB | 85/228 kBProgress (5): 288/528 kB | 40/186 kB | 170/274 kB | 80 kB | 85/228 kBProgress (5): 288/528 kB | 40/186 kB | 171/274 kB | 80 kB | 85/228 kBProgress (5): 288/528 kB | 40/186 kB | 173/274 kB | 80 kB | 85/228 kBProgress (5): 288/528 kB | 40/186 kB | 174/274 kB | 80 kB | 85/228 kBProgress (5): 288/528 kB | 40/186 kB | 175/274 kB | 80 kB | 85/228 kBProgress (5): 288/528 kB | 40/186 kB | 177/274 kB | 80 kB | 85/228 kBProgress (5): 288/528 kB | 40/186 kB | 178/274 kB | 80 kB | 85/228 kBProgress (5): 288/528 kB | 40/186 kB | 180/274 kB | 80 kB | 85/228 kBProgress (5): 288/528 kB | 40/186 kB | 181/274 kB | 80 kB | 85/228 kBProgress (5): 288/528 kB | 40/186 kB | 182/274 kB | 80 kB | 85/228 kBProgress (5): 288/528 kB | 40/186 kB | 184/274 kB | 80 kB | 85/228 kBProgress (5): 288/528 kB | 40/186 kB | 185/274 kB | 80 kB | 85/228 kBProgress (5): 288/528 kB | 40/186 kB | 186/274 kB | 80 kB | 85/228 kBProgress (5): 288/528 kB | 40/186 kB | 188/274 kB | 80 kB | 85/228 kBProgress (5): 288/528 kB | 40/186 kB | 189/274 kB | 80 kB | 85/228 kBProgress (5): 288/528 kB | 40/186 kB | 191/274 kB | 80 kB | 85/228 kBProgress (5): 288/528 kB | 40/186 kB | 192/274 kB | 80 kB | 85/228 kBProgress (5): 288/528 kB | 40/186 kB | 193/274 kB | 80 kB | 85/228 kBProgress (5): 288/528 kB | 40/186 kB | 195/274 kB | 80 kB | 85/228 kBProgress (5): 288/528 kB | 40/186 kB | 196/274 kB | 80 kB | 85/228 kBProgress (5): 288/528 kB | 40/186 kB | 197/274 kB | 80 kB | 85/228 kBProgress (5): 288/528 kB | 41/186 kB | 197/274 kB | 80 kB | 85/228 kBProgress (5): 288/528 kB | 43/186 kB | 197/274 kB | 80 kB | 85/228 kBProgress (5): 288/528 kB | 44/186 kB | 197/274 kB | 80 kB | 85/228 kBProgress (5): 288/528 kB | 45/186 kB | 197/274 kB | 80 kB | 85/228 kBProgress (5): 288/528 kB | 47/186 kB | 197/274 kB | 80 kB | 85/228 kBProgress (5): 288/528 kB | 47/186 kB | 197/274 kB | 80 kB | 86/228 kBProgress (5): 288/528 kB | 48/186 kB | 197/274 kB | 80 kB | 86/228 kBProgress (5): 288/528 kB | 48/186 kB | 197/274 kB | 80 kB | 88/228 kBProgress (5): 288/528 kB | 49/186 kB | 197/274 kB | 80 kB | 88/228 kBProgress (5): 288/528 kB | 49/186 kB | 197/274 kB | 80 kB | 89/228 kBProgress (5): 288/528 kB | 49/186 kB | 197/274 kB | 80 kB | 90/228 kBProgress (5): 288/528 kB | 49/186 kB | 197/274 kB | 80 kB | 92/228 kBProgress (5): 288/528 kB | 49/186 kB | 197/274 kB | 80 kB | 93/228 kBProgress (5): 288/528 kB | 49/186 kB | 197/274 kB | 80 kB | 95/228 kBProgress (5): 288/528 kB | 49/186 kB | 197/274 kB | 80 kB | 96/228 kBProgress (5): 288/528 kB | 51/186 kB | 197/274 kB | 80 kB | 96/228 kBProgress (5): 288/528 kB | 51/186 kB | 197/274 kB | 80 kB | 97/228 kBProgress (5): 288/528 kB | 52/186 kB | 197/274 kB | 80 kB | 97/228 kBProgress (5): 288/528 kB | 52/186 kB | 197/274 kB | 80 kB | 99/228 kBProgress (5): 288/528 kB | 52/186 kB | 197/274 kB | 80 kB | 100/228 kBProgress (5): 288/528 kB | 52/186 kB | 197/274 kB | 80 kB | 101/228 kBProgress (5): 288/528 kB | 52/186 kB | 197/274 kB | 80 kB | 103/228 kBProgress (5): 288/528 kB | 52/186 kB | 197/274 kB | 80 kB | 104/228 kBProgress (5): 288/528 kB | 52/186 kB | 197/274 kB | 80 kB | 106/228 kBProgress (5): 288/528 kB | 52/186 kB | 197/274 kB | 80 kB | 107/228 kBProgress (5): 288/528 kB | 52/186 kB | 197/274 kB | 80 kB | 108/228 kBProgress (5): 288/528 kB | 53/186 kB | 197/274 kB | 80 kB | 108/228 kBProgress (5): 288/528 kB | 55/186 kB | 197/274 kB | 80 kB | 108/228 kBProgress (5): 288/528 kB | 55/186 kB | 197/274 kB | 80 kB | 110/228 kBProgress (5): 288/528 kB | 55/186 kB | 199/274 kB | 80 kB | 110/228 kBProgress (5): 288/528 kB | 55/186 kB | 200/274 kB | 80 kB | 110/228 kBProgress (5): 288/528 kB | 55/186 kB | 200/274 kB | 80 kB | 111/228 kBProgress (5): 288/528 kB | 55/186 kB | 202/274 kB | 80 kB | 111/228 kBProgress (5): 288/528 kB | 55/186 kB | 203/274 kB | 80 kB | 111/228 kBProgress (5): 288/528 kB | 55/186 kB | 203/274 kB | 80 kB | 112/228 kBProgress (5): 288/528 kB | 55/186 kB | 203/274 kB | 80 kB | 114/228 kBProgress (5): 288/528 kB | 55/186 kB | 204/274 kB | 80 kB | 114/228 kBProgress (5): 288/528 kB | 55/186 kB | 206/274 kB | 80 kB | 114/228 kBProgress (5): 288/528 kB | 55/186 kB | 206/274 kB | 80 kB | 115/228 kB                                                                      Downloaded: https://repo.maven.apache.org/maven2/org/apache/maven/maven-artifact/2.2.1/maven-artifact-2.2.1.jar (80 kB at 37 kB/s)
Downloading: https://repo.maven.apache.org/maven2/org/apache/maven/maven-plugin-descriptor/2.2.1/maven-plugin-descriptor-2.2.1.jar
Progress (4): 288/528 kB | 55/186 kB | 206/274 kB | 117/228 kBProgress (4): 288/528 kB | 55/186 kB | 206/274 kB | 118/228 kBProgress (4): 288/528 kB | 55/186 kB | 206/274 kB | 119/228 kBProgress (4): 288/528 kB | 55/186 kB | 207/274 kB | 119/228 kBProgress (4): 288/528 kB | 55/186 kB | 208/274 kB | 119/228 kBProgress (4): 288/528 kB | 55/186 kB | 210/274 kB | 119/228 kBProgress (4): 288/528 kB | 55/186 kB | 211/274 kB | 119/228 kBProgress (4): 288/528 kB | 55/186 kB | 211/274 kB | 121/228 kBProgress (4): 288/528 kB | 56/186 kB | 211/274 kB | 121/228 kBProgress (4): 288/528 kB | 56/186 kB | 211/274 kB | 122/228 kBProgress (4): 288/528 kB | 58/186 kB | 211/274 kB | 122/228 kBProgress (4): 288/528 kB | 58/186 kB | 213/274 kB | 122/228 kBProgress (4): 288/528 kB | 58/186 kB | 214/274 kB | 122/228 kBProgress (4): 288/528 kB | 58/186 kB | 215/274 kB | 122/228 kBProgress (4): 288/528 kB | 58/186 kB | 217/274 kB | 122/228 kBProgress (4): 288/528 kB | 58/186 kB | 218/274 kB | 122/228 kBProgress (4): 288/528 kB | 58/186 kB | 218/274 kB | 123/228 kBProgress (4): 288/528 kB | 58/186 kB | 218/274 kB | 125/228 kBProgress (4): 288/528 kB | 58/186 kB | 219/274 kB | 125/228 kBProgress (4): 288/528 kB | 58/186 kB | 221/274 kB | 125/228 kBProgress (4): 288/528 kB | 58/186 kB | 221/274 kB | 126/228 kBProgress (4): 288/528 kB | 58/186 kB | 221/274 kB | 128/228 kBProgress (4): 288/528 kB | 58/186 kB | 222/274 kB | 128/228 kBProgress (4): 288/528 kB | 58/186 kB | 223/274 kB | 128/228 kBProgress (4): 288/528 kB | 58/186 kB | 223/274 kB | 129/228 kBProgress (4): 288/528 kB | 58/186 kB | 223/274 kB | 130/228 kBProgress (4): 288/528 kB | 58/186 kB | 225/274 kB | 130/228 kBProgress (4): 288/528 kB | 58/186 kB | 226/274 kB | 130/228 kBProgress (4): 288/528 kB | 59/186 kB | 226/274 kB | 130/228 kBProgress (4): 288/528 kB | 60/186 kB | 226/274 kB | 130/228 kBProgress (4): 288/528 kB | 60/186 kB | 226/274 kB | 132/228 kBProgress (4): 288/528 kB | 60/186 kB | 228/274 kB | 132/228 kBProgress (4): 288/528 kB | 60/186 kB | 228/274 kB | 133/228 kBProgress (4): 288/528 kB | 60/186 kB | 229/274 kB | 133/228 kBProgress (4): 288/528 kB | 60/186 kB | 230/274 kB | 133/228 kBProgress (4): 288/528 kB | 60/186 kB | 232/274 kB | 133/228 kBProgress (4): 288/528 kB | 60/186 kB | 232/274 kB | 134/228 kBProgress (4): 288/528 kB | 60/186 kB | 233/274 kB | 134/228 kBProgress (4): 288/528 kB | 60/186 kB | 234/274 kB | 134/228 kBProgress (4): 288/528 kB | 60/186 kB | 234/274 kB | 136/228 kBProgress (4): 288/528 kB | 60/186 kB | 234/274 kB | 137/228 kBProgress (4): 288/528 kB | 60/186 kB | 234/274 kB | 138/228 kBProgress (4): 288/528 kB | 60/186 kB | 236/274 kB | 138/228 kBProgress (4): 288/528 kB | 60/186 kB | 237/274 kB | 138/228 kBProgress (4): 288/528 kB | 60/186 kB | 237/274 kB | 140/228 kBProgress (4): 288/528 kB | 60/186 kB | 239/274 kB | 140/228 kBProgress (4): 288/528 kB | 60/186 kB | 239/274 kB | 141/228 kBProgress (4): 288/528 kB | 60/186 kB | 240/274 kB | 141/228 kBProgress (4): 288/528 kB | 62/186 kB | 240/274 kB | 141/228 kBProgress (4): 288/528 kB | 63/186 kB | 240/274 kB | 141/228 kBProgress (4): 288/528 kB | 63/186 kB | 241/274 kB | 141/228 kBProgress (4): 288/528 kB | 63/186 kB | 243/274 kB | 141/228 kBProgress (4): 288/528 kB | 63/186 kB | 243/274 kB | 143/228 kBProgress (4): 288/528 kB | 63/186 kB | 243/274 kB | 144/228 kBProgress (4): 288/528 kB | 63/186 kB | 244/274 kB | 144/228 kBProgress (4): 288/528 kB | 63/186 kB | 245/274 kB | 144/228 kBProgress (4): 288/528 kB | 63/186 kB | 247/274 kB | 144/228 kBProgress (4): 289/528 kB | 63/186 kB | 247/274 kB | 144/228 kBProgress (4): 291/528 kB | 63/186 kB | 247/274 kB | 144/228 kBProgress (4): 291/528 kB | 63/186 kB | 247/274 kB | 145/228 kBProgress (4): 292/528 kB | 63/186 kB | 247/274 kB | 145/228 kBProgress (4): 292/528 kB | 63/186 kB | 247/274 kB | 147/228 kBProgress (4): 293/528 kB | 63/186 kB | 247/274 kB | 147/228 kBProgress (4): 293/528 kB | 63/186 kB | 247/274 kB | 148/228 kBProgress (4): 295/528 kB | 63/186 kB | 247/274 kB | 148/228 kBProgress (4): 296/528 kB | 63/186 kB | 247/274 kB | 148/228 kBProgress (4): 298/528 kB | 63/186 kB | 247/274 kB | 148/228 kBProgress (4): 298/528 kB | 63/186 kB | 248/274 kB | 148/228 kBProgress (4): 299/528 kB | 63/186 kB | 248/274 kB | 148/228 kBProgress (4): 300/528 kB | 63/186 kB | 248/274 kB | 148/228 kBProgress (4): 302/528 kB | 63/186 kB | 248/274 kB | 148/228 kBProgress (4): 303/528 kB | 63/186 kB | 248/274 kB | 148/228 kBProgress (4): 304/528 kB | 63/186 kB | 248/274 kB | 148/228 kBProgress (4): 306/528 kB | 63/186 kB | 248/274 kB | 148/228 kBProgress (4): 306/528 kB | 63/186 kB | 250/274 kB | 148/228 kBProgress (4): 306/528 kB | 63/186 kB | 251/274 kB | 148/228 kBProgress (4): 306/528 kB | 63/186 kB | 252/274 kB | 148/228 kBProgress (4): 307/528 kB | 63/186 kB | 252/274 kB | 148/228 kBProgress (4): 308/528 kB | 63/186 kB | 252/274 kB | 148/228 kBProgress (4): 310/528 kB | 63/186 kB | 252/274 kB | 148/228 kBProgress (4): 311/528 kB | 63/186 kB | 252/274 kB | 148/228 kBProgress (4): 313/528 kB | 63/186 kB | 252/274 kB | 148/228 kBProgress (4): 314/528 kB | 63/186 kB | 252/274 kB | 148/228 kBProgress (4): 315/528 kB | 63/186 kB | 252/274 kB | 148/228 kBProgress (4): 317/528 kB | 63/186 kB | 252/274 kB | 148/228 kBProgress (4): 318/528 kB | 63/186 kB | 252/274 kB | 148/228 kBProgress (4): 319/528 kB | 63/186 kB | 252/274 kB | 148/228 kBProgress (4): 319/528 kB | 63/186 kB | 252/274 kB | 149/228 kBProgress (4): 319/528 kB | 63/186 kB | 252/274 kB | 151/228 kBProgress (4): 319/528 kB | 63/186 kB | 254/274 kB | 151/228 kBProgress (4): 319/528 kB | 63/186 kB | 254/274 kB | 152/228 kBProgress (4): 321/528 kB | 63/186 kB | 254/274 kB | 152/228 kBProgress (4): 321/528 kB | 63/186 kB | 254/274 kB | 154/228 kBProgress (4): 321/528 kB | 63/186 kB | 255/274 kB | 154/228 kBProgress (4): 322/528 kB | 63/186 kB | 255/274 kB | 154/228 kBProgress (4): 322/528 kB | 63/186 kB | 256/274 kB | 154/228 kBProgress (4): 324/528 kB | 63/186 kB | 256/274 kB | 154/228 kBProgress (4): 324/528 kB | 63/186 kB | 258/274 kB | 154/228 kBProgress (4): 325/528 kB | 63/186 kB | 258/274 kB | 154/228 kBProgress (4): 325/528 kB | 64/186 kB | 258/274 kB | 154/228 kBProgress (4): 326/528 kB | 64/186 kB | 258/274 kB | 154/228 kBProgress (4): 328/528 kB | 64/186 kB | 258/274 kB | 154/228 kBProgress (4): 328/528 kB | 64/186 kB | 258/274 kB | 154/228 kBProgress (4): 328/528 kB | 66/186 kB | 258/274 kB | 154/228 kBProgress (4): 332/528 kB | 66/186 kB | 258/274 kB | 154/228 kBProgress (4): 337/528 kB | 66/186 kB | 258/274 kB | 154/228 kBProgress (4): 341/528 kB | 66/186 kB | 258/274 kB | 154/228 kBProgress (4): 345/528 kB | 66/186 kB | 258/274 kB | 154/228 kBProgress (4): 345/528 kB | 66/186 kB | 259/274 kB | 154/228 kBProgress (4): 345/528 kB | 66/186 kB | 259/274 kB | 155/228 kBProgress (4): 345/528 kB | 66/186 kB | 260/274 kB | 155/228 kBProgress (4): 345/528 kB | 66/186 kB | 260/274 kB | 156/228 kBProgress (4): 345/528 kB | 66/186 kB | 260/274 kB | 158/228 kBProgress (4): 345/528 kB | 66/186 kB | 262/274 kB | 158/228 kBProgress (4): 345/528 kB | 66/186 kB | 262/274 kB | 159/228 kBProgress (4): 345/528 kB | 66/186 kB | 263/274 kB | 159/228 kBProgress (4): 345/528 kB | 66/186 kB | 265/274 kB | 159/228 kBProgress (4): 345/528 kB | 66/186 kB | 266/274 kB | 159/228 kBProgress (4): 345/528 kB | 66/186 kB | 266/274 kB | 160/228 kBProgress (4): 345/528 kB | 66/186 kB | 266/274 kB | 162/228 kBProgress (4): 345/528 kB | 66/186 kB | 267/274 kB | 162/228 kBProgress (4): 345/528 kB | 66/186 kB | 269/274 kB | 162/228 kBProgress (4): 345/528 kB | 66/186 kB | 269/274 kB | 163/228 kBProgress (4): 345/528 kB | 66/186 kB | 270/274 kB | 163/228 kBProgress (4): 345/528 kB | 66/186 kB | 271/274 kB | 163/228 kBProgress (4): 345/528 kB | 66/186 kB | 271/274 kB | 165/228 kBProgress (4): 345/528 kB | 66/186 kB | 273/274 kB | 165/228 kBProgress (4): 345/528 kB | 66/186 kB | 274 kB | 165/228 kB    Progress (4): 345/528 kB | 66/186 kB | 274 kB | 166/228 kBProgress (4): 345/528 kB | 67/186 kB | 274 kB | 166/228 kBProgress (4): 345/528 kB | 69/186 kB | 274 kB | 166/228 kBProgress (4): 345/528 kB | 69/186 kB | 274 kB | 167/228 kBProgress (4): 345/528 kB | 69/186 kB | 274 kB | 169/228 kBProgress (4): 345/528 kB | 69/186 kB | 274 kB | 170/228 kBProgress (4): 345/528 kB | 69/186 kB | 274 kB | 171/228 kBProgress (4): 345/528 kB | 69/186 kB | 274 kB | 173/228 kBProgress (4): 345/528 kB | 69/186 kB | 274 kB | 174/228 kBProgress (4): 345/528 kB | 69/186 kB | 274 kB | 175/228 kBProgress (4): 345/528 kB | 70/186 kB | 274 kB | 175/228 kBProgress (4): 345/528 kB | 71/186 kB | 274 kB | 175/228 kBProgress (4): 345/528 kB | 71/186 kB | 274 kB | 177/228 kBProgress (4): 345/528 kB | 71/186 kB | 274 kB | 178/228 kBProgress (4): 345/528 kB | 71/186 kB | 274 kB | 180/228 kBProgress (4): 345/528 kB | 71/186 kB | 274 kB | 181/228 kBProgress (4): 345/528 kB | 71/186 kB | 274 kB | 182/228 kBProgress (4): 345/528 kB | 71/186 kB | 274 kB | 184/228 kBProgress (4): 345/528 kB | 71/186 kB | 274 kB | 185/228 kBProgress (4): 345/528 kB | 71/186 kB | 274 kB | 186/228 kBProgress (4): 345/528 kB | 71/186 kB | 274 kB | 188/228 kBProgress (4): 345/528 kB | 73/186 kB | 274 kB | 188/228 kBProgress (4): 345/528 kB | 74/186 kB | 274 kB | 188/228 kBProgress (4): 345/528 kB | 74/186 kB | 274 kB | 189/228 kBProgress (4): 345/528 kB | 74/186 kB | 274 kB | 191/228 kBProgress (4): 345/528 kB | 74/186 kB | 274 kB | 192/228 kBProgress (4): 345/528 kB | 74/186 kB | 274 kB | 193/228 kBProgress (4): 345/528 kB | 74/186 kB | 274 kB | 195/228 kBProgress (4): 345/528 kB | 74/186 kB | 274 kB | 196/228 kBProgress (4): 345/528 kB | 74/186 kB | 274 kB | 197/228 kBProgress (4): 345/528 kB | 74/186 kB | 274 kB | 199/228 kBProgress (4): 345/528 kB | 75/186 kB | 274 kB | 199/228 kBProgress (4): 345/528 kB | 77/186 kB | 274 kB | 199/228 kBProgress (4): 349/528 kB | 77/186 kB | 274 kB | 199/228 kBProgress (4): 353/528 kB | 77/186 kB | 274 kB | 199/228 kBProgress (4): 357/528 kB | 77/186 kB | 274 kB | 199/228 kBProgress (4): 361/528 kB | 77/186 kB | 274 kB | 199/228 kBProgress (4): 361/528 kB | 77/186 kB | 274 kB | 200/228 kBProgress (4): 361/528 kB | 77/186 kB | 274 kB | 202/228 kBProgress (4): 361/528 kB | 77/186 kB | 274 kB | 203/228 kBProgress (4): 361/528 kB | 77/186 kB | 274 kB | 204/228 kBProgress (4): 361/528 kB | 77/186 kB | 274 kB | 206/228 kBProgress (4): 361/528 kB | 77/186 kB | 274 kB | 207/228 kBProgress (4): 361/528 kB | 77/186 kB | 274 kB | 208/228 kBProgress (4): 361/528 kB | 77/186 kB | 274 kB | 210/228 kBProgress (4): 361/528 kB | 77/186 kB | 274 kB | 211/228 kBProgress (4): 361/528 kB | 77/186 kB | 274 kB | 213/228 kBProgress (4): 361/528 kB | 77/186 kB | 274 kB | 214/228 kBProgress (4): 361/528 kB | 78/186 kB | 274 kB | 214/228 kBProgress (4): 361/528 kB | 80/186 kB | 274 kB | 214/228 kBProgress (4): 361/528 kB | 81/186 kB | 274 kB | 214/228 kBProgress (4): 361/528 kB | 81/186 kB | 274 kB | 215/228 kBProgress (4): 361/528 kB | 81/186 kB | 274 kB | 217/228 kBProgress (4): 361/528 kB | 81/186 kB | 274 kB | 218/228 kBProgress (4): 361/528 kB | 81/186 kB | 274 kB | 219/228 kBProgress (4): 361/528 kB | 82/186 kB | 274 kB | 219/228 kBProgress (4): 361/528 kB | 82/186 kB | 274 kB | 221/228 kBProgress (4): 361/528 kB | 82/186 kB | 274 kB | 222/228 kBProgress (4): 361/528 kB | 84/186 kB | 274 kB | 222/228 kBProgress (4): 361/528 kB | 84/186 kB | 274 kB | 223/228 kBProgress (4): 361/528 kB | 84/186 kB | 274 kB | 225/228 kBProgress (4): 361/528 kB | 84/186 kB | 274 kB | 226/228 kBProgress (4): 361/528 kB | 84/186 kB | 274 kB | 228/228 kBProgress (4): 361/528 kB | 84/186 kB | 274 kB | 228 kB    Progress (4): 361/528 kB | 85/186 kB | 274 kB | 228 kBProgress (4): 361/528 kB | 86/186 kB | 274 kB | 228 kBProgress (4): 361/528 kB | 88/186 kB | 274 kB | 228 kBProgress (4): 365/528 kB | 88/186 kB | 274 kB | 228 kBProgress (4): 365/528 kB | 89/186 kB | 274 kB | 228 kBProgress (4): 369/528 kB | 89/186 kB | 274 kB | 228 kBProgress (4): 373/528 kB | 89/186 kB | 274 kB | 228 kBProgress (4): 378/528 kB | 89/186 kB | 274 kB | 228 kBProgress (4): 378/528 kB | 90/186 kB | 274 kB | 228 kBProgress (4): 378/528 kB | 92/186 kB | 274 kB | 228 kBProgress (4): 378/528 kB | 93/186 kB | 274 kB | 228 kBProgress (4): 378/528 kB | 95/186 kB | 274 kB | 228 kBProgress (4): 378/528 kB | 96/186 kB | 274 kB | 228 kBProgress (4): 378/528 kB | 97/186 kB | 274 kB | 228 kBProgress (5): 378/528 kB | 97/186 kB | 274 kB | 228 kB | 1.4/39 kBProgress (5): 378/528 kB | 97/186 kB | 274 kB | 228 kB | 2.7/39 kBProgress (5): 378/528 kB | 97/186 kB | 274 kB | 228 kB | 4.1/39 kBProgress (5): 378/528 kB | 97/186 kB | 274 kB | 228 kB | 5.5/39 kBProgress (5): 378/528 kB | 97/186 kB | 274 kB | 228 kB | 6.9/39 kBProgress (5): 378/528 kB | 99/186 kB | 274 kB | 228 kB | 6.9/39 kBProgress (5): 378/528 kB | 100/186 kB | 274 kB | 228 kB | 6.9/39 kBProgress (5): 378/528 kB | 100/186 kB | 274 kB | 228 kB | 8.2/39 kBProgress (5): 378/528 kB | 100/186 kB | 274 kB | 228 kB | 9.6/39 kBProgress (5): 378/528 kB | 100/186 kB | 274 kB | 228 kB | 11/39 kB Progress (5): 378/528 kB | 100/186 kB | 274 kB | 228 kB | 12/39 kBProgress (5): 378/528 kB | 100/186 kB | 274 kB | 228 kB | 14/39 kBProgress (5): 378/528 kB | 101/186 kB | 274 kB | 228 kB | 14/39 kBProgress (5): 378/528 kB | 103/186 kB | 274 kB | 228 kB | 14/39 kBProgress (5): 378/528 kB | 103/186 kB | 274 kB | 228 kB | 15/39 kBProgress (5): 378/528 kB | 103/186 kB | 274 kB | 228 kB | 16/39 kBProgress (5): 378/528 kB | 103/186 kB | 274 kB | 228 kB | 18/39 kBProgress (5): 378/528 kB | 103/186 kB | 274 kB | 228 kB | 19/39 kBProgress (5): 378/528 kB | 104/186 kB | 274 kB | 228 kB | 19/39 kBProgress (5): 378/528 kB | 106/186 kB | 274 kB | 228 kB | 19/39 kBProgress (5): 378/528 kB | 106/186 kB | 274 kB | 228 kB | 21/39 kBProgress (5): 378/528 kB | 106/186 kB | 274 kB | 228 kB | 22/39 kBProgress (5): 378/528 kB | 106/186 kB | 274 kB | 228 kB | 23/39 kBProgress (5): 378/528 kB | 106/186 kB | 274 kB | 228 kB | 25/39 kBProgress (5): 378/528 kB | 107/186 kB | 274 kB | 228 kB | 25/39 kBProgress (5): 378/528 kB | 107/186 kB | 274 kB | 228 kB | 26/39 kBProgress (5): 378/528 kB | 108/186 kB | 274 kB | 228 kB | 26/39 kBProgress (5): 378/528 kB | 108/186 kB | 274 kB | 228 kB | 27/39 kBProgress (5): 378/528 kB | 108/186 kB | 274 kB | 228 kB | 29/39 kBProgress (5): 378/528 kB | 108/186 kB | 274 kB | 228 kB | 30/39 kBProgress (5): 378/528 kB | 110/186 kB | 274 kB | 228 kB | 30/39 kBProgress (5): 378/528 kB | 111/186 kB | 274 kB | 228 kB | 30/39 kBProgress (5): 378/528 kB | 111/186 kB | 274 kB | 228 kB | 32/39 kBProgress (5): 378/528 kB | 111/186 kB | 274 kB | 228 kB | 33/39 kBProgress (5): 378/528 kB | 111/186 kB | 274 kB | 228 kB | 34/39 kBProgress (5): 378/528 kB | 111/186 kB | 274 kB | 228 kB | 36/39 kBProgress (5): 378/528 kB | 111/186 kB | 274 kB | 228 kB | 37/39 kBProgress (5): 378/528 kB | 111/186 kB | 274 kB | 228 kB | 38/39 kBProgress (5): 378/528 kB | 111/186 kB | 274 kB | 228 kB | 39 kB   Progress (5): 378/528 kB | 112/186 kB | 274 kB | 228 kB | 39 kBProgress (5): 378/528 kB | 114/186 kB | 274 kB | 228 kB | 39 kBProgress (5): 378/528 kB | 115/186 kB | 274 kB | 228 kB | 39 kB                                                               Downloaded: https://repo.maven.apache.org/maven2/org/apache/maven/surefire/surefire-booter/2.22.2/surefire-booter-2.22.2.jar (274 kB at 110 kB/s)
Downloading: https://repo.maven.apache.org/maven2/org/codehaus/plexus/plexus-container-default/1.0-alpha-9-stable-1/plexus-container-default-1.0-alpha-9-stable-1.jar
Progress (4): 378/528 kB | 117/186 kB | 228 kB | 39 kBProgress (4): 378/528 kB | 118/186 kB | 228 kB | 39 kBProgress (4): 378/528 kB | 119/186 kB | 228 kB | 39 kBProgress (4): 378/528 kB | 121/186 kB | 228 kB | 39 kBProgress (4): 378/528 kB | 122/186 kB | 228 kB | 39 kBProgress (4): 382/528 kB | 122/186 kB | 228 kB | 39 kBProgress (4): 386/528 kB | 122/186 kB | 228 kB | 39 kBProgress (4): 390/528 kB | 122/186 kB | 228 kB | 39 kBProgress (4): 394/528 kB | 122/186 kB | 228 kB | 39 kBProgress (4): 394/528 kB | 123/186 kB | 228 kB | 39 kBProgress (4): 394/528 kB | 125/186 kB | 228 kB | 39 kBProgress (4): 394/528 kB | 126/186 kB | 228 kB | 39 kBProgress (4): 394/528 kB | 128/186 kB | 228 kB | 39 kBProgress (4): 394/528 kB | 129/186 kB | 228 kB | 39 kBProgress (4): 394/528 kB | 130/186 kB | 228 kB | 39 kBProgress (4): 394/528 kB | 132/186 kB | 228 kB | 39 kBProgress (4): 394/528 kB | 133/186 kB | 228 kB | 39 kBProgress (4): 394/528 kB | 134/186 kB | 228 kB | 39 kBProgress (4): 394/528 kB | 136/186 kB | 228 kB | 39 kBProgress (4): 394/528 kB | 137/186 kB | 228 kB | 39 kBProgress (4): 394/528 kB | 138/186 kB | 228 kB | 39 kBProgress (4): 394/528 kB | 140/186 kB | 228 kB | 39 kBProgress (4): 394/528 kB | 141/186 kB | 228 kB | 39 kBProgress (4): 394/528 kB | 143/186 kB | 228 kB | 39 kBProgress (4): 394/528 kB | 144/186 kB | 228 kB | 39 kBProgress (4): 394/528 kB | 145/186 kB | 228 kB | 39 kBProgress (4): 394/528 kB | 147/186 kB | 228 kB | 39 kBProgress (4): 394/528 kB | 148/186 kB | 228 kB | 39 kBProgress (4): 394/528 kB | 149/186 kB | 228 kB | 39 kBProgress (4): 394/528 kB | 151/186 kB | 228 kB | 39 kBProgress (4): 398/528 kB | 151/186 kB | 228 kB | 39 kBProgress (4): 402/528 kB | 151/186 kB | 228 kB | 39 kBProgress (4): 406/528 kB | 151/186 kB | 228 kB | 39 kBProgress (4): 410/528 kB | 151/186 kB | 228 kB | 39 kB                                                      Downloaded: https://repo.maven.apache.org/maven2/org/codehaus/plexus/plexus-utils/1.5.15/plexus-utils-1.5.15.jar (228 kB at 86 kB/s)
Downloading: https://repo.maven.apache.org/maven2/junit/junit/4.12/junit-4.12.jar
Progress (3): 410/528 kB | 152/186 kB | 39 kBProgress (3): 410/528 kB | 154/186 kB | 39 kBProgress (3): 410/528 kB | 155/186 kB | 39 kBProgress (3): 410/528 kB | 156/186 kB | 39 kBProgress (3): 410/528 kB | 158/186 kB | 39 kBProgress (3): 410/528 kB | 159/186 kB | 39 kBProgress (3): 410/528 kB | 160/186 kB | 39 kBProgress (3): 410/528 kB | 162/186 kB | 39 kBProgress (3): 410/528 kB | 163/186 kB | 39 kBProgress (3): 410/528 kB | 165/186 kB | 39 kBProgress (3): 410/528 kB | 166/186 kB | 39 kBProgress (3): 410/528 kB | 167/186 kB | 39 kBProgress (3): 410/528 kB | 169/186 kB | 39 kBProgress (3): 410/528 kB | 170/186 kB | 39 kBProgress (3): 410/528 kB | 171/186 kB | 39 kBProgress (3): 410/528 kB | 173/186 kB | 39 kBProgress (3): 414/528 kB | 173/186 kB | 39 kBProgress (3): 418/528 kB | 173/186 kB | 39 kBProgress (3): 423/528 kB | 173/186 kB | 39 kBProgress (3): 427/528 kB | 173/186 kB | 39 kBProgress (3): 427/528 kB | 174/186 kB | 39 kBProgress (3): 427/528 kB | 175/186 kB | 39 kBProgress (3): 427/528 kB | 177/186 kB | 39 kBProgress (3): 427/528 kB | 178/186 kB | 39 kBProgress (3): 427/528 kB | 180/186 kB | 39 kBProgress (3): 427/528 kB | 181/186 kB | 39 kBProgress (3): 427/528 kB | 182/186 kB | 39 kBProgress (3): 427/528 kB | 184/186 kB | 39 kBProgress (3): 427/528 kB | 185/186 kB | 39 kBProgress (3): 427/528 kB | 186 kB | 39 kB    Progress (4): 427/528 kB | 186 kB | 39 kB | 4.1/194 kBProgress (4): 427/528 kB | 186 kB | 39 kB | 8.2/194 kBProgress (4): 427/528 kB | 186 kB | 39 kB | 12/194 kB Progress (4): 427/528 kB | 186 kB | 39 kB | 16/194 kBProgress (4): 427/528 kB | 186 kB | 39 kB | 20/194 kBProgress (4): 427/528 kB | 186 kB | 39 kB | 25/194 kBProgress (4): 427/528 kB | 186 kB | 39 kB | 29/194 kBProgress (4): 427/528 kB | 186 kB | 39 kB | 33/194 kBProgress (4): 427/528 kB | 186 kB | 39 kB | 37/194 kBProgress (4): 427/528 kB | 186 kB | 39 kB | 41/194 kBProgress (4): 427/528 kB | 186 kB | 39 kB | 45/194 kBProgress (4): 427/528 kB | 186 kB | 39 kB | 49/194 kBProgress (4): 427/528 kB | 186 kB | 39 kB | 53/194 kBProgress (4): 427/528 kB | 186 kB | 39 kB | 57/194 kBProgress (4): 427/528 kB | 186 kB | 39 kB | 61/194 kBProgress (4): 427/528 kB | 186 kB | 39 kB | 66/194 kB                                                     Downloaded: https://repo.maven.apache.org/maven2/org/apache/maven/maven-plugin-descriptor/2.2.1/maven-plugin-descriptor-2.2.1.jar (39 kB at 14 kB/s)
Downloading: https://repo.maven.apache.org/maven2/org/hamcrest/hamcrest-core/1.3/hamcrest-core-1.3.jar
Progress (3): 427/528 kB | 186 kB | 70/194 kBProgress (3): 427/528 kB | 186 kB | 74/194 kBProgress (3): 427/528 kB | 186 kB | 78/194 kBProgress (3): 427/528 kB | 186 kB | 82/194 kBProgress (3): 427/528 kB | 186 kB | 86/194 kBProgress (3): 427/528 kB | 186 kB | 90/194 kBProgress (3): 427/528 kB | 186 kB | 94/194 kBProgress (3): 427/528 kB | 186 kB | 98/194 kBProgress (3): 427/528 kB | 186 kB | 102/194 kBProgress (3): 427/528 kB | 186 kB | 106/194 kBProgress (3): 427/528 kB | 186 kB | 111/194 kBProgress (3): 427/528 kB | 186 kB | 115/194 kBProgress (3): 427/528 kB | 186 kB | 119/194 kBProgress (3): 427/528 kB | 186 kB | 123/194 kBProgress (3): 427/528 kB | 186 kB | 127/194 kBProgress (3): 427/528 kB | 186 kB | 131/194 kBProgress (3): 431/528 kB | 186 kB | 131/194 kBProgress (3): 435/528 kB | 186 kB | 131/194 kBProgress (3): 439/528 kB | 186 kB | 131/194 kBProgress (3): 443/528 kB | 186 kB | 131/194 kBProgress (3): 443/528 kB | 186 kB | 135/194 kBProgress (3): 443/528 kB | 186 kB | 139/194 kBProgress (3): 443/528 kB | 186 kB | 143/194 kBProgress (3): 443/528 kB | 186 kB | 147/194 kBProgress (3): 443/528 kB | 186 kB | 152/194 kBProgress (3): 443/528 kB | 186 kB | 156/194 kBProgress (3): 443/528 kB | 186 kB | 160/194 kBProgress (3): 443/528 kB | 186 kB | 164/194 kBProgress (3): 443/528 kB | 186 kB | 168/194 kBProgress (3): 443/528 kB | 186 kB | 172/194 kBProgress (3): 443/528 kB | 186 kB | 176/194 kBProgress (3): 443/528 kB | 186 kB | 180/194 kBProgress (3): 443/528 kB | 186 kB | 184/194 kBProgress (3): 443/528 kB | 186 kB | 188/194 kBProgress (3): 443/528 kB | 186 kB | 193/194 kBProgress (3): 443/528 kB | 186 kB | 194 kB    Progress (3): 447/528 kB | 186 kB | 194 kBProgress (3): 451/528 kB | 186 kB | 194 kBProgress (3): 455/528 kB | 186 kB | 194 kBProgress (3): 459/528 kB | 186 kB | 194 kBProgress (4): 459/528 kB | 186 kB | 194 kB | 4.1/315 kBProgress (4): 459/528 kB | 186 kB | 194 kB | 8.2/315 kBProgress (4): 459/528 kB | 186 kB | 194 kB | 12/315 kB Progress (4): 459/528 kB | 186 kB | 194 kB | 16/315 kBProgress (4): 459/528 kB | 186 kB | 194 kB | 20/315 kBProgress (4): 459/528 kB | 186 kB | 194 kB | 25/315 kBProgress (4): 459/528 kB | 186 kB | 194 kB | 29/315 kBProgress (4): 459/528 kB | 186 kB | 194 kB | 33/315 kBProgress (4): 459/528 kB | 186 kB | 194 kB | 37/315 kBProgress (4): 459/528 kB | 186 kB | 194 kB | 41/315 kBProgress (4): 459/528 kB | 186 kB | 194 kB | 45/315 kBProgress (4): 459/528 kB | 186 kB | 194 kB | 49/315 kBProgress (4): 459/528 kB | 186 kB | 194 kB | 53/315 kBProgress (4): 459/528 kB | 186 kB | 194 kB | 57/315 kBProgress (4): 459/528 kB | 186 kB | 194 kB | 61/315 kBProgress (4): 459/528 kB | 186 kB | 194 kB | 66/315 kBProgress (4): 459/528 kB | 186 kB | 194 kB | 70/315 kBProgress (4): 459/528 kB | 186 kB | 194 kB | 74/315 kBProgress (4): 459/528 kB | 186 kB | 194 kB | 78/315 kBProgress (4): 459/528 kB | 186 kB | 194 kB | 82/315 kBProgress (4): 459/528 kB | 186 kB | 194 kB | 86/315 kBProgress (4): 459/528 kB | 186 kB | 194 kB | 90/315 kBProgress (4): 459/528 kB | 186 kB | 194 kB | 94/315 kBProgress (4): 459/528 kB | 186 kB | 194 kB | 98/315 kBProgress (4): 459/528 kB | 186 kB | 194 kB | 102/315 kBProgress (4): 459/528 kB | 186 kB | 194 kB | 106/315 kBProgress (4): 459/528 kB | 186 kB | 194 kB | 111/315 kBProgress (4): 459/528 kB | 186 kB | 194 kB | 115/315 kBProgress (4): 459/528 kB | 186 kB | 194 kB | 119/315 kBProgress (4): 459/528 kB | 186 kB | 194 kB | 123/315 kBProgress (4): 459/528 kB | 186 kB | 194 kB | 127/315 kBProgress (4): 459/528 kB | 186 kB | 194 kB | 131/315 kBProgress (4): 459/528 kB | 186 kB | 194 kB | 135/315 kBProgress (4): 459/528 kB | 186 kB | 194 kB | 139/315 kBProgress (4): 459/528 kB | 186 kB | 194 kB | 143/315 kBProgress (4): 459/528 kB | 186 kB | 194 kB | 147/315 kBProgress (4): 459/528 kB | 186 kB | 194 kB | 152/315 kBProgress (4): 459/528 kB | 186 kB | 194 kB | 156/315 kBProgress (4): 459/528 kB | 186 kB | 194 kB | 160/315 kBProgress (4): 459/528 kB | 186 kB | 194 kB | 164/315 kBProgress (4): 459/528 kB | 186 kB | 194 kB | 168/315 kBProgress (4): 459/528 kB | 186 kB | 194 kB | 172/315 kBProgress (4): 459/528 kB | 186 kB | 194 kB | 176/315 kBProgress (4): 459/528 kB | 186 kB | 194 kB | 180/315 kBProgress (4): 464/528 kB | 186 kB | 194 kB | 180/315 kBProgress (4): 468/528 kB | 186 kB | 194 kB | 180/315 kBProgress (4): 472/528 kB | 186 kB | 194 kB | 180/315 kBProgress (4): 476/528 kB | 186 kB | 194 kB | 180/315 kBProgress (4): 476/528 kB | 186 kB | 194 kB | 184/315 kBProgress (4): 476/528 kB | 186 kB | 194 kB | 188/315 kBProgress (4): 476/528 kB | 186 kB | 194 kB | 193/315 kBProgress (4): 476/528 kB | 186 kB | 194 kB | 197/315 kBProgress (4): 476/528 kB | 186 kB | 194 kB | 201/315 kBProgress (4): 476/528 kB | 186 kB | 194 kB | 205/315 kBProgress (4): 476/528 kB | 186 kB | 194 kB | 209/315 kBProgress (4): 476/528 kB | 186 kB | 194 kB | 213/315 kBProgress (4): 476/528 kB | 186 kB | 194 kB | 217/315 kBProgress (4): 476/528 kB | 186 kB | 194 kB | 221/315 kBProgress (4): 476/528 kB | 186 kB | 194 kB | 225/315 kBProgress (4): 476/528 kB | 186 kB | 194 kB | 229/315 kBProgress (4): 476/528 kB | 186 kB | 194 kB | 233/315 kBProgress (4): 476/528 kB | 186 kB | 194 kB | 238/315 kBProgress (4): 476/528 kB | 186 kB | 194 kB | 242/315 kBProgress (4): 476/528 kB | 186 kB | 194 kB | 246/315 kBProgress (5): 476/528 kB | 186 kB | 194 kB | 246/315 kB | 1.4/45 kBProgress (5): 476/528 kB | 186 kB | 194 kB | 246/315 kB | 2.7/45 kBProgress (5): 476/528 kB | 186 kB | 194 kB | 246/315 kB | 4.1/45 kBProgress (5): 476/528 kB | 186 kB | 194 kB | 246/315 kB | 5.5/45 kBProgress (5): 476/528 kB | 186 kB | 194 kB | 246/315 kB | 6.9/45 kBProgress (5): 476/528 kB | 186 kB | 194 kB | 246/315 kB | 8.2/45 kBProgress (5): 476/528 kB | 186 kB | 194 kB | 246/315 kB | 9.6/45 kBProgress (5): 476/528 kB | 186 kB | 194 kB | 246/315 kB | 11/45 kB Progress (5): 476/528 kB | 186 kB | 194 kB | 246/315 kB | 12/45 kBProgress (5): 476/528 kB | 186 kB | 194 kB | 246/315 kB | 14/45 kBProgress (5): 476/528 kB | 186 kB | 194 kB | 246/315 kB | 15/45 kBProgress (5): 476/528 kB | 186 kB | 194 kB | 246/315 kB | 16/45 kB                                                                  Downloaded: https://repo.maven.apache.org/maven2/org/apache/maven/surefire/surefire-api/2.22.2/surefire-api-2.22.2.jar (186 kB at 60 kB/s)
Downloading: https://repo.maven.apache.org/maven2/org/apache/maven/maven-project/2.2.1/maven-project-2.2.1.jar
Progress (4): 476/528 kB | 194 kB | 246/315 kB | 18/45 kBProgress (4): 476/528 kB | 194 kB | 246/315 kB | 19/45 kBProgress (4): 476/528 kB | 194 kB | 246/315 kB | 21/45 kBProgress (4): 476/528 kB | 194 kB | 246/315 kB | 22/45 kBProgress (4): 476/528 kB | 194 kB | 246/315 kB | 23/45 kBProgress (4): 476/528 kB | 194 kB | 246/315 kB | 25/45 kBProgress (4): 476/528 kB | 194 kB | 246/315 kB | 26/45 kBProgress (4): 476/528 kB | 194 kB | 246/315 kB | 27/45 kBProgress (4): 476/528 kB | 194 kB | 246/315 kB | 29/45 kBProgress (4): 476/528 kB | 194 kB | 246/315 kB | 30/45 kBProgress (4): 476/528 kB | 194 kB | 246/315 kB | 32/45 kBProgress (4): 476/528 kB | 194 kB | 246/315 kB | 33/45 kBProgress (4): 476/528 kB | 194 kB | 246/315 kB | 34/45 kBProgress (4): 476/528 kB | 194 kB | 246/315 kB | 36/45 kBProgress (4): 476/528 kB | 194 kB | 246/315 kB | 37/45 kBProgress (4): 476/528 kB | 194 kB | 246/315 kB | 38/45 kBProgress (4): 476/528 kB | 194 kB | 246/315 kB | 40/45 kBProgress (4): 476/528 kB | 194 kB | 246/315 kB | 41/45 kBProgress (4): 476/528 kB | 194 kB | 246/315 kB | 43/45 kBProgress (4): 476/528 kB | 194 kB | 246/315 kB | 44/45 kBProgress (4): 476/528 kB | 194 kB | 246/315 kB | 45 kB                                                         Downloaded: https://repo.maven.apache.org/maven2/org/codehaus/plexus/plexus-container-default/1.0-alpha-9-stable-1/plexus-container-default-1.0-alpha-9-stable-1.jar (194 kB at 62 kB/s)
Downloading: https://repo.maven.apache.org/maven2/org/apache/maven/maven-settings/2.2.1/maven-settings-2.2.1.jar
Progress (3): 480/528 kB | 246/315 kB | 45 kBProgress (3): 484/528 kB | 246/315 kB | 45 kBProgress (3): 488/528 kB | 246/315 kB | 45 kBProgress (3): 492/528 kB | 246/315 kB | 45 kBProgress (3): 492/528 kB | 250/315 kB | 45 kBProgress (3): 492/528 kB | 254/315 kB | 45 kBProgress (3): 492/528 kB | 258/315 kB | 45 kBProgress (3): 492/528 kB | 262/315 kB | 45 kBProgress (3): 492/528 kB | 266/315 kB | 45 kBProgress (3): 492/528 kB | 270/315 kB | 45 kBProgress (3): 492/528 kB | 274/315 kB | 45 kBProgress (3): 492/528 kB | 279/315 kB | 45 kBProgress (3): 492/528 kB | 283/315 kB | 45 kBProgress (3): 492/528 kB | 287/315 kB | 45 kBProgress (3): 492/528 kB | 291/315 kB | 45 kBProgress (3): 492/528 kB | 295/315 kB | 45 kBProgress (3): 496/528 kB | 295/315 kB | 45 kBProgress (3): 496/528 kB | 299/315 kB | 45 kBProgress (3): 496/528 kB | 303/315 kB | 45 kBProgress (3): 496/528 kB | 307/315 kB | 45 kBProgress (3): 496/528 kB | 311/315 kB | 45 kBProgress (3): 496/528 kB | 315 kB | 45 kB    Progress (3): 500/528 kB | 315 kB | 45 kBProgress (3): 504/528 kB | 315 kB | 45 kBProgress (3): 509/528 kB | 315 kB | 45 kBProgress (3): 513/528 kB | 315 kB | 45 kBProgress (3): 517/528 kB | 315 kB | 45 kBProgress (3): 521/528 kB | 315 kB | 45 kBProgress (3): 525/528 kB | 315 kB | 45 kBProgress (3): 528 kB | 315 kB | 45 kB    Progress (4): 528 kB | 315 kB | 45 kB | 4.1/49 kBProgress (4): 528 kB | 315 kB | 45 kB | 8.2/49 kBProgress (4): 528 kB | 315 kB | 45 kB | 12/49 kB Progress (4): 528 kB | 315 kB | 45 kB | 16/49 kBProgress (4): 528 kB | 315 kB | 45 kB | 20/49 kBProgress (4): 528 kB | 315 kB | 45 kB | 25/49 kBProgress (4): 528 kB | 315 kB | 45 kB | 29/49 kBProgress (4): 528 kB | 315 kB | 45 kB | 33/49 kBProgress (5): 528 kB | 315 kB | 45 kB | 33/49 kB | 1.4/156 kBProgress (5): 528 kB | 315 kB | 45 kB | 33/49 kB | 2.7/156 kBProgress (5): 528 kB | 315 kB | 45 kB | 33/49 kB | 4.1/156 kBProgress (5): 528 kB | 315 kB | 45 kB | 33/49 kB | 5.5/156 kBProgress (5): 528 kB | 315 kB | 45 kB | 33/49 kB | 6.9/156 kBProgress (5): 528 kB | 315 kB | 45 kB | 33/49 kB | 8.2/156 kBProgress (5): 528 kB | 315 kB | 45 kB | 33/49 kB | 9.6/156 kBProgress (5): 528 kB | 315 kB | 45 kB | 33/49 kB | 11/156 kB Progress (5): 528 kB | 315 kB | 45 kB | 33/49 kB | 12/156 kBProgress (5): 528 kB | 315 kB | 45 kB | 33/49 kB | 14/156 kBProgress (5): 528 kB | 315 kB | 45 kB | 33/49 kB | 15/156 kBProgress (5): 528 kB | 315 kB | 45 kB | 33/49 kB | 16/156 kBProgress (5): 528 kB | 315 kB | 45 kB | 33/49 kB | 18/156 kBProgress (5): 528 kB | 315 kB | 45 kB | 33/49 kB | 19/156 kBProgress (5): 528 kB | 315 kB | 45 kB | 37/49 kB | 19/156 kBProgress (5): 528 kB | 315 kB | 45 kB | 41/49 kB | 19/156 kBProgress (5): 528 kB | 315 kB | 45 kB | 45/49 kB | 19/156 kBProgress (5): 528 kB | 315 kB | 45 kB | 49 kB | 19/156 kB   Progress (5): 528 kB | 315 kB | 45 kB | 49 kB | 21/156 kBProgress (5): 528 kB | 315 kB | 45 kB | 49 kB | 22/156 kBProgress (5): 528 kB | 315 kB | 45 kB | 49 kB | 23/156 kBProgress (5): 528 kB | 315 kB | 45 kB | 49 kB | 25/156 kB                                                         Downloaded: https://repo.maven.apache.org/maven2/org/hamcrest/hamcrest-core/1.3/hamcrest-core-1.3.jar (45 kB at 13 kB/s)
Downloading: https://repo.maven.apache.org/maven2/org/apache/maven/maven-profile/2.2.1/maven-profile-2.2.1.jar
Progress (4): 528 kB | 315 kB | 49 kB | 26/156 kBProgress (4): 528 kB | 315 kB | 49 kB | 27/156 kBProgress (4): 528 kB | 315 kB | 49 kB | 29/156 kBProgress (4): 528 kB | 315 kB | 49 kB | 30/156 kBProgress (4): 528 kB | 315 kB | 49 kB | 32/156 kBProgress (4): 528 kB | 315 kB | 49 kB | 33/156 kBProgress (4): 528 kB | 315 kB | 49 kB | 34/156 kBProgress (4): 528 kB | 315 kB | 49 kB | 36/156 kBProgress (4): 528 kB | 315 kB | 49 kB | 37/156 kBProgress (4): 528 kB | 315 kB | 49 kB | 38/156 kBProgress (4): 528 kB | 315 kB | 49 kB | 40/156 kBProgress (4): 528 kB | 315 kB | 49 kB | 41/156 kBProgress (4): 528 kB | 315 kB | 49 kB | 43/156 kBProgress (4): 528 kB | 315 kB | 49 kB | 44/156 kBProgress (4): 528 kB | 315 kB | 49 kB | 45/156 kBProgress (4): 528 kB | 315 kB | 49 kB | 47/156 kBProgress (4): 528 kB | 315 kB | 49 kB | 48/156 kBProgress (4): 528 kB | 315 kB | 49 kB | 49/156 kBProgress (4): 528 kB | 315 kB | 49 kB | 51/156 kBProgress (4): 528 kB | 315 kB | 49 kB | 52/156 kBProgress (4): 528 kB | 315 kB | 49 kB | 53/156 kBProgress (4): 528 kB | 315 kB | 49 kB | 55/156 kBProgress (4): 528 kB | 315 kB | 49 kB | 56/156 kBProgress (4): 528 kB | 315 kB | 49 kB | 58/156 kBProgress (4): 528 kB | 315 kB | 49 kB | 59/156 kBProgress (4): 528 kB | 315 kB | 49 kB | 60/156 kBProgress (4): 528 kB | 315 kB | 49 kB | 62/156 kBProgress (4): 528 kB | 315 kB | 49 kB | 63/156 kBProgress (4): 528 kB | 315 kB | 49 kB | 64/156 kBProgress (4): 528 kB | 315 kB | 49 kB | 66/156 kBProgress (4): 528 kB | 315 kB | 49 kB | 67/156 kBProgress (4): 528 kB | 315 kB | 49 kB | 69/156 kBProgress (4): 528 kB | 315 kB | 49 kB | 70/156 kBProgress (4): 528 kB | 315 kB | 49 kB | 71/156 kBProgress (4): 528 kB | 315 kB | 49 kB | 73/156 kBProgress (4): 528 kB | 315 kB | 49 kB | 74/156 kBProgress (4): 528 kB | 315 kB | 49 kB | 75/156 kBProgress (4): 528 kB | 315 kB | 49 kB | 77/156 kBProgress (4): 528 kB | 315 kB | 49 kB | 78/156 kBProgress (4): 528 kB | 315 kB | 49 kB | 80/156 kBProgress (4): 528 kB | 315 kB | 49 kB | 81/156 kBProgress (4): 528 kB | 315 kB | 49 kB | 82/156 kBProgress (4): 528 kB | 315 kB | 49 kB | 84/156 kBProgress (4): 528 kB | 315 kB | 49 kB | 85/156 kBProgress (4): 528 kB | 315 kB | 49 kB | 86/156 kBProgress (4): 528 kB | 315 kB | 49 kB | 88/156 kBProgress (4): 528 kB | 315 kB | 49 kB | 89/156 kBProgress (4): 528 kB | 315 kB | 49 kB | 90/156 kBProgress (4): 528 kB | 315 kB | 49 kB | 92/156 kBProgress (4): 528 kB | 315 kB | 49 kB | 93/156 kBProgress (4): 528 kB | 315 kB | 49 kB | 95/156 kBProgress (4): 528 kB | 315 kB | 49 kB | 96/156 kBProgress (4): 528 kB | 315 kB | 49 kB | 97/156 kBProgress (4): 528 kB | 315 kB | 49 kB | 99/156 kBProgress (4): 528 kB | 315 kB | 49 kB | 100/156 kBProgress (4): 528 kB | 315 kB | 49 kB | 101/156 kBProgress (4): 528 kB | 315 kB | 49 kB | 103/156 kBProgress (4): 528 kB | 315 kB | 49 kB | 104/156 kBProgress (4): 528 kB | 315 kB | 49 kB | 106/156 kBProgress (4): 528 kB | 315 kB | 49 kB | 107/156 kBProgress (4): 528 kB | 315 kB | 49 kB | 108/156 kBProgress (4): 528 kB | 315 kB | 49 kB | 110/156 kBProgress (4): 528 kB | 315 kB | 49 kB | 111/156 kBProgress (4): 528 kB | 315 kB | 49 kB | 112/156 kBProgress (4): 528 kB | 315 kB | 49 kB | 114/156 kBProgress (4): 528 kB | 315 kB | 49 kB | 115/156 kBProgress (4): 528 kB | 315 kB | 49 kB | 117/156 kBProgress (4): 528 kB | 315 kB | 49 kB | 118/156 kBProgress (4): 528 kB | 315 kB | 49 kB | 119/156 kBProgress (4): 528 kB | 315 kB | 49 kB | 121/156 kBProgress (4): 528 kB | 315 kB | 49 kB | 122/156 kBProgress (4): 528 kB | 315 kB | 49 kB | 123/156 kBProgress (4): 528 kB | 315 kB | 49 kB | 125/156 kBProgress (4): 528 kB | 315 kB | 49 kB | 126/156 kBProgress (4): 528 kB | 315 kB | 49 kB | 128/156 kBProgress (4): 528 kB | 315 kB | 49 kB | 129/156 kBProgress (4): 528 kB | 315 kB | 49 kB | 130/156 kBProgress (4): 528 kB | 315 kB | 49 kB | 132/156 kBProgress (4): 528 kB | 315 kB | 49 kB | 133/156 kB                                                  Downloaded: https://repo.maven.apache.org/maven2/junit/junit/4.12/junit-4.12.jar (315 kB at 90 kB/s)
Downloading: https://repo.maven.apache.org/maven2/org/apache/maven/maven-artifact-manager/2.2.1/maven-artifact-manager-2.2.1.jar
Progress (3): 528 kB | 49 kB | 134/156 kBProgress (3): 528 kB | 49 kB | 136/156 kBProgress (3): 528 kB | 49 kB | 137/156 kBProgress (3): 528 kB | 49 kB | 138/156 kBProgress (3): 528 kB | 49 kB | 140/156 kBProgress (3): 528 kB | 49 kB | 141/156 kBProgress (3): 528 kB | 49 kB | 143/156 kBProgress (3): 528 kB | 49 kB | 144/156 kBProgress (3): 528 kB | 49 kB | 145/156 kBProgress (3): 528 kB | 49 kB | 147/156 kBProgress (3): 528 kB | 49 kB | 148/156 kBProgress (3): 528 kB | 49 kB | 149/156 kBProgress (3): 528 kB | 49 kB | 151/156 kBProgress (3): 528 kB | 49 kB | 152/156 kBProgress (3): 528 kB | 49 kB | 154/156 kBProgress (3): 528 kB | 49 kB | 155/156 kBProgress (3): 528 kB | 49 kB | 156 kB                                         Downloaded: https://repo.maven.apache.org/maven2/org/apache/maven/surefire/maven-surefire-common/2.22.2/maven-surefire-common-2.22.2.jar (528 kB at 146 kB/s)
Downloading: https://repo.maven.apache.org/maven2/backport-util-concurrent/backport-util-concurrent/3.1/backport-util-concurrent-3.1.jar
Downloaded: https://repo.maven.apache.org/maven2/org/apache/maven/maven-settings/2.2.1/maven-settings-2.2.1.jar (49 kB at 13 kB/s)
Downloading: https://repo.maven.apache.org/maven2/org/apache/maven/maven-plugin-registry/2.2.1/maven-plugin-registry-2.2.1.jar
Progress (2): 156 kB | 1.4/35 kBProgress (2): 156 kB | 2.7/35 kBProgress (2): 156 kB | 4.1/35 kBProgress (2): 156 kB | 5.5/35 kBProgress (2): 156 kB | 6.9/35 kBProgress (2): 156 kB | 8.2/35 kBProgress (2): 156 kB | 9.6/35 kBProgress (2): 156 kB | 11/35 kB Progress (2): 156 kB | 12/35 kBProgress (2): 156 kB | 14/35 kBProgress (2): 156 kB | 15/35 kBProgress (2): 156 kB | 16/35 kBProgress (2): 156 kB | 18/35 kBProgress (2): 156 kB | 19/35 kBProgress (2): 156 kB | 21/35 kBProgress (2): 156 kB | 22/35 kBProgress (2): 156 kB | 23/35 kBProgress (2): 156 kB | 25/35 kBProgress (2): 156 kB | 26/35 kBProgress (2): 156 kB | 27/35 kBProgress (2): 156 kB | 29/35 kBProgress (2): 156 kB | 30/35 kBProgress (2): 156 kB | 32/35 kBProgress (2): 156 kB | 33/35 kBProgress (2): 156 kB | 34/35 kBProgress (2): 156 kB | 35 kB   Progress (3): 156 kB | 35 kB | 4.1/68 kBProgress (3): 156 kB | 35 kB | 8.2/68 kBProgress (3): 156 kB | 35 kB | 12/68 kB Progress (3): 156 kB | 35 kB | 16/68 kBProgress (3): 156 kB | 35 kB | 20/68 kBProgress (3): 156 kB | 35 kB | 25/68 kBProgress (3): 156 kB | 35 kB | 29/68 kBProgress (3): 156 kB | 35 kB | 33/68 kBProgress (3): 156 kB | 35 kB | 37/68 kBProgress (3): 156 kB | 35 kB | 41/68 kBProgress (3): 156 kB | 35 kB | 45/68 kBProgress (3): 156 kB | 35 kB | 49/68 kBProgress (3): 156 kB | 35 kB | 53/68 kBProgress (3): 156 kB | 35 kB | 57/68 kBProgress (3): 156 kB | 35 kB | 61/68 kBProgress (3): 156 kB | 35 kB | 66/68 kBProgress (3): 156 kB | 35 kB | 68 kB                                       Downloaded: https://repo.maven.apache.org/maven2/org/apache/maven/maven-project/2.2.1/maven-project-2.2.1.jar (156 kB at 41 kB/s)
Downloading: https://repo.maven.apache.org/maven2/org/codehaus/plexus/plexus-interpolation/1.11/plexus-interpolation-1.11.jar
Progress (3): 35 kB | 68 kB | 4.1/332 kBProgress (3): 35 kB | 68 kB | 8.2/332 kBProgress (3): 35 kB | 68 kB | 12/332 kB Progress (3): 35 kB | 68 kB | 16/332 kBProgress (4): 35 kB | 68 kB | 16/332 kB | 4.1/30 kBProgress (4): 35 kB | 68 kB | 16/332 kB | 8.2/30 kBProgress (4): 35 kB | 68 kB | 16/332 kB | 12/30 kB Progress (4): 35 kB | 68 kB | 16/332 kB | 16/30 kBProgress (4): 35 kB | 68 kB | 16/332 kB | 20/30 kBProgress (4): 35 kB | 68 kB | 16/332 kB | 25/30 kBProgress (4): 35 kB | 68 kB | 16/332 kB | 29/30 kBProgress (4): 35 kB | 68 kB | 16/332 kB | 30 kB   Progress (4): 35 kB | 68 kB | 20/332 kB | 30 kBProgress (4): 35 kB | 68 kB | 25/332 kB | 30 kBProgress (4): 35 kB | 68 kB | 29/332 kB | 30 kBProgress (4): 35 kB | 68 kB | 33/332 kB | 30 kB                                               Downloaded: https://repo.maven.apache.org/maven2/org/apache/maven/maven-profile/2.2.1/maven-profile-2.2.1.jar (35 kB at 8.8 kB/s)
Downloading: https://repo.maven.apache.org/maven2/org/apache/maven/maven-model/2.2.1/maven-model-2.2.1.jar
Downloaded: https://repo.maven.apache.org/maven2/org/apache/maven/maven-artifact-manager/2.2.1/maven-artifact-manager-2.2.1.jar (68 kB at 17 kB/s)
Downloading: https://repo.maven.apache.org/maven2/org/apache/maven/maven-core/2.2.1/maven-core-2.2.1.jar
Progress (2): 37/332 kB | 30 kBProgress (2): 41/332 kB | 30 kBProgress (2): 45/332 kB | 30 kBProgress (2): 49/332 kB | 30 kBProgress (3): 49/332 kB | 30 kB | 4.1/51 kBProgress (3): 49/332 kB | 30 kB | 8.2/51 kBProgress (3): 49/332 kB | 30 kB | 12/51 kB Progress (3): 49/332 kB | 30 kB | 16/51 kBProgress (3): 49/332 kB | 30 kB | 20/51 kBProgress (3): 49/332 kB | 30 kB | 25/51 kBProgress (3): 49/332 kB | 30 kB | 29/51 kBProgress (3): 49/332 kB | 30 kB | 33/51 kBProgress (3): 49/332 kB | 30 kB | 37/51 kBProgress (3): 49/332 kB | 30 kB | 41/51 kBProgress (3): 49/332 kB | 30 kB | 45/51 kBProgress (3): 49/332 kB | 30 kB | 49/51 kBProgress (3): 49/332 kB | 30 kB | 51 kB                                          Downloaded: https://repo.maven.apache.org/maven2/org/apache/maven/maven-plugin-registry/2.2.1/maven-plugin-registry-2.2.1.jar (30 kB at 7.0 kB/s)
Downloading: https://repo.maven.apache.org/maven2/org/apache/maven/maven-plugin-parameter-documenter/2.2.1/maven-plugin-parameter-documenter-2.2.1.jar
Progress (2): 53/332 kB | 51 kBProgress (2): 57/332 kB | 51 kBProgress (2): 61/332 kB | 51 kBProgress (2): 66/332 kB | 51 kBProgress (3): 66/332 kB | 51 kB | 4.1/88 kBProgress (3): 66/332 kB | 51 kB | 8.2/88 kBProgress (3): 66/332 kB | 51 kB | 12/88 kB Progress (3): 66/332 kB | 51 kB | 16/88 kBProgress (3): 70/332 kB | 51 kB | 16/88 kBProgress (3): 74/332 kB | 51 kB | 16/88 kBProgress (3): 78/332 kB | 51 kB | 16/88 kBProgress (3): 82/332 kB | 51 kB | 16/88 kBProgress (4): 82/332 kB | 51 kB | 16/88 kB | 4.1/178 kBProgress (4): 82/332 kB | 51 kB | 16/88 kB | 8.2/178 kBProgress (4): 82/332 kB | 51 kB | 16/88 kB | 12/178 kB Progress (4): 82/332 kB | 51 kB | 16/88 kB | 16/178 kBProgress (4): 82/332 kB | 51 kB | 16/88 kB | 20/178 kBProgress (4): 82/332 kB | 51 kB | 16/88 kB | 25/178 kBProgress (4): 82/332 kB | 51 kB | 16/88 kB | 29/178 kBProgress (4): 82/332 kB | 51 kB | 16/88 kB | 33/178 kBProgress (4): 82/332 kB | 51 kB | 16/88 kB | 37/178 kBProgress (4): 82/332 kB | 51 kB | 20/88 kB | 37/178 kBProgress (4): 82/332 kB | 51 kB | 20/88 kB | 41/178 kBProgress (4): 82/332 kB | 51 kB | 25/88 kB | 41/178 kBProgress (4): 82/332 kB | 51 kB | 29/88 kB | 41/178 kBProgress (4): 82/332 kB | 51 kB | 29/88 kB | 45/178 kBProgress (4): 82/332 kB | 51 kB | 33/88 kB | 45/178 kBProgress (4): 82/332 kB | 51 kB | 33/88 kB | 49/178 kBProgress (4): 82/332 kB | 51 kB | 33/88 kB | 53/178 kBProgress (4): 82/332 kB | 51 kB | 33/88 kB | 57/178 kBProgress (4): 82/332 kB | 51 kB | 33/88 kB | 61/178 kBProgress (4): 82/332 kB | 51 kB | 33/88 kB | 66/178 kBProgress (4): 82/332 kB | 51 kB | 33/88 kB | 70/178 kBProgress (4): 82/332 kB | 51 kB | 33/88 kB | 74/178 kBProgress (4): 82/332 kB | 51 kB | 33/88 kB | 78/178 kBProgress (4): 82/332 kB | 51 kB | 33/88 kB | 82/178 kBProgress (4): 82/332 kB | 51 kB | 33/88 kB | 86/178 kBProgress (4): 82/332 kB | 51 kB | 33/88 kB | 90/178 kBProgress (4): 82/332 kB | 51 kB | 33/88 kB | 94/178 kBProgress (4): 82/332 kB | 51 kB | 33/88 kB | 98/178 kBProgress (4): 82/332 kB | 51 kB | 33/88 kB | 102/178 kBProgress (4): 82/332 kB | 51 kB | 33/88 kB | 106/178 kBProgress (4): 82/332 kB | 51 kB | 33/88 kB | 111/178 kBProgress (4): 82/332 kB | 51 kB | 33/88 kB | 115/178 kBProgress (4): 82/332 kB | 51 kB | 33/88 kB | 119/178 kBProgress (4): 82/332 kB | 51 kB | 33/88 kB | 123/178 kBProgress (4): 82/332 kB | 51 kB | 33/88 kB | 127/178 kBProgress (4): 82/332 kB | 51 kB | 33/88 kB | 131/178 kBProgress (4): 82/332 kB | 51 kB | 33/88 kB | 135/178 kBProgress (4): 82/332 kB | 51 kB | 33/88 kB | 139/178 kBProgress (4): 82/332 kB | 51 kB | 33/88 kB | 143/178 kBProgress (4): 82/332 kB | 51 kB | 33/88 kB | 147/178 kBProgress (4): 82/332 kB | 51 kB | 33/88 kB | 152/178 kBProgress (4): 82/332 kB | 51 kB | 33/88 kB | 156/178 kBProgress (4): 82/332 kB | 51 kB | 33/88 kB | 160/178 kBProgress (4): 82/332 kB | 51 kB | 33/88 kB | 164/178 kBProgress (4): 82/332 kB | 51 kB | 33/88 kB | 168/178 kBProgress (4): 82/332 kB | 51 kB | 33/88 kB | 172/178 kBProgress (4): 82/332 kB | 51 kB | 33/88 kB | 176/178 kBProgress (4): 82/332 kB | 51 kB | 33/88 kB | 178 kB    Progress (4): 86/332 kB | 51 kB | 33/88 kB | 178 kBProgress (4): 90/332 kB | 51 kB | 33/88 kB | 178 kBProgress (4): 94/332 kB | 51 kB | 33/88 kB | 178 kBProgress (4): 98/332 kB | 51 kB | 33/88 kB | 178 kBProgress (5): 98/332 kB | 51 kB | 33/88 kB | 178 kB | 4.1/22 kBProgress (5): 98/332 kB | 51 kB | 33/88 kB | 178 kB | 8.2/22 kBProgress (5): 98/332 kB | 51 kB | 33/88 kB | 178 kB | 12/22 kB Progress (5): 98/332 kB | 51 kB | 33/88 kB | 178 kB | 16/22 kBProgress (5): 98/332 kB | 51 kB | 33/88 kB | 178 kB | 20/22 kBProgress (5): 98/332 kB | 51 kB | 33/88 kB | 178 kB | 22 kB                                                              Downloaded: https://repo.maven.apache.org/maven2/org/codehaus/plexus/plexus-interpolation/1.11/plexus-interpolation-1.11.jar (51 kB at 11 kB/s)
Downloading: https://repo.maven.apache.org/maven2/org/slf4j/slf4j-jdk14/1.5.6/slf4j-jdk14-1.5.6.jar
Downloaded: https://repo.maven.apache.org/maven2/org/apache/maven/maven-core/2.2.1/maven-core-2.2.1.jar (178 kB at 38 kB/s)
Downloading: https://repo.maven.apache.org/maven2/org/slf4j/slf4j-api/1.5.6/slf4j-api-1.5.6.jar
Progress (3): 98/332 kB | 37/88 kB | 22 kBProgress (3): 98/332 kB | 41/88 kB | 22 kBProgress (3): 98/332 kB | 45/88 kB | 22 kBProgress (3): 98/332 kB | 49/88 kB | 22 kBProgress (3): 98/332 kB | 53/88 kB | 22 kBProgress (3): 98/332 kB | 57/88 kB | 22 kBProgress (3): 98/332 kB | 61/88 kB | 22 kBProgress (3): 98/332 kB | 66/88 kB | 22 kBProgress (3): 98/332 kB | 70/88 kB | 22 kBProgress (3): 98/332 kB | 74/88 kB | 22 kBProgress (3): 98/332 kB | 78/88 kB | 22 kBProgress (3): 98/332 kB | 82/88 kB | 22 kBProgress (3): 98/332 kB | 86/88 kB | 22 kBProgress (3): 98/332 kB | 88 kB | 22 kB   Progress (3): 102/332 kB | 88 kB | 22 kBProgress (3): 106/332 kB | 88 kB | 22 kBProgress (3): 111/332 kB | 88 kB | 22 kBProgress (3): 115/332 kB | 88 kB | 22 kBProgress (3): 119/332 kB | 88 kB | 22 kBProgress (3): 123/332 kB | 88 kB | 22 kBProgress (3): 127/332 kB | 88 kB | 22 kBProgress (3): 131/332 kB | 88 kB | 22 kBProgress (3): 135/332 kB | 88 kB | 22 kBProgress (3): 139/332 kB | 88 kB | 22 kBProgress (3): 143/332 kB | 88 kB | 22 kBProgress (3): 147/332 kB | 88 kB | 22 kB                                        Downloaded: https://repo.maven.apache.org/maven2/org/apache/maven/maven-plugin-parameter-documenter/2.2.1/maven-plugin-parameter-documenter-2.2.1.jar (22 kB at 4.6 kB/s)
Downloading: https://repo.maven.apache.org/maven2/org/slf4j/jcl-over-slf4j/1.5.6/jcl-over-slf4j-1.5.6.jar
Progress (2): 152/332 kB | 88 kBProgress (2): 156/332 kB | 88 kBProgress (2): 160/332 kB | 88 kBProgress (2): 164/332 kB | 88 kBProgress (3): 164/332 kB | 88 kB | 4.1/8.8 kBProgress (3): 164/332 kB | 88 kB | 8.2/8.8 kBProgress (3): 164/332 kB | 88 kB | 8.8 kB    Progress (4): 164/332 kB | 88 kB | 8.8 kB | 4.1/22 kBProgress (4): 164/332 kB | 88 kB | 8.8 kB | 8.2/22 kBProgress (4): 164/332 kB | 88 kB | 8.8 kB | 12/22 kB Progress (4): 164/332 kB | 88 kB | 8.8 kB | 16/22 kBProgress (4): 164/332 kB | 88 kB | 8.8 kB | 20/22 kBProgress (4): 164/332 kB | 88 kB | 8.8 kB | 22 kB                                                    Downloaded: https://repo.maven.apache.org/maven2/org/apache/maven/maven-model/2.2.1/maven-model-2.2.1.jar (88 kB at 18 kB/s)
Downloading: https://repo.maven.apache.org/maven2/org/apache/maven/reporting/maven-reporting-api/3.0/maven-reporting-api-3.0.jar
Progress (3): 168/332 kB | 8.8 kB | 22 kBProgress (3): 172/332 kB | 8.8 kB | 22 kBProgress (3): 176/332 kB | 8.8 kB | 22 kBProgress (3): 180/332 kB | 8.8 kB | 22 kBProgress (4): 180/332 kB | 8.8 kB | 22 kB | 4.1/17 kBProgress (4): 180/332 kB | 8.8 kB | 22 kB | 8.2/17 kBProgress (4): 180/332 kB | 8.8 kB | 22 kB | 12/17 kB Progress (4): 180/332 kB | 8.8 kB | 22 kB | 16/17 kBProgress (4): 180/332 kB | 8.8 kB | 22 kB | 17 kB   Progress (4): 184/332 kB | 8.8 kB | 22 kB | 17 kBProgress (4): 188/332 kB | 8.8 kB | 22 kB | 17 kBProgress (4): 193/332 kB | 8.8 kB | 22 kB | 17 kBProgress (4): 197/332 kB | 8.8 kB | 22 kB | 17 kB                                                 Downloaded: https://repo.maven.apache.org/maven2/org/slf4j/slf4j-api/1.5.6/slf4j-api-1.5.6.jar (22 kB at 4.3 kB/s)
Downloading: https://repo.maven.apache.org/maven2/org/apache/maven/maven-repository-metadata/2.2.1/maven-repository-metadata-2.2.1.jar
Downloaded: https://repo.maven.apache.org/maven2/org/slf4j/slf4j-jdk14/1.5.6/slf4j-jdk14-1.5.6.jar (8.8 kB at 1.7 kB/s)
Downloading: https://repo.maven.apache.org/maven2/org/apache/maven/maven-error-diagnostics/2.2.1/maven-error-diagnostics-2.2.1.jar
Progress (2): 201/332 kB | 17 kBProgress (2): 205/332 kB | 17 kBProgress (2): 209/332 kB | 17 kBProgress (2): 213/332 kB | 17 kBProgress (3): 213/332 kB | 17 kB | 4.1/11 kBProgress (3): 217/332 kB | 17 kB | 4.1/11 kBProgress (3): 219/332 kB | 17 kB | 4.1/11 kBProgress (3): 219/332 kB | 17 kB | 8.2/11 kBProgress (3): 219/332 kB | 17 kB | 11 kB                                            Downloaded: https://repo.maven.apache.org/maven2/org/slf4j/jcl-over-slf4j/1.5.6/jcl-over-slf4j-1.5.6.jar (17 kB at 3.1 kB/s)
Downloading: https://repo.maven.apache.org/maven2/org/apache/maven/maven-monitor/2.2.1/maven-monitor-2.2.1.jar
Progress (2): 223/332 kB | 11 kBProgress (2): 227/332 kB | 11 kBProgress (2): 231/332 kB | 11 kBProgress (2): 235/332 kB | 11 kBProgress (3): 235/332 kB | 11 kB | 4.1/13 kBProgress (3): 235/332 kB | 11 kB | 8.2/13 kBProgress (3): 235/332 kB | 11 kB | 12/13 kB Progress (3): 235/332 kB | 11 kB | 13 kB   Progress (3): 239/332 kB | 11 kB | 13 kBProgress (3): 243/332 kB | 11 kB | 13 kBProgress (3): 247/332 kB | 11 kB | 13 kBProgress (3): 251/332 kB | 11 kB | 13 kBProgress (4): 251/332 kB | 11 kB | 13 kB | 4.1/26 kBProgress (4): 251/332 kB | 11 kB | 13 kB | 8.2/26 kBProgress (4): 251/332 kB | 11 kB | 13 kB | 12/26 kB Progress (4): 251/332 kB | 11 kB | 13 kB | 16/26 kBProgress (4): 251/332 kB | 11 kB | 13 kB | 20/26 kBProgress (4): 251/332 kB | 11 kB | 13 kB | 25/26 kBProgress (4): 251/332 kB | 11 kB | 13 kB | 26 kB                                                   Downloaded: https://repo.maven.apache.org/maven2/org/apache/maven/reporting/maven-reporting-api/3.0/maven-reporting-api-3.0.jar (11 kB at 2.0 kB/s)
Downloading: https://repo.maven.apache.org/maven2/classworlds/classworlds/1.1/classworlds-1.1.jar
Progress (3): 256/332 kB | 13 kB | 26 kBProgress (3): 260/332 kB | 13 kB | 26 kBProgress (3): 264/332 kB | 13 kB | 26 kBProgress (3): 268/332 kB | 13 kB | 26 kBProgress (4): 268/332 kB | 13 kB | 26 kB | 4.1/10 kBProgress (4): 268/332 kB | 13 kB | 26 kB | 8.2/10 kBProgress (4): 268/332 kB | 13 kB | 26 kB | 10 kB                                                    Downloaded: https://repo.maven.apache.org/maven2/org/apache/maven/maven-error-diagnostics/2.2.1/maven-error-diagnostics-2.2.1.jar (13 kB at 2.3 kB/s)
Downloading: https://repo.maven.apache.org/maven2/org/apache/maven/maven-toolchain/2.2.1/maven-toolchain-2.2.1.jar
Progress (4): 268/332 kB | 26 kB | 10 kB | 4.1/38 kBProgress (4): 268/332 kB | 26 kB | 10 kB | 8.2/38 kBProgress (4): 268/332 kB | 26 kB | 10 kB | 12/38 kB Progress (4): 268/332 kB | 26 kB | 10 kB | 16/38 kB                                                   Downloaded: https://repo.maven.apache.org/maven2/org/apache/maven/maven-repository-metadata/2.2.1/maven-repository-metadata-2.2.1.jar (26 kB at 4.4 kB/s)
Downloading: https://repo.maven.apache.org/maven2/com/thoughtworks/qdox/qdox/2.0-M8/qdox-2.0-M8.jar
Progress (3): 268/332 kB | 10 kB | 20/38 kBProgress (3): 268/332 kB | 10 kB | 25/38 kBProgress (3): 268/332 kB | 10 kB | 29/38 kBProgress (3): 268/332 kB | 10 kB | 33/38 kB                                           Downloaded: https://repo.maven.apache.org/maven2/org/apache/maven/maven-monitor/2.2.1/maven-monitor-2.2.1.jar (10 kB at 1.8 kB/s)
Progress (2): 268/332 kB | 37/38 kBProgress (2): 268/332 kB | 38 kB   Progress (2): 272/332 kB | 38 kBProgress (2): 276/332 kB | 38 kBProgress (2): 280/332 kB | 38 kBProgress (2): 284/332 kB | 38 kBProgress (2): 288/332 kB | 38 kBProgress (2): 292/332 kB | 38 kBProgress (2): 297/332 kB | 38 kBProgress (2): 301/332 kB | 38 kBProgress (2): 305/332 kB | 38 kBProgress (2): 309/332 kB | 38 kBProgress (2): 313/332 kB | 38 kBProgress (2): 317/332 kB | 38 kBProgress (2): 321/332 kB | 38 kBProgress (2): 325/332 kB | 38 kBProgress (2): 329/332 kB | 38 kBProgress (2): 332 kB | 38 kB    Progress (3): 332 kB | 38 kB | 4.1/38 kBProgress (3): 332 kB | 38 kB | 8.2/38 kBProgress (3): 332 kB | 38 kB | 12/38 kB Progress (3): 332 kB | 38 kB | 16/38 kBProgress (3): 332 kB | 38 kB | 20/38 kBProgress (3): 332 kB | 38 kB | 25/38 kBProgress (3): 332 kB | 38 kB | 29/38 kBProgress (3): 332 kB | 38 kB | 33/38 kBProgress (3): 332 kB | 38 kB | 37/38 kBProgress (3): 332 kB | 38 kB | 38 kB   Progress (4): 332 kB | 38 kB | 38 kB | 4.1/316 kBProgress (4): 332 kB | 38 kB | 38 kB | 8.2/316 kBProgress (4): 332 kB | 38 kB | 38 kB | 12/316 kB Progress (4): 332 kB | 38 kB | 38 kB | 16/316 kBProgress (4): 332 kB | 38 kB | 38 kB | 20/316 kBProgress (4): 332 kB | 38 kB | 38 kB | 25/316 kBProgress (4): 332 kB | 38 kB | 38 kB | 29/316 kBProgress (4): 332 kB | 38 kB | 38 kB | 33/316 kB                                                Downloaded: https://repo.maven.apache.org/maven2/classworlds/classworlds/1.1/classworlds-1.1.jar (38 kB at 6.1 kB/s)
Progress (3): 332 kB | 38 kB | 37/316 kBProgress (3): 332 kB | 38 kB | 41/316 kBProgress (3): 332 kB | 38 kB | 45/316 kBProgress (3): 332 kB | 38 kB | 49/316 kBProgress (3): 332 kB | 38 kB | 53/316 kBProgress (3): 332 kB | 38 kB | 57/316 kBProgress (3): 332 kB | 38 kB | 61/316 kBProgress (3): 332 kB | 38 kB | 66/316 kBProgress (3): 332 kB | 38 kB | 70/316 kBProgress (3): 332 kB | 38 kB | 74/316 kBProgress (3): 332 kB | 38 kB | 78/316 kBProgress (3): 332 kB | 38 kB | 82/316 kBProgress (3): 332 kB | 38 kB | 86/316 kBProgress (3): 332 kB | 38 kB | 90/316 kBProgress (3): 332 kB | 38 kB | 94/316 kBProgress (3): 332 kB | 38 kB | 98/316 kBProgress (3): 332 kB | 38 kB | 102/316 kBProgress (3): 332 kB | 38 kB | 106/316 kBProgress (3): 332 kB | 38 kB | 111/316 kBProgress (3): 332 kB | 38 kB | 115/316 kBProgress (3): 332 kB | 38 kB | 119/316 kBProgress (3): 332 kB | 38 kB | 123/316 kBProgress (3): 332 kB | 38 kB | 127/316 kBProgress (3): 332 kB | 38 kB | 131/316 kBProgress (3): 332 kB | 38 kB | 135/316 kBProgress (3): 332 kB | 38 kB | 139/316 kBProgress (3): 332 kB | 38 kB | 143/316 kBProgress (3): 332 kB | 38 kB | 147/316 kBProgress (3): 332 kB | 38 kB | 152/316 kBProgress (3): 332 kB | 38 kB | 156/316 kBProgress (3): 332 kB | 38 kB | 160/316 kBProgress (3): 332 kB | 38 kB | 164/316 kBProgress (3): 332 kB | 38 kB | 168/316 kBProgress (3): 332 kB | 38 kB | 172/316 kBProgress (3): 332 kB | 38 kB | 176/316 kBProgress (3): 332 kB | 38 kB | 180/316 kBProgress (3): 332 kB | 38 kB | 184/316 kBProgress (3): 332 kB | 38 kB | 188/316 kBProgress (3): 332 kB | 38 kB | 193/316 kBProgress (3): 332 kB | 38 kB | 197/316 kBProgress (3): 332 kB | 38 kB | 201/316 kBProgress (3): 332 kB | 38 kB | 205/316 kBProgress (3): 332 kB | 38 kB | 209/316 kBProgress (3): 332 kB | 38 kB | 213/316 kBProgress (3): 332 kB | 38 kB | 217/316 kBProgress (3): 332 kB | 38 kB | 219/316 kBProgress (3): 332 kB | 38 kB | 223/316 kBProgress (3): 332 kB | 38 kB | 227/316 kBProgress (3): 332 kB | 38 kB | 231/316 kBProgress (3): 332 kB | 38 kB | 235/316 kBProgress (3): 332 kB | 38 kB | 239/316 kBProgress (3): 332 kB | 38 kB | 243/316 kBProgress (3): 332 kB | 38 kB | 247/316 kBProgress (3): 332 kB | 38 kB | 251/316 kBProgress (3): 332 kB | 38 kB | 256/316 kBProgress (3): 332 kB | 38 kB | 260/316 kBProgress (3): 332 kB | 38 kB | 264/316 kBProgress (3): 332 kB | 38 kB | 268/316 kB                                         Downloaded: https://repo.maven.apache.org/maven2/org/apache/maven/maven-toolchain/2.2.1/maven-toolchain-2.2.1.jar (38 kB at 6.0 kB/s)
Downloaded: https://repo.maven.apache.org/maven2/backport-util-concurrent/backport-util-concurrent/3.1/backport-util-concurrent-3.1.jar (332 kB at 53 kB/s)
Progress (1): 272/316 kBProgress (1): 276/316 kBProgress (1): 280/316 kBProgress (1): 284/316 kBProgress (1): 288/316 kBProgress (1): 292/316 kBProgress (1): 297/316 kBProgress (1): 301/316 kBProgress (1): 305/316 kBProgress (1): 309/316 kBProgress (1): 313/316 kBProgress (1): 316 kB                        Downloaded: https://repo.maven.apache.org/maven2/com/thoughtworks/qdox/qdox/2.0-M8/qdox-2.0-M8.jar (316 kB at 48 kB/s)
Downloading: https://repo.maven.apache.org/maven2/org/apache/maven/surefire/surefire-junit-platform/2.22.2/surefire-junit-platform-2.22.2.pom
Progress (1): 4.1/7.0 kBProgress (1): 7.0 kB                        Downloaded: https://repo.maven.apache.org/maven2/org/apache/maven/surefire/surefire-junit-platform/2.22.2/surefire-junit-platform-2.22.2.pom (7.0 kB at 10 kB/s)
Downloading: https://repo.maven.apache.org/maven2/org/apache/maven/surefire/surefire-providers/2.22.2/surefire-providers-2.22.2.pom
Progress (1): 2.5 kB                    Downloaded: https://repo.maven.apache.org/maven2/org/apache/maven/surefire/surefire-providers/2.22.2/surefire-providers-2.22.2.pom (2.5 kB at 3.6 kB/s)
Downloading: https://repo.maven.apache.org/maven2/org/junit/platform/junit-platform-launcher/1.3.1/junit-platform-launcher-1.3.1.pom
Progress (1): 2.2 kB                    Downloaded: https://repo.maven.apache.org/maven2/org/junit/platform/junit-platform-launcher/1.3.1/junit-platform-launcher-1.3.1.pom (2.2 kB at 3.4 kB/s)
Downloading: https://repo.maven.apache.org/maven2/org/apiguardian/apiguardian-api/1.0.0/apiguardian-api-1.0.0.pom
Progress (1): 1.2 kB                    Downloaded: https://repo.maven.apache.org/maven2/org/apiguardian/apiguardian-api/1.0.0/apiguardian-api-1.0.0.pom (1.2 kB at 1.8 kB/s)
Downloading: https://repo.maven.apache.org/maven2/org/junit/platform/junit-platform-engine/1.3.1/junit-platform-engine-1.3.1.pom
Progress (1): 2.4 kB                    Downloaded: https://repo.maven.apache.org/maven2/org/junit/platform/junit-platform-engine/1.3.1/junit-platform-engine-1.3.1.pom (2.4 kB at 3.8 kB/s)
Downloading: https://repo.maven.apache.org/maven2/org/junit/platform/junit-platform-commons/1.3.1/junit-platform-commons-1.3.1.pom
Progress (1): 2.0 kB                    Downloaded: https://repo.maven.apache.org/maven2/org/junit/platform/junit-platform-commons/1.3.1/junit-platform-commons-1.3.1.pom (2.0 kB at 3.1 kB/s)
Downloading: https://repo.maven.apache.org/maven2/org/opentest4j/opentest4j/1.1.1/opentest4j-1.1.1.pom
Progress (1): 1.7 kB                    Downloaded: https://repo.maven.apache.org/maven2/org/opentest4j/opentest4j/1.1.1/opentest4j-1.1.1.pom (1.7 kB at 2.6 kB/s)
Downloading: https://repo.maven.apache.org/maven2/org/apiguardian/apiguardian-api/1.0.0/apiguardian-api-1.0.0.jar
Downloading: https://repo.maven.apache.org/maven2/org/junit/platform/junit-platform-engine/1.3.1/junit-platform-engine-1.3.1.jar
Downloading: https://repo.maven.apache.org/maven2/org/junit/platform/junit-platform-commons/1.3.1/junit-platform-commons-1.3.1.jar
Downloading: https://repo.maven.apache.org/maven2/org/apache/maven/surefire/surefire-junit-platform/2.22.2/surefire-junit-platform-2.22.2.jar
Downloading: https://repo.maven.apache.org/maven2/org/junit/platform/junit-platform-launcher/1.3.1/junit-platform-launcher-1.3.1.jar
Progress (1): 4.1/95 kBProgress (1): 8.2/95 kBProgress (1): 12/95 kB Progress (1): 16/95 kBProgress (1): 20/95 kBProgress (1): 25/95 kBProgress (1): 29/95 kBProgress (1): 33/95 kBProgress (1): 37/95 kBProgress (1): 41/95 kBProgress (1): 45/95 kBProgress (2): 45/95 kB | 4.1/66 kBProgress (2): 49/95 kB | 4.1/66 kBProgress (2): 49/95 kB | 8.2/66 kBProgress (2): 49/95 kB | 12/66 kB Progress (2): 49/95 kB | 16/66 kBProgress (2): 53/95 kB | 16/66 kBProgress (2): 57/95 kB | 16/66 kBProgress (2): 61/95 kB | 16/66 kBProgress (2): 66/95 kB | 16/66 kBProgress (2): 66/95 kB | 20/66 kBProgress (2): 66/95 kB | 25/66 kBProgress (2): 66/95 kB | 29/66 kBProgress (2): 66/95 kB | 33/66 kBProgress (2): 70/95 kB | 33/66 kBProgress (2): 74/95 kB | 33/66 kBProgress (2): 78/95 kB | 33/66 kBProgress (2): 82/95 kB | 33/66 kBProgress (3): 82/95 kB | 33/66 kB | 2.2 kBProgress (3): 86/95 kB | 33/66 kB | 2.2 kBProgress (3): 86/95 kB | 37/66 kB | 2.2 kBProgress (3): 86/95 kB | 41/66 kB | 2.2 kBProgress (3): 86/95 kB | 45/66 kB | 2.2 kBProgress (3): 86/95 kB | 49/66 kB | 2.2 kBProgress (3): 90/95 kB | 49/66 kB | 2.2 kBProgress (3): 94/95 kB | 49/66 kB | 2.2 kBProgress (3): 95 kB | 49/66 kB | 2.2 kB   Progress (3): 95 kB | 53/66 kB | 2.2 kBProgress (3): 95 kB | 57/66 kB | 2.2 kBProgress (3): 95 kB | 61/66 kB | 2.2 kBProgress (3): 95 kB | 66/66 kB | 2.2 kBProgress (3): 95 kB | 66 kB | 2.2 kB   Progress (4): 95 kB | 66 kB | 2.2 kB | 4.1/135 kBProgress (4): 95 kB | 66 kB | 2.2 kB | 8.2/135 kBProgress (4): 95 kB | 66 kB | 2.2 kB | 12/135 kB Progress (4): 95 kB | 66 kB | 2.2 kB | 16/135 kBProgress (4): 95 kB | 66 kB | 2.2 kB | 20/135 kBProgress (4): 95 kB | 66 kB | 2.2 kB | 25/135 kBProgress (4): 95 kB | 66 kB | 2.2 kB | 29/135 kBProgress (4): 95 kB | 66 kB | 2.2 kB | 33/135 kBProgress (5): 95 kB | 66 kB | 2.2 kB | 33/135 kB | 4.1/78 kBProgress (5): 95 kB | 66 kB | 2.2 kB | 33/135 kB | 8.2/78 kBProgress (5): 95 kB | 66 kB | 2.2 kB | 33/135 kB | 12/78 kB Progress (5): 95 kB | 66 kB | 2.2 kB | 33/135 kB | 16/78 kBProgress (5): 95 kB | 66 kB | 2.2 kB | 33/135 kB | 20/78 kBProgress (5): 95 kB | 66 kB | 2.2 kB | 33/135 kB | 25/78 kBProgress (5): 95 kB | 66 kB | 2.2 kB | 33/135 kB | 29/78 kBProgress (5): 95 kB | 66 kB | 2.2 kB | 33/135 kB | 33/78 kB                                                           Downloaded: https://repo.maven.apache.org/maven2/org/apiguardian/apiguardian-api/1.0.0/apiguardian-api-1.0.0.jar (2.2 kB at 3.6 kB/s)
Downloading: https://repo.maven.apache.org/maven2/org/opentest4j/opentest4j/1.1.1/opentest4j-1.1.1.jar
Downloaded: https://repo.maven.apache.org/maven2/org/junit/platform/junit-platform-launcher/1.3.1/junit-platform-launcher-1.3.1.jar (95 kB at 154 kB/s)
Downloaded: https://repo.maven.apache.org/maven2/org/apache/maven/surefire/surefire-junit-platform/2.22.2/surefire-junit-platform-2.22.2.jar (66 kB at 99 kB/s)
Progress (2): 33/135 kB | 37/78 kBProgress (2): 33/135 kB | 41/78 kBProgress (2): 33/135 kB | 45/78 kBProgress (2): 33/135 kB | 49/78 kBProgress (2): 37/135 kB | 49/78 kBProgress (2): 41/135 kB | 49/78 kBProgress (2): 45/135 kB | 49/78 kBProgress (2): 49/135 kB | 49/78 kBProgress (2): 53/135 kB | 49/78 kBProgress (2): 57/135 kB | 49/78 kBProgress (2): 61/135 kB | 49/78 kBProgress (2): 66/135 kB | 49/78 kBProgress (2): 70/135 kB | 49/78 kBProgress (2): 74/135 kB | 49/78 kBProgress (2): 78/135 kB | 49/78 kBProgress (2): 82/135 kB | 49/78 kBProgress (2): 86/135 kB | 49/78 kBProgress (2): 90/135 kB | 49/78 kBProgress (2): 94/135 kB | 49/78 kBProgress (2): 98/135 kB | 49/78 kBProgress (2): 102/135 kB | 49/78 kBProgress (2): 106/135 kB | 49/78 kBProgress (2): 111/135 kB | 49/78 kBProgress (2): 115/135 kB | 49/78 kBProgress (2): 119/135 kB | 49/78 kBProgress (2): 123/135 kB | 49/78 kBProgress (2): 127/135 kB | 49/78 kBProgress (2): 131/135 kB | 49/78 kBProgress (2): 135 kB | 49/78 kB    Progress (2): 135 kB | 53/78 kBProgress (2): 135 kB | 57/78 kBProgress (2): 135 kB | 61/78 kBProgress (2): 135 kB | 66/78 kBProgress (3): 135 kB | 66/78 kB | 4.1/7.1 kBProgress (3): 135 kB | 66/78 kB | 7.1 kB    Progress (3): 135 kB | 70/78 kB | 7.1 kBProgress (3): 135 kB | 74/78 kB | 7.1 kBProgress (3): 135 kB | 78/78 kB | 7.1 kBProgress (3): 135 kB | 78 kB | 7.1 kB                                        Downloaded: https://repo.maven.apache.org/maven2/org/junit/platform/junit-platform-engine/1.3.1/junit-platform-engine-1.3.1.jar (135 kB at 136 kB/s)
Downloaded: https://repo.maven.apache.org/maven2/org/opentest4j/opentest4j/1.1.1/opentest4j-1.1.1.jar (7.1 kB at 13 kB/s)
Downloaded: https://repo.maven.apache.org/maven2/org/junit/platform/junit-platform-commons/1.3.1/junit-platform-commons-1.3.1.jar (78 kB at 64 kB/s)
[INFO] 
[INFO] -------------------------------------------------------
[INFO]  T E S T S
[INFO] -------------------------------------------------------
[INFO] Running com.example.demo.controller.test.FeedbackMgmtSystemControllerTest
Data is saved in excel file.
Data is saved in excel file.
[INFO] Tests run: 10, Failures: 0, Errors: 0, Skipped: 0, Time elapsed: 0.986 s - in com.example.demo.controller.test.FeedbackMgmtSystemControllerTest
[INFO] Running com.example.demo.FeedbackSystemApplicationTest
[INFO] Tests run: 1, Failures: 0, Errors: 0, Skipped: 0, Time elapsed: 0 s - in com.example.demo.FeedbackSystemApplicationTest
[INFO] Running com.example.demo.service.test.FeedbackMgmtSystemServiceTest
[INFO] Tests run: 8, Failures: 0, Errors: 0, Skipped: 0, Time elapsed: 0.001 s - in com.example.demo.service.test.FeedbackMgmtSystemServiceTest
[INFO] 
[INFO] Results:
[INFO] 
[INFO] Tests run: 19, Failures: 0, Errors: 0, Skipped: 0
[INFO] 
[INFO] ------------------------------------------------------------------------
[INFO] BUILD SUCCESS
[INFO] ------------------------------------------------------------------------
[INFO] Total time: 46.160 s
[INFO] Finished at: 2020-06-08T18:34:49+05:30
[INFO] Final Memory: 39M/351M
[INFO] ------------------------------------------------------------------------
Finished: SUCCESS
