Started by user [8mha:////4INu23VjzAQGz/QwOsVfDUwAMGkwIpT4vuMoLfZN2Qh6AAAAlx+LCAAAAAAAAP9b85aBtbiIQTGjNKU4P08vOT+vOD8nVc83PyU1x6OyILUoJzMv2y+/JJUBAhiZGBgqihhk0NSjKDWzXb3RdlLBUSYGJk8GtpzUvPSSDB8G5tKinBIGIZ+sxLJE/ZzEvHT94JKizLx0a6BxUmjGOUNodHsLgAzWEgZu/dLi1CL9xJTczDwAj6GcLcAAAAA=[0madmin
Running as SYSTEM
Building in workspace C:\Program Files (x86)\Jenkins\workspace\FeedbackMgmtSystem
[WS-CLEANUP] Deleting project workspace...
[WS-CLEANUP] Deferred wipeout is used...
[WS-CLEANUP] Done
No credentials specified
Cloning the remote Git repository
Cloning repository https://github.com/NivethaSKumar/ProjectRepo.git
 > git.exe init C:\Program Files (x86)\Jenkins\workspace\FeedbackMgmtSystem # timeout=10
Fetching upstream changes from https://github.com/NivethaSKumar/ProjectRepo.git
 > git.exe --version # timeout=10
 > git.exe fetch --tags --force --progress -- https://github.com/NivethaSKumar/ProjectRepo.git +refs/heads/*:refs/remotes/origin/* # timeout=10
 > git.exe config remote.origin.url https://github.com/NivethaSKumar/ProjectRepo.git # timeout=10
 > git.exe config --add remote.origin.fetch +refs/heads/*:refs/remotes/origin/* # timeout=10
 > git.exe config remote.origin.url https://github.com/NivethaSKumar/ProjectRepo.git # timeout=10
Fetching upstream changes from https://github.com/NivethaSKumar/ProjectRepo.git
 > git.exe fetch --tags --force --progress -- https://github.com/NivethaSKumar/ProjectRepo.git +refs/heads/*:refs/remotes/origin/* # timeout=10
 > git.exe rev-parse "refs/remotes/origin/master^{commit}" # timeout=10
 > git.exe rev-parse "refs/remotes/origin/origin/master^{commit}" # timeout=10
Checking out Revision 3490176b6172104c90cd3a3c34d4a8db07e90199 (refs/remotes/origin/master)
 > git.exe config core.sparsecheckout # timeout=10
 > git.exe checkout -f 3490176b6172104c90cd3a3c34d4a8db07e90199 # timeout=10
Commit message: "Add files via upload"
 > git.exe rev-list --no-walk b4ab6a24e1dde68c0af1c6a9c5f35ae05f9024ae # timeout=10
[FeedbackMgmtSystem] $ cmd.exe /C "mvn clean install && exit %%ERRORLEVEL%%"
[INFO] Scanning for projects...
[INFO] 
[INFO] ------------------------------------------------------------------------
[INFO] Building FeedbackSystem 0.0.1-SNAPSHOT
[INFO] ------------------------------------------------------------------------
[INFO] 
[8mha:////4FbkvcGRJ6QK1nw0Cf4isfuowtoQFnqKGjyQPyoJ98MyAAAAYB+LCAAAAAAAAP9b85aBtbiIQSmjNKU4P0+vJLE4u1gvPjexLDVPzxdEGvvmZ+X75ZekLlOVfvTjc8FPJgaGiiIGKaiG5Py84vycVD1nCA1SyAABjCCFBQCV27OjYAAAAA==[0m[INFO] --- maven-clean-plugin:3.1.0:clean (default-clean) @ FeedbackSystem ---
[INFO] 
[8mha:////4FbkvcGRJ6QK1nw0Cf4isfuowtoQFnqKGjyQPyoJ98MyAAAAYB+LCAAAAAAAAP9b85aBtbiIQSmjNKU4P0+vJLE4u1gvPjexLDVPzxdEGvvmZ+X75ZekLlOVfvTjc8FPJgaGiiIGKaiG5Py84vycVD1nCA1SyAABjCCFBQCV27OjYAAAAA==[0m[INFO] --- maven-resources-plugin:3.1.0:resources (default-resources) @ FeedbackSystem ---
[INFO] Using 'UTF-8' encoding to copy filtered resources.
[INFO] Copying 1 resource
[INFO] Copying 0 resource
[INFO] 
[8mha:////4FbkvcGRJ6QK1nw0Cf4isfuowtoQFnqKGjyQPyoJ98MyAAAAYB+LCAAAAAAAAP9b85aBtbiIQSmjNKU4P0+vJLE4u1gvPjexLDVPzxdEGvvmZ+X75ZekLlOVfvTjc8FPJgaGiiIGKaiG5Py84vycVD1nCA1SyAABjCCFBQCV27OjYAAAAA==[0m[INFO] --- maven-compiler-plugin:3.8.1:compile (default-compile) @ FeedbackSystem ---
[INFO] Changes detected - recompiling the module!
[INFO] Compiling 16 source files to C:\Program Files (x86)\Jenkins\workspace\FeedbackMgmtSystem\target\classes
[INFO] 
[8mha:////4FbkvcGRJ6QK1nw0Cf4isfuowtoQFnqKGjyQPyoJ98MyAAAAYB+LCAAAAAAAAP9b85aBtbiIQSmjNKU4P0+vJLE4u1gvPjexLDVPzxdEGvvmZ+X75ZekLlOVfvTjc8FPJgaGiiIGKaiG5Py84vycVD1nCA1SyAABjCCFBQCV27OjYAAAAA==[0m[INFO] --- maven-resources-plugin:3.1.0:testResources (default-testResources) @ FeedbackSystem ---
[INFO] Using 'UTF-8' encoding to copy filtered resources.
[INFO] skip non existing resourceDirectory C:\Program Files (x86)\Jenkins\workspace\FeedbackMgmtSystem\src\test\resources
[INFO] 
[8mha:////4FbkvcGRJ6QK1nw0Cf4isfuowtoQFnqKGjyQPyoJ98MyAAAAYB+LCAAAAAAAAP9b85aBtbiIQSmjNKU4P0+vJLE4u1gvPjexLDVPzxdEGvvmZ+X75ZekLlOVfvTjc8FPJgaGiiIGKaiG5Py84vycVD1nCA1SyAABjCCFBQCV27OjYAAAAA==[0m[INFO] --- maven-compiler-plugin:3.8.1:testCompile (default-testCompile) @ FeedbackSystem ---
[INFO] Changes detected - recompiling the module!
[INFO] Compiling 3 source files to C:\Program Files (x86)\Jenkins\workspace\FeedbackMgmtSystem\target\test-classes
[INFO] 
[8mha:////4FbkvcGRJ6QK1nw0Cf4isfuowtoQFnqKGjyQPyoJ98MyAAAAYB+LCAAAAAAAAP9b85aBtbiIQSmjNKU4P0+vJLE4u1gvPjexLDVPzxdEGvvmZ+X75ZekLlOVfvTjc8FPJgaGiiIGKaiG5Py84vycVD1nCA1SyAABjCCFBQCV27OjYAAAAA==[0m[INFO] --- maven-surefire-plugin:2.22.2:test (default-test) @ FeedbackSystem ---
[INFO] 
[INFO] -------------------------------------------------------
[INFO]  T E S T S
[INFO] -------------------------------------------------------
[INFO] Running com.example.demo.controller.test.FeedbackMgmtSystemControllerTest
Data is saved in excel file.
Data is saved in excel file.
[INFO] Tests run: 10, Failures: 0, Errors: 0, Skipped: 0, Time elapsed: 1.328 s - in com.example.demo.controller.test.FeedbackMgmtSystemControllerTest
[INFO] Running com.example.demo.FeedbackSystemApplicationTest
[INFO] Tests run: 1, Failures: 0, Errors: 0, Skipped: 0, Time elapsed: 0 s - in com.example.demo.FeedbackSystemApplicationTest
[INFO] Running com.example.demo.service.test.FeedbackMgmtSystemServiceTest
[INFO] Tests run: 8, Failures: 0, Errors: 0, Skipped: 0, Time elapsed: 0.001 s - in com.example.demo.service.test.FeedbackMgmtSystemServiceTest
[INFO] 
[INFO] Results:
[INFO] 
[INFO] Tests run: 19, Failures: 0, Errors: 0, Skipped: 0
[INFO] 
[INFO] 
[8mha:////4FbkvcGRJ6QK1nw0Cf4isfuowtoQFnqKGjyQPyoJ98MyAAAAYB+LCAAAAAAAAP9b85aBtbiIQSmjNKU4P0+vJLE4u1gvPjexLDVPzxdEGvvmZ+X75ZekLlOVfvTjc8FPJgaGiiIGKaiG5Py84vycVD1nCA1SyAABjCCFBQCV27OjYAAAAA==[0m[INFO] --- maven-jar-plugin:3.1.2:jar (default-jar) @ FeedbackSystem ---
[INFO] Building jar: C:\Program Files (x86)\Jenkins\workspace\FeedbackMgmtSystem\target\FeedbackSystem-0.0.1-SNAPSHOT.jar
[INFO] 
[8mha:////4FbkvcGRJ6QK1nw0Cf4isfuowtoQFnqKGjyQPyoJ98MyAAAAYB+LCAAAAAAAAP9b85aBtbiIQSmjNKU4P0+vJLE4u1gvPjexLDVPzxdEGvvmZ+X75ZekLlOVfvTjc8FPJgaGiiIGKaiG5Py84vycVD1nCA1SyAABjCCFBQCV27OjYAAAAA==[0m[INFO] --- spring-boot-maven-plugin:2.2.4.RELEASE:repackage (repackage) @ FeedbackSystem ---
[INFO] Replacing main artifact with repackaged archive
[INFO] 
[8mha:////4FbkvcGRJ6QK1nw0Cf4isfuowtoQFnqKGjyQPyoJ98MyAAAAYB+LCAAAAAAAAP9b85aBtbiIQSmjNKU4P0+vJLE4u1gvPjexLDVPzxdEGvvmZ+X75ZekLlOVfvTjc8FPJgaGiiIGKaiG5Py84vycVD1nCA1SyAABjCCFBQCV27OjYAAAAA==[0m[INFO] --- maven-install-plugin:2.5.2:install (default-install) @ FeedbackSystem ---
[INFO] Installing C:\Program Files (x86)\Jenkins\workspace\FeedbackMgmtSystem\target\FeedbackSystem-0.0.1-SNAPSHOT.jar to C:\Windows\system32\config\systemprofile\.m2\repository\com\example\FeedbackSystem\0.0.1-SNAPSHOT\FeedbackSystem-0.0.1-SNAPSHOT.jar
[INFO] Installing C:\Program Files (x86)\Jenkins\workspace\FeedbackMgmtSystem\pom.xml to C:\Windows\system32\config\systemprofile\.m2\repository\com\example\FeedbackSystem\0.0.1-SNAPSHOT\FeedbackSystem-0.0.1-SNAPSHOT.pom
[INFO] ------------------------------------------------------------------------
[INFO] BUILD SUCCESS
[INFO] ------------------------------------------------------------------------
[INFO] Total time: 29.096 s
[INFO] Finished at: 2020-06-16T18:36:33+05:30
[INFO] Final Memory: 39M/219M
[INFO] ------------------------------------------------------------------------
[FeedbackMgmtSystem] $ sh -xe C:\Windows\TEMP\jenkins3359182017571035452.sh
The system cannot find the file specified
FATAL: command execution failed
java.io.IOException: CreateProcess error=2, The system cannot find the file specified
	at java.lang.ProcessImpl.create(Native Method)
	at java.lang.ProcessImpl.<init>(Unknown Source)
	at java.lang.ProcessImpl.start(Unknown Source)
Caused: java.io.IOException: Cannot run program "sh" (in directory "C:\Program Files (x86)\Jenkins\workspace\FeedbackMgmtSystem"): CreateProcess error=2, The system cannot find the file specified
	at java.lang.ProcessBuilder.start(Unknown Source)
	at hudson.Proc$LocalProc.<init>(Proc.java:252)
	at hudson.Proc$LocalProc.<init>(Proc.java:221)
	at hudson.Launcher$LocalLauncher.launch(Launcher.java:936)
	at hudson.Launcher$ProcStarter.start(Launcher.java:454)
	at hudson.tasks.CommandInterpreter.perform(CommandInterpreter.java:109)
	at hudson.tasks.CommandInterpreter.perform(CommandInterpreter.java:66)
	at hudson.tasks.BuildStepMonitor$1.perform(BuildStepMonitor.java:20)
	at hudson.model.AbstractBuild$AbstractBuildExecution.perform(AbstractBuild.java:741)
	at hudson.model.Build$BuildExecution.build(Build.java:206)
	at hudson.model.Build$BuildExecution.doRun(Build.java:163)
	at hudson.model.AbstractBuild$AbstractBuildExecution.run(AbstractBuild.java:504)
	at hudson.model.Run.execute(Run.java:1856)
	at hudson.model.FreeStyleBuild.run(FreeStyleBuild.java:43)
	at hudson.model.ResourceController.execute(ResourceController.java:97)
	at hudson.model.Executor.run(Executor.java:428)
Build step 'Execute shell' marked build as failure
Finished: FAILURE
